ARM GAS  /tmp/ccIejdHk.s 			page 1


   1              		.cpu cortex-m4
   2              		.eabi_attribute 20, 1
   3              		.eabi_attribute 21, 1
   4              		.eabi_attribute 23, 3
   5              		.eabi_attribute 24, 1
   6              		.eabi_attribute 25, 1
   7              		.eabi_attribute 26, 1
   8              		.eabi_attribute 30, 1
   9              		.eabi_attribute 34, 1
  10              		.eabi_attribute 18, 4
  11              		.file	"btrfid.c"
  12              		.text
  13              	.Ltext0:
  14              		.cfi_sections	.debug_frame
  15              		.section	.text.get_rfid_msg,"ax",%progbits
  16              		.align	1
  17              		.global	get_rfid_msg
  18              		.arch armv7e-m
  19              		.syntax unified
  20              		.thumb
  21              		.thumb_func
  22              		.fpu softvfp
  24              	get_rfid_msg:
  25              	.LVL0:
  26              	.LFB972:
  27              		.file 1 "Core/Src/btrfid.c"
   1:Core/Src/btrfid.c ****  /**
   2:Core/Src/btrfid.c ****  * @file btrfid.c
   3:Core/Src/btrfid.c ****  * @author Elizabeth Atkinson (eatkinso@illinois.edu)
   4:Core/Src/btrfid.c ****  * @brief ID-3LA RFID UART driver
   5:Core/Src/btrfid.c ****  * @version 0.1
   6:Core/Src/btrfid.c ****  * @date 2022-04-19
   7:Core/Src/btrfid.c ****  *
   8:Core/Src/btrfid.c ****  */
   9:Core/Src/btrfid.c **** 
  10:Core/Src/btrfid.c **** #include "btrfid.h"
  11:Core/Src/btrfid.c **** #include "main.h"
  12:Core/Src/btrfid.c **** 
  13:Core/Src/btrfid.c **** int get_rfid_msg(uint8_t * rfidmsgbuf, uint8_t * rawmsgbuf2){
  28              		.loc 1 13 61 view -0
  29              		.cfi_startproc
  30              		@ args = 0, pretend = 0, frame = 0
  31              		@ frame_needed = 0, uses_anonymous_args = 0
  14:Core/Src/btrfid.c **** 	int msgindex;
  32              		.loc 1 14 2 view .LVU1
  15:Core/Src/btrfid.c **** 	typedef enum rfid_field{
  33              		.loc 1 15 2 view .LVU2
  16:Core/Src/btrfid.c **** 		before,
  17:Core/Src/btrfid.c **** 		msg,
  18:Core/Src/btrfid.c **** 		after
  19:Core/Src/btrfid.c **** 	}rfid_field_t;
  20:Core/Src/btrfid.c **** 	rfid_field_t next_field=before;
  34              		.loc 1 20 2 view .LVU3
  21:Core/Src/btrfid.c **** 	for (int i = 0; i < 50; i ++){
  35              		.loc 1 21 2 view .LVU4
  36              	.LBB2:
  37              		.loc 1 21 7 view .LVU5
ARM GAS  /tmp/ccIejdHk.s 			page 2


  38              		.loc 1 21 11 is_stmt 0 view .LVU6
  39 0000 0023     		movs	r3, #0
  40              	.LBE2:
  20:Core/Src/btrfid.c **** 	for (int i = 0; i < 50; i ++){
  41              		.loc 1 20 15 view .LVU7
  42 0002 1A46     		mov	r2, r3
  43              	.LVL1:
  44              	.LBB3:
  45              		.loc 1 21 18 is_stmt 1 view .LVU8
  46              		.loc 1 21 2 is_stmt 0 view .LVU9
  47 0004 312B     		cmp	r3, #49
  48 0006 22DC     		bgt	.L12
  49              	.LBE3:
  13:Core/Src/btrfid.c **** 	int msgindex;
  50              		.loc 1 13 61 view .LVU10
  51 0008 00B5     		push	{lr}
  52              	.LCFI0:
  53              		.cfi_def_cfa_offset 4
  54              		.cfi_offset 14, -4
  55 000a 07E0     		b	.L6
  56              	.LVL2:
  57              	.L3:
  58              	.LBB4:
  22:Core/Src/btrfid.c **** 		switch (next_field){
  23:Core/Src/btrfid.c **** 		case before:
  24:Core/Src/btrfid.c **** 			if (rawmsgbuf2[i]==0x3F){
  59              		.loc 1 24 4 is_stmt 1 view .LVU11
  60              		.loc 1 24 18 is_stmt 0 view .LVU12
  61 000c 11F803E0 		ldrb	lr, [r1, r3]	@ zero_extendqisi2
  62              		.loc 1 24 7 view .LVU13
  63 0010 BEF13F0F 		cmp	lr, #63
  64 0014 13D0     		beq	.L13
  65              	.LVL3:
  66              	.L5:
  21:Core/Src/btrfid.c **** 		switch (next_field){
  67              		.loc 1 21 26 is_stmt 1 discriminator 2 view .LVU14
  21:Core/Src/btrfid.c **** 		switch (next_field){
  68              		.loc 1 21 28 is_stmt 0 discriminator 2 view .LVU15
  69 0016 0133     		adds	r3, r3, #1
  70              	.LVL4:
  21:Core/Src/btrfid.c **** 		switch (next_field){
  71              		.loc 1 21 18 is_stmt 1 discriminator 2 view .LVU16
  21:Core/Src/btrfid.c **** 		switch (next_field){
  72              		.loc 1 21 2 is_stmt 0 discriminator 2 view .LVU17
  73 0018 312B     		cmp	r3, #49
  74 001a 15DC     		bgt	.L14
  75              	.LVL5:
  76              	.L6:
  22:Core/Src/btrfid.c **** 		switch (next_field){
  77              		.loc 1 22 3 is_stmt 1 view .LVU18
  78 001c 002A     		cmp	r2, #0
  79 001e F5D0     		beq	.L3
  80 0020 012A     		cmp	r2, #1
  81 0022 F8D1     		bne	.L5
  25:Core/Src/btrfid.c **** 				next_field=msg;
  26:Core/Src/btrfid.c **** 				msgindex=0;
  27:Core/Src/btrfid.c **** 				rfidmsgbuf[msgindex]=rawmsgbuf2[i];
ARM GAS  /tmp/ccIejdHk.s 			page 3


  28:Core/Src/btrfid.c **** 				msgindex++;
  29:Core/Src/btrfid.c **** 			}
  30:Core/Src/btrfid.c **** 			break;
  31:Core/Src/btrfid.c **** 		case msg:
  32:Core/Src/btrfid.c **** 			rfidmsgbuf[msgindex]=rawmsgbuf2[i];
  82              		.loc 1 32 4 view .LVU19
  83              		.loc 1 32 35 is_stmt 0 view .LVU20
  84 0024 11F803E0 		ldrb	lr, [r1, r3]	@ zero_extendqisi2
  85              		.loc 1 32 24 view .LVU21
  86 0028 00F80CE0 		strb	lr, [r0, ip]
  33:Core/Src/btrfid.c **** 			msgindex++;
  87              		.loc 1 33 4 is_stmt 1 view .LVU22
  88              		.loc 1 33 12 is_stmt 0 view .LVU23
  89 002c 0CF1010C 		add	ip, ip, #1
  90              	.LVL6:
  34:Core/Src/btrfid.c **** 			if (rawmsgbuf2[i]==0xF2){
  91              		.loc 1 34 4 is_stmt 1 view .LVU24
  92              		.loc 1 34 18 is_stmt 0 view .LVU25
  93 0030 11F803E0 		ldrb	lr, [r1, r3]	@ zero_extendqisi2
  94              		.loc 1 34 7 view .LVU26
  95 0034 BEF1F20F 		cmp	lr, #242
  96 0038 EDD1     		bne	.L5
  35:Core/Src/btrfid.c **** 				next_field=after;
  97              		.loc 1 35 15 view .LVU27
  98 003a 0222     		movs	r2, #2
  99 003c EBE7     		b	.L5
 100              	.L13:
  25:Core/Src/btrfid.c **** 				msgindex=0;
 101              		.loc 1 25 5 is_stmt 1 view .LVU28
 102              	.LVL7:
  26:Core/Src/btrfid.c **** 				rfidmsgbuf[msgindex]=rawmsgbuf2[i];
 103              		.loc 1 26 5 view .LVU29
  27:Core/Src/btrfid.c **** 				msgindex++;
 104              		.loc 1 27 5 view .LVU30
  27:Core/Src/btrfid.c **** 				msgindex++;
 105              		.loc 1 27 25 is_stmt 0 view .LVU31
 106 003e 80F800E0 		strb	lr, [r0]
  28:Core/Src/btrfid.c **** 			}
 107              		.loc 1 28 5 is_stmt 1 view .LVU32
 108              	.LVL8:
  25:Core/Src/btrfid.c **** 				msgindex=0;
 109              		.loc 1 25 15 is_stmt 0 view .LVU33
 110 0042 0122     		movs	r2, #1
  28:Core/Src/btrfid.c **** 			}
 111              		.loc 1 28 13 view .LVU34
 112 0044 9446     		mov	ip, r2
 113 0046 E6E7     		b	.L5
 114              	.LVL9:
 115              	.L14:
  28:Core/Src/btrfid.c **** 			}
 116              		.loc 1 28 13 view .LVU35
 117              	.LBE4:
  36:Core/Src/btrfid.c **** 			}
  37:Core/Src/btrfid.c **** 			break;
  38:Core/Src/btrfid.c **** 		case after:
  39:Core/Src/btrfid.c **** 				break;
  40:Core/Src/btrfid.c **** 		}
ARM GAS  /tmp/ccIejdHk.s 			page 4


  41:Core/Src/btrfid.c **** 	}
  42:Core/Src/btrfid.c **** 	return 0;
 118              		.loc 1 42 2 is_stmt 1 view .LVU36
  43:Core/Src/btrfid.c **** }
 119              		.loc 1 43 1 is_stmt 0 view .LVU37
 120 0048 0020     		movs	r0, #0
 121              	.LVL10:
 122              		.loc 1 43 1 view .LVU38
 123 004a 5DF804FB 		ldr	pc, [sp], #4
 124              	.LVL11:
 125              	.L12:
 126              	.LCFI1:
 127              		.cfi_def_cfa_offset 0
 128              		.cfi_restore 14
  42:Core/Src/btrfid.c **** }
 129              		.loc 1 42 2 is_stmt 1 view .LVU39
 130              		.loc 1 43 1 is_stmt 0 view .LVU40
 131 004e 0020     		movs	r0, #0
 132              	.LVL12:
 133              		.loc 1 43 1 view .LVU41
 134 0050 7047     		bx	lr
 135              		.cfi_endproc
 136              	.LFE972:
 138              		.text
 139              	.Letext0:
 140              		.file 2 "/home/eatkinso/Downloads/gcc-arm-none-eabi-10.3-2021.07/gcc-arm-none-eabi-10.3-2021.07/ar
 141              		.file 3 "/home/eatkinso/Downloads/gcc-arm-none-eabi-10.3-2021.07/gcc-arm-none-eabi-10.3-2021.07/ar
 142              		.file 4 "Drivers/STM32WLxx_HAL_Driver/Inc/stm32wlxx_ll_dma.h"
ARM GAS  /tmp/ccIejdHk.s 			page 5


DEFINED SYMBOLS
                            *ABS*:0000000000000000 btrfid.c
     /tmp/ccIejdHk.s:16     .text.get_rfid_msg:0000000000000000 $t
     /tmp/ccIejdHk.s:24     .text.get_rfid_msg:0000000000000000 get_rfid_msg

NO UNDEFINED SYMBOLS
