ARM GAS  /tmp/cc1FTp6u.s 			page 1


   1              		.cpu cortex-m4
   2              		.eabi_attribute 20, 1
   3              		.eabi_attribute 21, 1
   4              		.eabi_attribute 23, 3
   5              		.eabi_attribute 24, 1
   6              		.eabi_attribute 25, 1
   7              		.eabi_attribute 26, 1
   8              		.eabi_attribute 30, 1
   9              		.eabi_attribute 34, 1
  10              		.eabi_attribute 18, 4
  11              		.file	"LoRaMacConfirmQueue.c"
  12              		.text
  13              	.Ltext0:
  14              		.cfi_sections	.debug_frame
  15              		.section	.text.IncreaseBufferPointer,"ax",%progbits
  16              		.align	1
  17              		.arch armv7e-m
  18              		.syntax unified
  19              		.thumb
  20              		.thumb_func
  21              		.fpu softvfp
  23              	IncreaseBufferPointer:
  24              	.LVL0:
  25              	.LFB104:
  26              		.file 1 "Middlewares/Third_Party/LoRaWAN/Mac/LoRaMacConfirmQueue.c"
   1:Middlewares/Third_Party/LoRaWAN/Mac/LoRaMacConfirmQueue.c **** /*!
   2:Middlewares/Third_Party/LoRaWAN/Mac/LoRaMacConfirmQueue.c ****  * \file      LoRaMacConfirmQueue.c
   3:Middlewares/Third_Party/LoRaWAN/Mac/LoRaMacConfirmQueue.c ****  *
   4:Middlewares/Third_Party/LoRaWAN/Mac/LoRaMacConfirmQueue.c ****  * \brief     LoRa MAC confirm queue implementation
   5:Middlewares/Third_Party/LoRaWAN/Mac/LoRaMacConfirmQueue.c ****  *
   6:Middlewares/Third_Party/LoRaWAN/Mac/LoRaMacConfirmQueue.c ****  * \copyright Revised BSD License, see section \ref LICENSE.
   7:Middlewares/Third_Party/LoRaWAN/Mac/LoRaMacConfirmQueue.c ****  *
   8:Middlewares/Third_Party/LoRaWAN/Mac/LoRaMacConfirmQueue.c ****  * \code
   9:Middlewares/Third_Party/LoRaWAN/Mac/LoRaMacConfirmQueue.c ****  *                ______                              _
  10:Middlewares/Third_Party/LoRaWAN/Mac/LoRaMacConfirmQueue.c ****  *               / _____)             _              | |
  11:Middlewares/Third_Party/LoRaWAN/Mac/LoRaMacConfirmQueue.c ****  *              ( (____  _____ ____ _| |_ _____  ____| |__
  12:Middlewares/Third_Party/LoRaWAN/Mac/LoRaMacConfirmQueue.c ****  *               \____ \| ___ |    (_   _) ___ |/ ___)  _ \
  13:Middlewares/Third_Party/LoRaWAN/Mac/LoRaMacConfirmQueue.c ****  *               _____) ) ____| | | || |_| ____( (___| | | |
  14:Middlewares/Third_Party/LoRaWAN/Mac/LoRaMacConfirmQueue.c ****  *              (______/|_____)_|_|_| \__)_____)\____)_| |_|
  15:Middlewares/Third_Party/LoRaWAN/Mac/LoRaMacConfirmQueue.c ****  *              (C)2013 Semtech
  16:Middlewares/Third_Party/LoRaWAN/Mac/LoRaMacConfirmQueue.c ****  *
  17:Middlewares/Third_Party/LoRaWAN/Mac/LoRaMacConfirmQueue.c ****  *               ___ _____ _   ___ _  _____ ___  ___  ___ ___
  18:Middlewares/Third_Party/LoRaWAN/Mac/LoRaMacConfirmQueue.c ****  *              / __|_   _/_\ / __| |/ / __/ _ \| _ \/ __| __|
  19:Middlewares/Third_Party/LoRaWAN/Mac/LoRaMacConfirmQueue.c ****  *              \__ \ | |/ _ \ (__| ' <| _| (_) |   / (__| _|
  20:Middlewares/Third_Party/LoRaWAN/Mac/LoRaMacConfirmQueue.c ****  *              |___/ |_/_/ \_\___|_|\_\_| \___/|_|_\\___|___|
  21:Middlewares/Third_Party/LoRaWAN/Mac/LoRaMacConfirmQueue.c ****  *              embedded.connectivity.solutions===============
  22:Middlewares/Third_Party/LoRaWAN/Mac/LoRaMacConfirmQueue.c ****  *
  23:Middlewares/Third_Party/LoRaWAN/Mac/LoRaMacConfirmQueue.c ****  * \endcode
  24:Middlewares/Third_Party/LoRaWAN/Mac/LoRaMacConfirmQueue.c ****  *
  25:Middlewares/Third_Party/LoRaWAN/Mac/LoRaMacConfirmQueue.c ****  * \author    Miguel Luis ( Semtech )
  26:Middlewares/Third_Party/LoRaWAN/Mac/LoRaMacConfirmQueue.c ****  *
  27:Middlewares/Third_Party/LoRaWAN/Mac/LoRaMacConfirmQueue.c ****  * \author    Gregory Cristian ( Semtech )
  28:Middlewares/Third_Party/LoRaWAN/Mac/LoRaMacConfirmQueue.c ****  *
  29:Middlewares/Third_Party/LoRaWAN/Mac/LoRaMacConfirmQueue.c ****  * \author    Daniel Jaeckle ( STACKFORCE )
  30:Middlewares/Third_Party/LoRaWAN/Mac/LoRaMacConfirmQueue.c ****  */
  31:Middlewares/Third_Party/LoRaWAN/Mac/LoRaMacConfirmQueue.c **** #include <stdint.h>
  32:Middlewares/Third_Party/LoRaWAN/Mac/LoRaMacConfirmQueue.c **** #include <stdbool.h>
ARM GAS  /tmp/cc1FTp6u.s 			page 2


  33:Middlewares/Third_Party/LoRaWAN/Mac/LoRaMacConfirmQueue.c **** #include <stddef.h>
  34:Middlewares/Third_Party/LoRaWAN/Mac/LoRaMacConfirmQueue.c **** 
  35:Middlewares/Third_Party/LoRaWAN/Mac/LoRaMacConfirmQueue.c **** #include "timer.h"
  36:Middlewares/Third_Party/LoRaWAN/Mac/LoRaMacConfirmQueue.c **** #include "utilities.h"
  37:Middlewares/Third_Party/LoRaWAN/Mac/LoRaMacConfirmQueue.c **** #include "LoRaMac.h"
  38:Middlewares/Third_Party/LoRaWAN/Mac/LoRaMacConfirmQueue.c **** #include "LoRaMacConfirmQueue.h"
  39:Middlewares/Third_Party/LoRaWAN/Mac/LoRaMacConfirmQueue.c **** 
  40:Middlewares/Third_Party/LoRaWAN/Mac/LoRaMacConfirmQueue.c **** 
  41:Middlewares/Third_Party/LoRaWAN/Mac/LoRaMacConfirmQueue.c **** /*
  42:Middlewares/Third_Party/LoRaWAN/Mac/LoRaMacConfirmQueue.c ****  * LoRaMac Confirm Queue Context NVM structure
  43:Middlewares/Third_Party/LoRaWAN/Mac/LoRaMacConfirmQueue.c ****  */
  44:Middlewares/Third_Party/LoRaWAN/Mac/LoRaMacConfirmQueue.c **** typedef struct sLoRaMacConfirmQueueNvmData
  45:Middlewares/Third_Party/LoRaWAN/Mac/LoRaMacConfirmQueue.c **** {
  46:Middlewares/Third_Party/LoRaWAN/Mac/LoRaMacConfirmQueue.c ****     /*!
  47:Middlewares/Third_Party/LoRaWAN/Mac/LoRaMacConfirmQueue.c ****     * MlmeConfirm queue data structure
  48:Middlewares/Third_Party/LoRaWAN/Mac/LoRaMacConfirmQueue.c ****     */
  49:Middlewares/Third_Party/LoRaWAN/Mac/LoRaMacConfirmQueue.c ****     MlmeConfirmQueue_t MlmeConfirmQueue[LORA_MAC_MLME_CONFIRM_QUEUE_LEN];
  50:Middlewares/Third_Party/LoRaWAN/Mac/LoRaMacConfirmQueue.c ****     /*!
  51:Middlewares/Third_Party/LoRaWAN/Mac/LoRaMacConfirmQueue.c ****     * Counts the number of MlmeConfirms to process
  52:Middlewares/Third_Party/LoRaWAN/Mac/LoRaMacConfirmQueue.c ****     */
  53:Middlewares/Third_Party/LoRaWAN/Mac/LoRaMacConfirmQueue.c ****     uint8_t MlmeConfirmQueueCnt;
  54:Middlewares/Third_Party/LoRaWAN/Mac/LoRaMacConfirmQueue.c ****     /*!
  55:Middlewares/Third_Party/LoRaWAN/Mac/LoRaMacConfirmQueue.c ****     * Variable which holds a common status
  56:Middlewares/Third_Party/LoRaWAN/Mac/LoRaMacConfirmQueue.c ****     */
  57:Middlewares/Third_Party/LoRaWAN/Mac/LoRaMacConfirmQueue.c ****     LoRaMacEventInfoStatus_t CommonStatus;
  58:Middlewares/Third_Party/LoRaWAN/Mac/LoRaMacConfirmQueue.c **** } LoRaMacConfirmQueueNvmData_t;
  59:Middlewares/Third_Party/LoRaWAN/Mac/LoRaMacConfirmQueue.c **** 
  60:Middlewares/Third_Party/LoRaWAN/Mac/LoRaMacConfirmQueue.c **** /*
  61:Middlewares/Third_Party/LoRaWAN/Mac/LoRaMacConfirmQueue.c ****  * LoRaMac Confirm Queue Context structure
  62:Middlewares/Third_Party/LoRaWAN/Mac/LoRaMacConfirmQueue.c ****  */
  63:Middlewares/Third_Party/LoRaWAN/Mac/LoRaMacConfirmQueue.c **** typedef struct sLoRaMacConfirmQueueCtx
  64:Middlewares/Third_Party/LoRaWAN/Mac/LoRaMacConfirmQueue.c **** {
  65:Middlewares/Third_Party/LoRaWAN/Mac/LoRaMacConfirmQueue.c ****     /*!
  66:Middlewares/Third_Party/LoRaWAN/Mac/LoRaMacConfirmQueue.c ****     * LoRaMac callback function primitives
  67:Middlewares/Third_Party/LoRaWAN/Mac/LoRaMacConfirmQueue.c ****     */
  68:Middlewares/Third_Party/LoRaWAN/Mac/LoRaMacConfirmQueue.c ****     LoRaMacPrimitives_t* Primitives;
  69:Middlewares/Third_Party/LoRaWAN/Mac/LoRaMacConfirmQueue.c ****     /*!
  70:Middlewares/Third_Party/LoRaWAN/Mac/LoRaMacConfirmQueue.c ****     * Pointer to the first element of the ring buffer
  71:Middlewares/Third_Party/LoRaWAN/Mac/LoRaMacConfirmQueue.c ****     */
  72:Middlewares/Third_Party/LoRaWAN/Mac/LoRaMacConfirmQueue.c ****     MlmeConfirmQueue_t* BufferStart;
  73:Middlewares/Third_Party/LoRaWAN/Mac/LoRaMacConfirmQueue.c ****     /*!
  74:Middlewares/Third_Party/LoRaWAN/Mac/LoRaMacConfirmQueue.c ****     * Pointer to the last element of the ring buffer
  75:Middlewares/Third_Party/LoRaWAN/Mac/LoRaMacConfirmQueue.c ****     */
  76:Middlewares/Third_Party/LoRaWAN/Mac/LoRaMacConfirmQueue.c ****     MlmeConfirmQueue_t* BufferEnd;
  77:Middlewares/Third_Party/LoRaWAN/Mac/LoRaMacConfirmQueue.c ****     /*!
  78:Middlewares/Third_Party/LoRaWAN/Mac/LoRaMacConfirmQueue.c ****     * Non-volatile module context.
  79:Middlewares/Third_Party/LoRaWAN/Mac/LoRaMacConfirmQueue.c ****     */
  80:Middlewares/Third_Party/LoRaWAN/Mac/LoRaMacConfirmQueue.c ****     LoRaMacConfirmQueueNvmData_t Nvm;
  81:Middlewares/Third_Party/LoRaWAN/Mac/LoRaMacConfirmQueue.c **** } LoRaMacConfirmQueueCtx_t;
  82:Middlewares/Third_Party/LoRaWAN/Mac/LoRaMacConfirmQueue.c **** 
  83:Middlewares/Third_Party/LoRaWAN/Mac/LoRaMacConfirmQueue.c **** /*
  84:Middlewares/Third_Party/LoRaWAN/Mac/LoRaMacConfirmQueue.c ****  * Module context.
  85:Middlewares/Third_Party/LoRaWAN/Mac/LoRaMacConfirmQueue.c ****  */
  86:Middlewares/Third_Party/LoRaWAN/Mac/LoRaMacConfirmQueue.c **** static LoRaMacConfirmQueueCtx_t ConfirmQueueCtx;
  87:Middlewares/Third_Party/LoRaWAN/Mac/LoRaMacConfirmQueue.c **** 
  88:Middlewares/Third_Party/LoRaWAN/Mac/LoRaMacConfirmQueue.c **** static MlmeConfirmQueue_t* IncreaseBufferPointer( MlmeConfirmQueue_t* bufferPointer )
  89:Middlewares/Third_Party/LoRaWAN/Mac/LoRaMacConfirmQueue.c **** {
ARM GAS  /tmp/cc1FTp6u.s 			page 3


  27              		.loc 1 89 1 view -0
  28              		.cfi_startproc
  29              		@ args = 0, pretend = 0, frame = 0
  30              		@ frame_needed = 0, uses_anonymous_args = 0
  31              		@ link register save eliminated.
  90:Middlewares/Third_Party/LoRaWAN/Mac/LoRaMacConfirmQueue.c ****     if( bufferPointer == &ConfirmQueueCtx.Nvm.MlmeConfirmQueue[LORA_MAC_MLME_CONFIRM_QUEUE_LEN - 1]
  32              		.loc 1 90 5 view .LVU1
  33              		.loc 1 90 7 is_stmt 0 view .LVU2
  34 0000 034B     		ldr	r3, .L4
  35 0002 9842     		cmp	r0, r3
  36 0004 01D0     		beq	.L3
  91:Middlewares/Third_Party/LoRaWAN/Mac/LoRaMacConfirmQueue.c ****     {
  92:Middlewares/Third_Party/LoRaWAN/Mac/LoRaMacConfirmQueue.c ****         // Reset to the first element
  93:Middlewares/Third_Party/LoRaWAN/Mac/LoRaMacConfirmQueue.c ****         bufferPointer = ConfirmQueueCtx.Nvm.MlmeConfirmQueue;
  94:Middlewares/Third_Party/LoRaWAN/Mac/LoRaMacConfirmQueue.c ****     }
  95:Middlewares/Third_Party/LoRaWAN/Mac/LoRaMacConfirmQueue.c ****     else
  96:Middlewares/Third_Party/LoRaWAN/Mac/LoRaMacConfirmQueue.c ****     {
  97:Middlewares/Third_Party/LoRaWAN/Mac/LoRaMacConfirmQueue.c ****         // Increase
  98:Middlewares/Third_Party/LoRaWAN/Mac/LoRaMacConfirmQueue.c ****         bufferPointer++;
  37              		.loc 1 98 9 is_stmt 1 view .LVU3
  38              		.loc 1 98 22 is_stmt 0 view .LVU4
  39 0006 0430     		adds	r0, r0, #4
  40              	.LVL1:
  41              		.loc 1 98 22 view .LVU5
  42 0008 7047     		bx	lr
  43              	.L3:
  93:Middlewares/Third_Party/LoRaWAN/Mac/LoRaMacConfirmQueue.c ****     }
  44              		.loc 1 93 23 view .LVU6
  45 000a 0248     		ldr	r0, .L4+4
  46              	.LVL2:
  99:Middlewares/Third_Party/LoRaWAN/Mac/LoRaMacConfirmQueue.c ****     }
 100:Middlewares/Third_Party/LoRaWAN/Mac/LoRaMacConfirmQueue.c ****     return bufferPointer;
  47              		.loc 1 100 5 is_stmt 1 view .LVU7
 101:Middlewares/Third_Party/LoRaWAN/Mac/LoRaMacConfirmQueue.c **** }
  48              		.loc 1 101 1 is_stmt 0 view .LVU8
  49 000c 7047     		bx	lr
  50              	.L5:
  51 000e 00BF     		.align	2
  52              	.L4:
  53 0010 1C000000 		.word	.LANCHOR0+28
  54 0014 0C000000 		.word	.LANCHOR0+12
  55              		.cfi_endproc
  56              	.LFE104:
  58              		.section	.text.DecreaseBufferPointer,"ax",%progbits
  59              		.align	1
  60              		.syntax unified
  61              		.thumb
  62              		.thumb_func
  63              		.fpu softvfp
  65              	DecreaseBufferPointer:
  66              	.LVL3:
  67              	.LFB105:
 102:Middlewares/Third_Party/LoRaWAN/Mac/LoRaMacConfirmQueue.c **** 
 103:Middlewares/Third_Party/LoRaWAN/Mac/LoRaMacConfirmQueue.c **** static MlmeConfirmQueue_t* DecreaseBufferPointer( MlmeConfirmQueue_t* bufferPointer )
 104:Middlewares/Third_Party/LoRaWAN/Mac/LoRaMacConfirmQueue.c **** {
  68              		.loc 1 104 1 is_stmt 1 view -0
  69              		.cfi_startproc
ARM GAS  /tmp/cc1FTp6u.s 			page 4


  70              		@ args = 0, pretend = 0, frame = 0
  71              		@ frame_needed = 0, uses_anonymous_args = 0
  72              		@ link register save eliminated.
 105:Middlewares/Third_Party/LoRaWAN/Mac/LoRaMacConfirmQueue.c ****     if( bufferPointer == ConfirmQueueCtx.Nvm.MlmeConfirmQueue )
  73              		.loc 1 105 5 view .LVU10
  74              		.loc 1 105 7 is_stmt 0 view .LVU11
  75 0000 034B     		ldr	r3, .L9
  76 0002 9842     		cmp	r0, r3
  77 0004 01D0     		beq	.L8
 106:Middlewares/Third_Party/LoRaWAN/Mac/LoRaMacConfirmQueue.c ****     {
 107:Middlewares/Third_Party/LoRaWAN/Mac/LoRaMacConfirmQueue.c ****         // Reset to the last element
 108:Middlewares/Third_Party/LoRaWAN/Mac/LoRaMacConfirmQueue.c ****         bufferPointer = &ConfirmQueueCtx.Nvm.MlmeConfirmQueue[LORA_MAC_MLME_CONFIRM_QUEUE_LEN - 1];
 109:Middlewares/Third_Party/LoRaWAN/Mac/LoRaMacConfirmQueue.c ****     }
 110:Middlewares/Third_Party/LoRaWAN/Mac/LoRaMacConfirmQueue.c ****     else
 111:Middlewares/Third_Party/LoRaWAN/Mac/LoRaMacConfirmQueue.c ****     {
 112:Middlewares/Third_Party/LoRaWAN/Mac/LoRaMacConfirmQueue.c ****         bufferPointer--;
  78              		.loc 1 112 9 is_stmt 1 view .LVU12
  79              		.loc 1 112 22 is_stmt 0 view .LVU13
  80 0006 0438     		subs	r0, r0, #4
  81              	.LVL4:
  82              		.loc 1 112 22 view .LVU14
  83 0008 7047     		bx	lr
  84              	.L8:
 108:Middlewares/Third_Party/LoRaWAN/Mac/LoRaMacConfirmQueue.c ****     }
  85              		.loc 1 108 23 view .LVU15
  86 000a 0248     		ldr	r0, .L9+4
  87              	.LVL5:
 113:Middlewares/Third_Party/LoRaWAN/Mac/LoRaMacConfirmQueue.c ****     }
 114:Middlewares/Third_Party/LoRaWAN/Mac/LoRaMacConfirmQueue.c ****     return bufferPointer;
  88              		.loc 1 114 5 is_stmt 1 view .LVU16
 115:Middlewares/Third_Party/LoRaWAN/Mac/LoRaMacConfirmQueue.c **** }
  89              		.loc 1 115 1 is_stmt 0 view .LVU17
  90 000c 7047     		bx	lr
  91              	.L10:
  92 000e 00BF     		.align	2
  93              	.L9:
  94 0010 0C000000 		.word	.LANCHOR0+12
  95 0014 1C000000 		.word	.LANCHOR0+28
  96              		.cfi_endproc
  97              	.LFE105:
  99              		.section	.text.IsListEmpty,"ax",%progbits
 100              		.align	1
 101              		.syntax unified
 102              		.thumb
 103              		.thumb_func
 104              		.fpu softvfp
 106              	IsListEmpty:
 107              	.LVL6:
 108              	.LFB106:
 116:Middlewares/Third_Party/LoRaWAN/Mac/LoRaMacConfirmQueue.c **** 
 117:Middlewares/Third_Party/LoRaWAN/Mac/LoRaMacConfirmQueue.c **** static bool IsListEmpty( uint8_t count )
 118:Middlewares/Third_Party/LoRaWAN/Mac/LoRaMacConfirmQueue.c **** {
 109              		.loc 1 118 1 is_stmt 1 view -0
 110              		.cfi_startproc
 111              		@ args = 0, pretend = 0, frame = 0
 112              		@ frame_needed = 0, uses_anonymous_args = 0
 113              		@ link register save eliminated.
ARM GAS  /tmp/cc1FTp6u.s 			page 5


 119:Middlewares/Third_Party/LoRaWAN/Mac/LoRaMacConfirmQueue.c ****     if( count == 0 )
 114              		.loc 1 119 5 view .LVU19
 115              		.loc 1 119 7 is_stmt 0 view .LVU20
 116 0000 08B1     		cbz	r0, .L13
 120:Middlewares/Third_Party/LoRaWAN/Mac/LoRaMacConfirmQueue.c ****     {
 121:Middlewares/Third_Party/LoRaWAN/Mac/LoRaMacConfirmQueue.c ****         return true;
 122:Middlewares/Third_Party/LoRaWAN/Mac/LoRaMacConfirmQueue.c ****     }
 123:Middlewares/Third_Party/LoRaWAN/Mac/LoRaMacConfirmQueue.c ****     return false;
 117              		.loc 1 123 12 view .LVU21
 118 0002 0020     		movs	r0, #0
 119              	.LVL7:
 120              		.loc 1 123 12 view .LVU22
 121 0004 7047     		bx	lr
 122              	.LVL8:
 123              	.L13:
 121:Middlewares/Third_Party/LoRaWAN/Mac/LoRaMacConfirmQueue.c ****     }
 124              		.loc 1 121 16 view .LVU23
 125 0006 0120     		movs	r0, #1
 126              	.LVL9:
 124:Middlewares/Third_Party/LoRaWAN/Mac/LoRaMacConfirmQueue.c **** }
 127              		.loc 1 124 1 view .LVU24
 128 0008 7047     		bx	lr
 129              		.cfi_endproc
 130              	.LFE106:
 132              		.section	.text.IsListFull,"ax",%progbits
 133              		.align	1
 134              		.syntax unified
 135              		.thumb
 136              		.thumb_func
 137              		.fpu softvfp
 139              	IsListFull:
 140              	.LVL10:
 141              	.LFB107:
 125:Middlewares/Third_Party/LoRaWAN/Mac/LoRaMacConfirmQueue.c **** 
 126:Middlewares/Third_Party/LoRaWAN/Mac/LoRaMacConfirmQueue.c **** static bool IsListFull( uint8_t count )
 127:Middlewares/Third_Party/LoRaWAN/Mac/LoRaMacConfirmQueue.c **** {
 142              		.loc 1 127 1 is_stmt 1 view -0
 143              		.cfi_startproc
 144              		@ args = 0, pretend = 0, frame = 0
 145              		@ frame_needed = 0, uses_anonymous_args = 0
 146              		@ link register save eliminated.
 128:Middlewares/Third_Party/LoRaWAN/Mac/LoRaMacConfirmQueue.c ****     if( count >= LORA_MAC_MLME_CONFIRM_QUEUE_LEN )
 147              		.loc 1 128 5 view .LVU26
 148              		.loc 1 128 7 is_stmt 0 view .LVU27
 149 0000 0428     		cmp	r0, #4
 150 0002 01D8     		bhi	.L16
 129:Middlewares/Third_Party/LoRaWAN/Mac/LoRaMacConfirmQueue.c ****     {
 130:Middlewares/Third_Party/LoRaWAN/Mac/LoRaMacConfirmQueue.c ****         return true;
 131:Middlewares/Third_Party/LoRaWAN/Mac/LoRaMacConfirmQueue.c ****     }
 132:Middlewares/Third_Party/LoRaWAN/Mac/LoRaMacConfirmQueue.c ****     return false;
 151              		.loc 1 132 12 view .LVU28
 152 0004 0020     		movs	r0, #0
 153              	.LVL11:
 154              		.loc 1 132 12 view .LVU29
 155 0006 7047     		bx	lr
 156              	.LVL12:
 157              	.L16:
ARM GAS  /tmp/cc1FTp6u.s 			page 6


 130:Middlewares/Third_Party/LoRaWAN/Mac/LoRaMacConfirmQueue.c ****     }
 158              		.loc 1 130 16 view .LVU30
 159 0008 0120     		movs	r0, #1
 160              	.LVL13:
 133:Middlewares/Third_Party/LoRaWAN/Mac/LoRaMacConfirmQueue.c **** }
 161              		.loc 1 133 1 view .LVU31
 162 000a 7047     		bx	lr
 163              		.cfi_endproc
 164              	.LFE107:
 166              		.section	.text.GetElement,"ax",%progbits
 167              		.align	1
 168              		.syntax unified
 169              		.thumb
 170              		.thumb_func
 171              		.fpu softvfp
 173              	GetElement:
 174              	.LVL14:
 175              	.LFB108:
 134:Middlewares/Third_Party/LoRaWAN/Mac/LoRaMacConfirmQueue.c **** 
 135:Middlewares/Third_Party/LoRaWAN/Mac/LoRaMacConfirmQueue.c **** static MlmeConfirmQueue_t* GetElement( Mlme_t request, MlmeConfirmQueue_t* bufferStart, MlmeConfirm
 136:Middlewares/Third_Party/LoRaWAN/Mac/LoRaMacConfirmQueue.c **** {
 176              		.loc 1 136 1 is_stmt 1 view -0
 177              		.cfi_startproc
 178              		@ args = 0, pretend = 0, frame = 0
 179              		@ frame_needed = 0, uses_anonymous_args = 0
 180              		.loc 1 136 1 is_stmt 0 view .LVU33
 181 0000 F8B5     		push	{r3, r4, r5, r6, r7, lr}
 182              	.LCFI0:
 183              		.cfi_def_cfa_offset 24
 184              		.cfi_offset 3, -24
 185              		.cfi_offset 4, -20
 186              		.cfi_offset 5, -16
 187              		.cfi_offset 6, -12
 188              		.cfi_offset 7, -8
 189              		.cfi_offset 14, -4
 190 0002 0646     		mov	r6, r0
 191 0004 0C46     		mov	r4, r1
 137:Middlewares/Third_Party/LoRaWAN/Mac/LoRaMacConfirmQueue.c ****     MlmeConfirmQueue_t* element = bufferStart;
 192              		.loc 1 137 5 is_stmt 1 view .LVU34
 193              	.LVL15:
 138:Middlewares/Third_Party/LoRaWAN/Mac/LoRaMacConfirmQueue.c **** 
 139:Middlewares/Third_Party/LoRaWAN/Mac/LoRaMacConfirmQueue.c ****     if( IsListEmpty( ConfirmQueueCtx.Nvm.MlmeConfirmQueueCnt ) == true )
 194              		.loc 1 139 5 view .LVU35
 195              		.loc 1 139 9 is_stmt 0 view .LVU36
 196 0006 0D4B     		ldr	r3, .L25
 197 0008 93F82070 		ldrb	r7, [r3, #32]	@ zero_extendqisi2
 198 000c 3846     		mov	r0, r7
 199              	.LVL16:
 200              		.loc 1 139 9 view .LVU37
 201 000e FFF7FEFF 		bl	IsListEmpty
 202              	.LVL17:
 203              		.loc 1 139 7 view .LVU38
 204 0012 70B9     		cbnz	r0, .L21
 205              	.LBB2:
 140:Middlewares/Third_Party/LoRaWAN/Mac/LoRaMacConfirmQueue.c ****     {
 141:Middlewares/Third_Party/LoRaWAN/Mac/LoRaMacConfirmQueue.c ****         return NULL;
 142:Middlewares/Third_Party/LoRaWAN/Mac/LoRaMacConfirmQueue.c ****     }
ARM GAS  /tmp/cc1FTp6u.s 			page 7


 143:Middlewares/Third_Party/LoRaWAN/Mac/LoRaMacConfirmQueue.c **** 
 144:Middlewares/Third_Party/LoRaWAN/Mac/LoRaMacConfirmQueue.c ****     for( uint8_t elementCnt = 0; elementCnt < ConfirmQueueCtx.Nvm.MlmeConfirmQueueCnt; elementCnt++
 206              		.loc 1 144 18 view .LVU39
 207 0014 0025     		movs	r5, #0
 208              	.LVL18:
 209              	.L19:
 210              		.loc 1 144 34 is_stmt 1 discriminator 1 view .LVU40
 211              		.loc 1 144 5 is_stmt 0 discriminator 1 view .LVU41
 212 0016 AF42     		cmp	r7, r5
 213 0018 09D9     		bls	.L24
 145:Middlewares/Third_Party/LoRaWAN/Mac/LoRaMacConfirmQueue.c ****     {
 146:Middlewares/Third_Party/LoRaWAN/Mac/LoRaMacConfirmQueue.c ****         if( element->Request == request )
 214              		.loc 1 146 9 is_stmt 1 view .LVU42
 215              		.loc 1 146 20 is_stmt 0 view .LVU43
 216 001a 2378     		ldrb	r3, [r4]	@ zero_extendqisi2
 217              		.loc 1 146 11 view .LVU44
 218 001c B342     		cmp	r3, r6
 219 001e 0AD0     		beq	.L22
 147:Middlewares/Third_Party/LoRaWAN/Mac/LoRaMacConfirmQueue.c ****         {
 148:Middlewares/Third_Party/LoRaWAN/Mac/LoRaMacConfirmQueue.c ****             // We have found the element
 149:Middlewares/Third_Party/LoRaWAN/Mac/LoRaMacConfirmQueue.c ****             return element;
 150:Middlewares/Third_Party/LoRaWAN/Mac/LoRaMacConfirmQueue.c ****         }
 151:Middlewares/Third_Party/LoRaWAN/Mac/LoRaMacConfirmQueue.c ****         element = IncreaseBufferPointer( element );
 220              		.loc 1 151 9 is_stmt 1 discriminator 2 view .LVU45
 221              		.loc 1 151 19 is_stmt 0 discriminator 2 view .LVU46
 222 0020 2046     		mov	r0, r4
 223 0022 FFF7FEFF 		bl	IncreaseBufferPointer
 224              	.LVL19:
 225 0026 0446     		mov	r4, r0
 226              	.LVL20:
 144:Middlewares/Third_Party/LoRaWAN/Mac/LoRaMacConfirmQueue.c ****     {
 227              		.loc 1 144 88 is_stmt 1 discriminator 2 view .LVU47
 144:Middlewares/Third_Party/LoRaWAN/Mac/LoRaMacConfirmQueue.c ****     {
 228              		.loc 1 144 98 is_stmt 0 discriminator 2 view .LVU48
 229 0028 0135     		adds	r5, r5, #1
 230              	.LVL21:
 144:Middlewares/Third_Party/LoRaWAN/Mac/LoRaMacConfirmQueue.c ****     {
 231              		.loc 1 144 98 discriminator 2 view .LVU49
 232 002a EDB2     		uxtb	r5, r5
 233              	.LVL22:
 144:Middlewares/Third_Party/LoRaWAN/Mac/LoRaMacConfirmQueue.c ****     {
 234              		.loc 1 144 98 discriminator 2 view .LVU50
 235 002c F3E7     		b	.L19
 236              	.LVL23:
 237              	.L24:
 144:Middlewares/Third_Party/LoRaWAN/Mac/LoRaMacConfirmQueue.c ****     {
 238              		.loc 1 144 98 discriminator 2 view .LVU51
 239              	.LBE2:
 152:Middlewares/Third_Party/LoRaWAN/Mac/LoRaMacConfirmQueue.c ****     }
 153:Middlewares/Third_Party/LoRaWAN/Mac/LoRaMacConfirmQueue.c **** 
 154:Middlewares/Third_Party/LoRaWAN/Mac/LoRaMacConfirmQueue.c ****     return NULL;
 240              		.loc 1 154 12 view .LVU52
 241 002e 0020     		movs	r0, #0
 242              	.LVL24:
 243              	.L17:
 155:Middlewares/Third_Party/LoRaWAN/Mac/LoRaMacConfirmQueue.c **** }
 244              		.loc 1 155 1 view .LVU53
ARM GAS  /tmp/cc1FTp6u.s 			page 8


 245 0030 F8BD     		pop	{r3, r4, r5, r6, r7, pc}
 246              	.LVL25:
 247              	.L21:
 141:Middlewares/Third_Party/LoRaWAN/Mac/LoRaMacConfirmQueue.c ****     }
 248              		.loc 1 141 16 view .LVU54
 249 0032 0020     		movs	r0, #0
 250 0034 FCE7     		b	.L17
 251              	.LVL26:
 252              	.L22:
 253              	.LBB3:
 149:Middlewares/Third_Party/LoRaWAN/Mac/LoRaMacConfirmQueue.c ****         }
 254              		.loc 1 149 20 view .LVU55
 255 0036 2046     		mov	r0, r4
 256 0038 FAE7     		b	.L17
 257              	.L26:
 258 003a 00BF     		.align	2
 259              	.L25:
 260 003c 00000000 		.word	.LANCHOR0
 261              	.LBE3:
 262              		.cfi_endproc
 263              	.LFE108:
 265              		.section	.text.LoRaMacConfirmQueueInit,"ax",%progbits
 266              		.align	1
 267              		.global	LoRaMacConfirmQueueInit
 268              		.syntax unified
 269              		.thumb
 270              		.thumb_func
 271              		.fpu softvfp
 273              	LoRaMacConfirmQueueInit:
 274              	.LVL27:
 275              	.LFB109:
 156:Middlewares/Third_Party/LoRaWAN/Mac/LoRaMacConfirmQueue.c **** 
 157:Middlewares/Third_Party/LoRaWAN/Mac/LoRaMacConfirmQueue.c **** void LoRaMacConfirmQueueInit( LoRaMacPrimitives_t* primitives )
 158:Middlewares/Third_Party/LoRaWAN/Mac/LoRaMacConfirmQueue.c **** {
 276              		.loc 1 158 1 is_stmt 1 view -0
 277              		.cfi_startproc
 278              		@ args = 0, pretend = 0, frame = 0
 279              		@ frame_needed = 0, uses_anonymous_args = 0
 280              		.loc 1 158 1 is_stmt 0 view .LVU57
 281 0000 10B5     		push	{r4, lr}
 282              	.LCFI1:
 283              		.cfi_def_cfa_offset 8
 284              		.cfi_offset 4, -8
 285              		.cfi_offset 14, -4
 159:Middlewares/Third_Party/LoRaWAN/Mac/LoRaMacConfirmQueue.c ****     ConfirmQueueCtx.Primitives = primitives;
 286              		.loc 1 159 5 is_stmt 1 view .LVU58
 287              		.loc 1 159 32 is_stmt 0 view .LVU59
 288 0002 084C     		ldr	r4, .L29
 289 0004 2060     		str	r0, [r4]
 160:Middlewares/Third_Party/LoRaWAN/Mac/LoRaMacConfirmQueue.c **** 
 161:Middlewares/Third_Party/LoRaWAN/Mac/LoRaMacConfirmQueue.c ****     // Init counter
 162:Middlewares/Third_Party/LoRaWAN/Mac/LoRaMacConfirmQueue.c ****     ConfirmQueueCtx.Nvm.MlmeConfirmQueueCnt = 0;
 290              		.loc 1 162 5 is_stmt 1 view .LVU60
 291              		.loc 1 162 45 is_stmt 0 view .LVU61
 292 0006 0023     		movs	r3, #0
 293 0008 84F82030 		strb	r3, [r4, #32]
 163:Middlewares/Third_Party/LoRaWAN/Mac/LoRaMacConfirmQueue.c **** 
ARM GAS  /tmp/cc1FTp6u.s 			page 9


 164:Middlewares/Third_Party/LoRaWAN/Mac/LoRaMacConfirmQueue.c ****     // Init buffer
 165:Middlewares/Third_Party/LoRaWAN/Mac/LoRaMacConfirmQueue.c ****     ConfirmQueueCtx.BufferStart = ConfirmQueueCtx.Nvm.MlmeConfirmQueue;
 294              		.loc 1 165 5 is_stmt 1 view .LVU62
 295              		.loc 1 165 33 is_stmt 0 view .LVU63
 296 000c 04F10C00 		add	r0, r4, #12
 297              	.LVL28:
 298              		.loc 1 165 33 view .LVU64
 299 0010 6060     		str	r0, [r4, #4]
 166:Middlewares/Third_Party/LoRaWAN/Mac/LoRaMacConfirmQueue.c ****     ConfirmQueueCtx.BufferEnd = ConfirmQueueCtx.Nvm.MlmeConfirmQueue;
 300              		.loc 1 166 5 is_stmt 1 view .LVU65
 301              		.loc 1 166 31 is_stmt 0 view .LVU66
 302 0012 A060     		str	r0, [r4, #8]
 167:Middlewares/Third_Party/LoRaWAN/Mac/LoRaMacConfirmQueue.c **** 
 168:Middlewares/Third_Party/LoRaWAN/Mac/LoRaMacConfirmQueue.c ****     memset1( ( uint8_t* )ConfirmQueueCtx.Nvm.MlmeConfirmQueue, 0xFF, sizeof( ConfirmQueueCtx.Nvm.Ml
 303              		.loc 1 168 5 is_stmt 1 view .LVU67
 304 0014 1422     		movs	r2, #20
 305 0016 FF21     		movs	r1, #255
 306 0018 FFF7FEFF 		bl	memset1
 307              	.LVL29:
 169:Middlewares/Third_Party/LoRaWAN/Mac/LoRaMacConfirmQueue.c **** 
 170:Middlewares/Third_Party/LoRaWAN/Mac/LoRaMacConfirmQueue.c ****     // Common status
 171:Middlewares/Third_Party/LoRaWAN/Mac/LoRaMacConfirmQueue.c ****     ConfirmQueueCtx.Nvm.CommonStatus = LORAMAC_EVENT_INFO_STATUS_ERROR;
 308              		.loc 1 171 5 view .LVU68
 309              		.loc 1 171 38 is_stmt 0 view .LVU69
 310 001c 0123     		movs	r3, #1
 311 001e 84F82130 		strb	r3, [r4, #33]
 172:Middlewares/Third_Party/LoRaWAN/Mac/LoRaMacConfirmQueue.c **** }
 312              		.loc 1 172 1 view .LVU70
 313 0022 10BD     		pop	{r4, pc}
 314              	.L30:
 315              		.align	2
 316              	.L29:
 317 0024 00000000 		.word	.LANCHOR0
 318              		.cfi_endproc
 319              	.LFE109:
 321              		.section	.text.LoRaMacConfirmQueueAdd,"ax",%progbits
 322              		.align	1
 323              		.global	LoRaMacConfirmQueueAdd
 324              		.syntax unified
 325              		.thumb
 326              		.thumb_func
 327              		.fpu softvfp
 329              	LoRaMacConfirmQueueAdd:
 330              	.LVL30:
 331              	.LFB110:
 173:Middlewares/Third_Party/LoRaWAN/Mac/LoRaMacConfirmQueue.c **** 
 174:Middlewares/Third_Party/LoRaWAN/Mac/LoRaMacConfirmQueue.c **** bool LoRaMacConfirmQueueAdd( MlmeConfirmQueue_t* mlmeConfirm )
 175:Middlewares/Third_Party/LoRaWAN/Mac/LoRaMacConfirmQueue.c **** {
 332              		.loc 1 175 1 is_stmt 1 view -0
 333              		.cfi_startproc
 334              		@ args = 0, pretend = 0, frame = 0
 335              		@ frame_needed = 0, uses_anonymous_args = 0
 336              		.loc 1 175 1 is_stmt 0 view .LVU72
 337 0000 38B5     		push	{r3, r4, r5, lr}
 338              	.LCFI2:
 339              		.cfi_def_cfa_offset 16
 340              		.cfi_offset 3, -16
ARM GAS  /tmp/cc1FTp6u.s 			page 10


 341              		.cfi_offset 4, -12
 342              		.cfi_offset 5, -8
 343              		.cfi_offset 14, -4
 344 0002 0546     		mov	r5, r0
 176:Middlewares/Third_Party/LoRaWAN/Mac/LoRaMacConfirmQueue.c ****     if( IsListFull( ConfirmQueueCtx.Nvm.MlmeConfirmQueueCnt ) == true )
 345              		.loc 1 176 5 is_stmt 1 view .LVU73
 346              		.loc 1 176 9 is_stmt 0 view .LVU74
 347 0004 0F4B     		ldr	r3, .L35
 348 0006 93F82000 		ldrb	r0, [r3, #32]	@ zero_extendqisi2
 349              	.LVL31:
 350              		.loc 1 176 9 view .LVU75
 351 000a FFF7FEFF 		bl	IsListFull
 352              	.LVL32:
 353              		.loc 1 176 7 view .LVU76
 354 000e B8B9     		cbnz	r0, .L33
 177:Middlewares/Third_Party/LoRaWAN/Mac/LoRaMacConfirmQueue.c ****     {
 178:Middlewares/Third_Party/LoRaWAN/Mac/LoRaMacConfirmQueue.c ****         // Protect the buffer against overwrites
 179:Middlewares/Third_Party/LoRaWAN/Mac/LoRaMacConfirmQueue.c ****         return false;
 180:Middlewares/Third_Party/LoRaWAN/Mac/LoRaMacConfirmQueue.c ****     }
 181:Middlewares/Third_Party/LoRaWAN/Mac/LoRaMacConfirmQueue.c **** 
 182:Middlewares/Third_Party/LoRaWAN/Mac/LoRaMacConfirmQueue.c ****     // Add the element to the ring buffer
 183:Middlewares/Third_Party/LoRaWAN/Mac/LoRaMacConfirmQueue.c ****     ConfirmQueueCtx.BufferEnd->Request = mlmeConfirm->Request;
 355              		.loc 1 183 5 is_stmt 1 view .LVU77
 356              		.loc 1 183 20 is_stmt 0 view .LVU78
 357 0010 0C4C     		ldr	r4, .L35
 358 0012 A368     		ldr	r3, [r4, #8]
 359              		.loc 1 183 53 view .LVU79
 360 0014 2A78     		ldrb	r2, [r5]	@ zero_extendqisi2
 361              		.loc 1 183 40 view .LVU80
 362 0016 1A70     		strb	r2, [r3]
 184:Middlewares/Third_Party/LoRaWAN/Mac/LoRaMacConfirmQueue.c ****     ConfirmQueueCtx.BufferEnd->Status = mlmeConfirm->Status;
 363              		.loc 1 184 5 is_stmt 1 view .LVU81
 364              		.loc 1 184 20 is_stmt 0 view .LVU82
 365 0018 A368     		ldr	r3, [r4, #8]
 366              		.loc 1 184 52 view .LVU83
 367 001a 6A78     		ldrb	r2, [r5, #1]	@ zero_extendqisi2
 368              		.loc 1 184 39 view .LVU84
 369 001c 5A70     		strb	r2, [r3, #1]
 185:Middlewares/Third_Party/LoRaWAN/Mac/LoRaMacConfirmQueue.c ****     ConfirmQueueCtx.BufferEnd->RestrictCommonReadyToHandle = mlmeConfirm->RestrictCommonReadyToHand
 370              		.loc 1 185 5 is_stmt 1 view .LVU85
 371              		.loc 1 185 20 is_stmt 0 view .LVU86
 372 001e A368     		ldr	r3, [r4, #8]
 373              		.loc 1 185 73 view .LVU87
 374 0020 EA78     		ldrb	r2, [r5, #3]	@ zero_extendqisi2
 375              		.loc 1 185 60 view .LVU88
 376 0022 DA70     		strb	r2, [r3, #3]
 186:Middlewares/Third_Party/LoRaWAN/Mac/LoRaMacConfirmQueue.c ****     ConfirmQueueCtx.BufferEnd->ReadyToHandle = false;
 377              		.loc 1 186 5 is_stmt 1 view .LVU89
 378              		.loc 1 186 20 is_stmt 0 view .LVU90
 379 0024 A368     		ldr	r3, [r4, #8]
 380              		.loc 1 186 46 view .LVU91
 381 0026 0022     		movs	r2, #0
 382 0028 9A70     		strb	r2, [r3, #2]
 187:Middlewares/Third_Party/LoRaWAN/Mac/LoRaMacConfirmQueue.c ****     // Increase counter
 188:Middlewares/Third_Party/LoRaWAN/Mac/LoRaMacConfirmQueue.c ****     ConfirmQueueCtx.Nvm.MlmeConfirmQueueCnt++;
 383              		.loc 1 188 5 is_stmt 1 view .LVU92
 384              		.loc 1 188 24 is_stmt 0 view .LVU93
ARM GAS  /tmp/cc1FTp6u.s 			page 11


 385 002a 94F82030 		ldrb	r3, [r4, #32]	@ zero_extendqisi2
 386              		.loc 1 188 44 view .LVU94
 387 002e 0133     		adds	r3, r3, #1
 388 0030 84F82030 		strb	r3, [r4, #32]
 189:Middlewares/Third_Party/LoRaWAN/Mac/LoRaMacConfirmQueue.c ****     // Update end pointer
 190:Middlewares/Third_Party/LoRaWAN/Mac/LoRaMacConfirmQueue.c ****     ConfirmQueueCtx.BufferEnd = IncreaseBufferPointer( ConfirmQueueCtx.BufferEnd );
 389              		.loc 1 190 5 is_stmt 1 view .LVU95
 390              		.loc 1 190 33 is_stmt 0 view .LVU96
 391 0034 A068     		ldr	r0, [r4, #8]
 392 0036 FFF7FEFF 		bl	IncreaseBufferPointer
 393              	.LVL33:
 394              		.loc 1 190 31 view .LVU97
 395 003a A060     		str	r0, [r4, #8]
 191:Middlewares/Third_Party/LoRaWAN/Mac/LoRaMacConfirmQueue.c **** 
 192:Middlewares/Third_Party/LoRaWAN/Mac/LoRaMacConfirmQueue.c ****     return true;
 396              		.loc 1 192 5 is_stmt 1 view .LVU98
 397              		.loc 1 192 12 is_stmt 0 view .LVU99
 398 003c 0120     		movs	r0, #1
 399              	.L32:
 193:Middlewares/Third_Party/LoRaWAN/Mac/LoRaMacConfirmQueue.c **** }
 400              		.loc 1 193 1 view .LVU100
 401 003e 38BD     		pop	{r3, r4, r5, pc}
 402              	.LVL34:
 403              	.L33:
 179:Middlewares/Third_Party/LoRaWAN/Mac/LoRaMacConfirmQueue.c ****     }
 404              		.loc 1 179 16 view .LVU101
 405 0040 0020     		movs	r0, #0
 406 0042 FCE7     		b	.L32
 407              	.L36:
 408              		.align	2
 409              	.L35:
 410 0044 00000000 		.word	.LANCHOR0
 411              		.cfi_endproc
 412              	.LFE110:
 414              		.section	.text.LoRaMacConfirmQueueRemoveLast,"ax",%progbits
 415              		.align	1
 416              		.global	LoRaMacConfirmQueueRemoveLast
 417              		.syntax unified
 418              		.thumb
 419              		.thumb_func
 420              		.fpu softvfp
 422              	LoRaMacConfirmQueueRemoveLast:
 423              	.LFB111:
 194:Middlewares/Third_Party/LoRaWAN/Mac/LoRaMacConfirmQueue.c **** 
 195:Middlewares/Third_Party/LoRaWAN/Mac/LoRaMacConfirmQueue.c **** bool LoRaMacConfirmQueueRemoveLast( void )
 196:Middlewares/Third_Party/LoRaWAN/Mac/LoRaMacConfirmQueue.c **** {
 424              		.loc 1 196 1 is_stmt 1 view -0
 425              		.cfi_startproc
 426              		@ args = 0, pretend = 0, frame = 0
 427              		@ frame_needed = 0, uses_anonymous_args = 0
 428 0000 38B5     		push	{r3, r4, r5, lr}
 429              	.LCFI3:
 430              		.cfi_def_cfa_offset 16
 431              		.cfi_offset 3, -16
 432              		.cfi_offset 4, -12
 433              		.cfi_offset 5, -8
 434              		.cfi_offset 14, -4
ARM GAS  /tmp/cc1FTp6u.s 			page 12


 197:Middlewares/Third_Party/LoRaWAN/Mac/LoRaMacConfirmQueue.c ****     if( IsListEmpty( ConfirmQueueCtx.Nvm.MlmeConfirmQueueCnt ) == true )
 435              		.loc 1 197 5 view .LVU103
 436              		.loc 1 197 9 is_stmt 0 view .LVU104
 437 0002 094B     		ldr	r3, .L41
 438 0004 93F82040 		ldrb	r4, [r3, #32]	@ zero_extendqisi2
 439 0008 2046     		mov	r0, r4
 440 000a FFF7FEFF 		bl	IsListEmpty
 441              	.LVL35:
 442              		.loc 1 197 7 view .LVU105
 443 000e 48B9     		cbnz	r0, .L39
 198:Middlewares/Third_Party/LoRaWAN/Mac/LoRaMacConfirmQueue.c ****     {
 199:Middlewares/Third_Party/LoRaWAN/Mac/LoRaMacConfirmQueue.c ****         return false;
 200:Middlewares/Third_Party/LoRaWAN/Mac/LoRaMacConfirmQueue.c ****     }
 201:Middlewares/Third_Party/LoRaWAN/Mac/LoRaMacConfirmQueue.c **** 
 202:Middlewares/Third_Party/LoRaWAN/Mac/LoRaMacConfirmQueue.c ****     // Increase counter
 203:Middlewares/Third_Party/LoRaWAN/Mac/LoRaMacConfirmQueue.c ****     ConfirmQueueCtx.Nvm.MlmeConfirmQueueCnt--;
 444              		.loc 1 203 5 is_stmt 1 view .LVU106
 445              		.loc 1 203 44 is_stmt 0 view .LVU107
 446 0010 054D     		ldr	r5, .L41
 447 0012 013C     		subs	r4, r4, #1
 448 0014 85F82040 		strb	r4, [r5, #32]
 204:Middlewares/Third_Party/LoRaWAN/Mac/LoRaMacConfirmQueue.c ****     // Update start pointer
 205:Middlewares/Third_Party/LoRaWAN/Mac/LoRaMacConfirmQueue.c ****     ConfirmQueueCtx.BufferEnd = DecreaseBufferPointer( ConfirmQueueCtx.BufferEnd );
 449              		.loc 1 205 5 is_stmt 1 view .LVU108
 450              		.loc 1 205 33 is_stmt 0 view .LVU109
 451 0018 A868     		ldr	r0, [r5, #8]
 452 001a FFF7FEFF 		bl	DecreaseBufferPointer
 453              	.LVL36:
 454              		.loc 1 205 31 view .LVU110
 455 001e A860     		str	r0, [r5, #8]
 206:Middlewares/Third_Party/LoRaWAN/Mac/LoRaMacConfirmQueue.c **** 
 207:Middlewares/Third_Party/LoRaWAN/Mac/LoRaMacConfirmQueue.c ****     return true;
 456              		.loc 1 207 5 is_stmt 1 view .LVU111
 457              		.loc 1 207 12 is_stmt 0 view .LVU112
 458 0020 0120     		movs	r0, #1
 459              	.L38:
 208:Middlewares/Third_Party/LoRaWAN/Mac/LoRaMacConfirmQueue.c **** }
 460              		.loc 1 208 1 view .LVU113
 461 0022 38BD     		pop	{r3, r4, r5, pc}
 462              	.L39:
 199:Middlewares/Third_Party/LoRaWAN/Mac/LoRaMacConfirmQueue.c ****     }
 463              		.loc 1 199 16 view .LVU114
 464 0024 0020     		movs	r0, #0
 465 0026 FCE7     		b	.L38
 466              	.L42:
 467              		.align	2
 468              	.L41:
 469 0028 00000000 		.word	.LANCHOR0
 470              		.cfi_endproc
 471              	.LFE111:
 473              		.section	.text.LoRaMacConfirmQueueRemoveFirst,"ax",%progbits
 474              		.align	1
 475              		.global	LoRaMacConfirmQueueRemoveFirst
 476              		.syntax unified
 477              		.thumb
 478              		.thumb_func
 479              		.fpu softvfp
ARM GAS  /tmp/cc1FTp6u.s 			page 13


 481              	LoRaMacConfirmQueueRemoveFirst:
 482              	.LFB112:
 209:Middlewares/Third_Party/LoRaWAN/Mac/LoRaMacConfirmQueue.c **** 
 210:Middlewares/Third_Party/LoRaWAN/Mac/LoRaMacConfirmQueue.c **** bool LoRaMacConfirmQueueRemoveFirst( void )
 211:Middlewares/Third_Party/LoRaWAN/Mac/LoRaMacConfirmQueue.c **** {
 483              		.loc 1 211 1 is_stmt 1 view -0
 484              		.cfi_startproc
 485              		@ args = 0, pretend = 0, frame = 0
 486              		@ frame_needed = 0, uses_anonymous_args = 0
 487 0000 38B5     		push	{r3, r4, r5, lr}
 488              	.LCFI4:
 489              		.cfi_def_cfa_offset 16
 490              		.cfi_offset 3, -16
 491              		.cfi_offset 4, -12
 492              		.cfi_offset 5, -8
 493              		.cfi_offset 14, -4
 212:Middlewares/Third_Party/LoRaWAN/Mac/LoRaMacConfirmQueue.c ****     if( IsListEmpty( ConfirmQueueCtx.Nvm.MlmeConfirmQueueCnt ) == true )
 494              		.loc 1 212 5 view .LVU116
 495              		.loc 1 212 9 is_stmt 0 view .LVU117
 496 0002 094B     		ldr	r3, .L47
 497 0004 93F82040 		ldrb	r4, [r3, #32]	@ zero_extendqisi2
 498 0008 2046     		mov	r0, r4
 499 000a FFF7FEFF 		bl	IsListEmpty
 500              	.LVL37:
 501              		.loc 1 212 7 view .LVU118
 502 000e 48B9     		cbnz	r0, .L45
 213:Middlewares/Third_Party/LoRaWAN/Mac/LoRaMacConfirmQueue.c ****     {
 214:Middlewares/Third_Party/LoRaWAN/Mac/LoRaMacConfirmQueue.c ****         return false;
 215:Middlewares/Third_Party/LoRaWAN/Mac/LoRaMacConfirmQueue.c ****     }
 216:Middlewares/Third_Party/LoRaWAN/Mac/LoRaMacConfirmQueue.c **** 
 217:Middlewares/Third_Party/LoRaWAN/Mac/LoRaMacConfirmQueue.c ****     // Increase counter
 218:Middlewares/Third_Party/LoRaWAN/Mac/LoRaMacConfirmQueue.c ****     ConfirmQueueCtx.Nvm.MlmeConfirmQueueCnt--;
 503              		.loc 1 218 5 is_stmt 1 view .LVU119
 504              		.loc 1 218 44 is_stmt 0 view .LVU120
 505 0010 054D     		ldr	r5, .L47
 506 0012 013C     		subs	r4, r4, #1
 507 0014 85F82040 		strb	r4, [r5, #32]
 219:Middlewares/Third_Party/LoRaWAN/Mac/LoRaMacConfirmQueue.c ****     // Update start pointer
 220:Middlewares/Third_Party/LoRaWAN/Mac/LoRaMacConfirmQueue.c ****     ConfirmQueueCtx.BufferStart = IncreaseBufferPointer( ConfirmQueueCtx.BufferStart );
 508              		.loc 1 220 5 is_stmt 1 view .LVU121
 509              		.loc 1 220 35 is_stmt 0 view .LVU122
 510 0018 6868     		ldr	r0, [r5, #4]
 511 001a FFF7FEFF 		bl	IncreaseBufferPointer
 512              	.LVL38:
 513              		.loc 1 220 33 view .LVU123
 514 001e 6860     		str	r0, [r5, #4]
 221:Middlewares/Third_Party/LoRaWAN/Mac/LoRaMacConfirmQueue.c **** 
 222:Middlewares/Third_Party/LoRaWAN/Mac/LoRaMacConfirmQueue.c ****     return true;
 515              		.loc 1 222 5 is_stmt 1 view .LVU124
 516              		.loc 1 222 12 is_stmt 0 view .LVU125
 517 0020 0120     		movs	r0, #1
 518              	.L44:
 223:Middlewares/Third_Party/LoRaWAN/Mac/LoRaMacConfirmQueue.c **** }
 519              		.loc 1 223 1 view .LVU126
 520 0022 38BD     		pop	{r3, r4, r5, pc}
 521              	.L45:
 214:Middlewares/Third_Party/LoRaWAN/Mac/LoRaMacConfirmQueue.c ****     }
ARM GAS  /tmp/cc1FTp6u.s 			page 14


 522              		.loc 1 214 16 view .LVU127
 523 0024 0020     		movs	r0, #0
 524 0026 FCE7     		b	.L44
 525              	.L48:
 526              		.align	2
 527              	.L47:
 528 0028 00000000 		.word	.LANCHOR0
 529              		.cfi_endproc
 530              	.LFE112:
 532              		.section	.text.LoRaMacConfirmQueueSetStatus,"ax",%progbits
 533              		.align	1
 534              		.global	LoRaMacConfirmQueueSetStatus
 535              		.syntax unified
 536              		.thumb
 537              		.thumb_func
 538              		.fpu softvfp
 540              	LoRaMacConfirmQueueSetStatus:
 541              	.LVL39:
 542              	.LFB113:
 224:Middlewares/Third_Party/LoRaWAN/Mac/LoRaMacConfirmQueue.c **** 
 225:Middlewares/Third_Party/LoRaWAN/Mac/LoRaMacConfirmQueue.c **** void LoRaMacConfirmQueueSetStatus( LoRaMacEventInfoStatus_t status, Mlme_t request )
 226:Middlewares/Third_Party/LoRaWAN/Mac/LoRaMacConfirmQueue.c **** {
 543              		.loc 1 226 1 is_stmt 1 view -0
 544              		.cfi_startproc
 545              		@ args = 0, pretend = 0, frame = 0
 546              		@ frame_needed = 0, uses_anonymous_args = 0
 547              		.loc 1 226 1 is_stmt 0 view .LVU129
 548 0000 38B5     		push	{r3, r4, r5, lr}
 549              	.LCFI5:
 550              		.cfi_def_cfa_offset 16
 551              		.cfi_offset 3, -16
 552              		.cfi_offset 4, -12
 553              		.cfi_offset 5, -8
 554              		.cfi_offset 14, -4
 555 0002 0546     		mov	r5, r0
 556 0004 0C46     		mov	r4, r1
 227:Middlewares/Third_Party/LoRaWAN/Mac/LoRaMacConfirmQueue.c ****     MlmeConfirmQueue_t* element = NULL;
 557              		.loc 1 227 5 is_stmt 1 view .LVU130
 558              	.LVL40:
 228:Middlewares/Third_Party/LoRaWAN/Mac/LoRaMacConfirmQueue.c **** 
 229:Middlewares/Third_Party/LoRaWAN/Mac/LoRaMacConfirmQueue.c ****     if( IsListEmpty( ConfirmQueueCtx.Nvm.MlmeConfirmQueueCnt ) == false )
 559              		.loc 1 229 5 view .LVU131
 560              		.loc 1 229 9 is_stmt 0 view .LVU132
 561 0006 084B     		ldr	r3, .L52
 562 0008 93F82000 		ldrb	r0, [r3, #32]	@ zero_extendqisi2
 563              	.LVL41:
 564              		.loc 1 229 9 view .LVU133
 565 000c FFF7FEFF 		bl	IsListEmpty
 566              	.LVL42:
 567              		.loc 1 229 7 view .LVU134
 568 0010 48B9     		cbnz	r0, .L49
 230:Middlewares/Third_Party/LoRaWAN/Mac/LoRaMacConfirmQueue.c ****     {
 231:Middlewares/Third_Party/LoRaWAN/Mac/LoRaMacConfirmQueue.c ****         element = GetElement( request, ConfirmQueueCtx.BufferStart, ConfirmQueueCtx.BufferEnd );
 569              		.loc 1 231 9 is_stmt 1 view .LVU135
 570              		.loc 1 231 19 is_stmt 0 view .LVU136
 571 0012 054B     		ldr	r3, .L52
 572 0014 9A68     		ldr	r2, [r3, #8]
ARM GAS  /tmp/cc1FTp6u.s 			page 15


 573 0016 5968     		ldr	r1, [r3, #4]
 574 0018 2046     		mov	r0, r4
 575 001a FFF7FEFF 		bl	GetElement
 576              	.LVL43:
 232:Middlewares/Third_Party/LoRaWAN/Mac/LoRaMacConfirmQueue.c ****         if( element != NULL )
 577              		.loc 1 232 9 is_stmt 1 view .LVU137
 578              		.loc 1 232 11 is_stmt 0 view .LVU138
 579 001e 10B1     		cbz	r0, .L49
 233:Middlewares/Third_Party/LoRaWAN/Mac/LoRaMacConfirmQueue.c ****         {
 234:Middlewares/Third_Party/LoRaWAN/Mac/LoRaMacConfirmQueue.c ****             element->Status = status;
 580              		.loc 1 234 13 is_stmt 1 view .LVU139
 581              		.loc 1 234 29 is_stmt 0 view .LVU140
 582 0020 4570     		strb	r5, [r0, #1]
 235:Middlewares/Third_Party/LoRaWAN/Mac/LoRaMacConfirmQueue.c ****             element->ReadyToHandle = true;
 583              		.loc 1 235 13 is_stmt 1 view .LVU141
 584              		.loc 1 235 36 is_stmt 0 view .LVU142
 585 0022 0122     		movs	r2, #1
 586 0024 8270     		strb	r2, [r0, #2]
 587              	.LVL44:
 588              	.L49:
 236:Middlewares/Third_Party/LoRaWAN/Mac/LoRaMacConfirmQueue.c ****         }
 237:Middlewares/Third_Party/LoRaWAN/Mac/LoRaMacConfirmQueue.c ****     }
 238:Middlewares/Third_Party/LoRaWAN/Mac/LoRaMacConfirmQueue.c **** }
 589              		.loc 1 238 1 view .LVU143
 590 0026 38BD     		pop	{r3, r4, r5, pc}
 591              	.L53:
 592              		.align	2
 593              	.L52:
 594 0028 00000000 		.word	.LANCHOR0
 595              		.cfi_endproc
 596              	.LFE113:
 598              		.section	.text.LoRaMacConfirmQueueGetStatus,"ax",%progbits
 599              		.align	1
 600              		.global	LoRaMacConfirmQueueGetStatus
 601              		.syntax unified
 602              		.thumb
 603              		.thumb_func
 604              		.fpu softvfp
 606              	LoRaMacConfirmQueueGetStatus:
 607              	.LVL45:
 608              	.LFB114:
 239:Middlewares/Third_Party/LoRaWAN/Mac/LoRaMacConfirmQueue.c **** 
 240:Middlewares/Third_Party/LoRaWAN/Mac/LoRaMacConfirmQueue.c **** LoRaMacEventInfoStatus_t LoRaMacConfirmQueueGetStatus( Mlme_t request )
 241:Middlewares/Third_Party/LoRaWAN/Mac/LoRaMacConfirmQueue.c **** {
 609              		.loc 1 241 1 is_stmt 1 view -0
 610              		.cfi_startproc
 611              		@ args = 0, pretend = 0, frame = 0
 612              		@ frame_needed = 0, uses_anonymous_args = 0
 613              		.loc 1 241 1 is_stmt 0 view .LVU145
 614 0000 10B5     		push	{r4, lr}
 615              	.LCFI6:
 616              		.cfi_def_cfa_offset 8
 617              		.cfi_offset 4, -8
 618              		.cfi_offset 14, -4
 619 0002 0446     		mov	r4, r0
 242:Middlewares/Third_Party/LoRaWAN/Mac/LoRaMacConfirmQueue.c ****     MlmeConfirmQueue_t* element = NULL;
 620              		.loc 1 242 5 is_stmt 1 view .LVU146
ARM GAS  /tmp/cc1FTp6u.s 			page 16


 621              	.LVL46:
 243:Middlewares/Third_Party/LoRaWAN/Mac/LoRaMacConfirmQueue.c **** 
 244:Middlewares/Third_Party/LoRaWAN/Mac/LoRaMacConfirmQueue.c ****     if( IsListEmpty( ConfirmQueueCtx.Nvm.MlmeConfirmQueueCnt ) == false )
 622              		.loc 1 244 5 view .LVU147
 623              		.loc 1 244 9 is_stmt 0 view .LVU148
 624 0004 094B     		ldr	r3, .L59
 625 0006 93F82000 		ldrb	r0, [r3, #32]	@ zero_extendqisi2
 626              	.LVL47:
 627              		.loc 1 244 9 view .LVU149
 628 000a FFF7FEFF 		bl	IsListEmpty
 629              	.LVL48:
 630              		.loc 1 244 7 view .LVU150
 631 000e 40B9     		cbnz	r0, .L56
 245:Middlewares/Third_Party/LoRaWAN/Mac/LoRaMacConfirmQueue.c ****     {
 246:Middlewares/Third_Party/LoRaWAN/Mac/LoRaMacConfirmQueue.c ****         element = GetElement( request, ConfirmQueueCtx.BufferStart, ConfirmQueueCtx.BufferEnd );
 632              		.loc 1 246 9 is_stmt 1 view .LVU151
 633              		.loc 1 246 19 is_stmt 0 view .LVU152
 634 0010 064B     		ldr	r3, .L59
 635 0012 9A68     		ldr	r2, [r3, #8]
 636 0014 5968     		ldr	r1, [r3, #4]
 637 0016 2046     		mov	r0, r4
 638 0018 FFF7FEFF 		bl	GetElement
 639              	.LVL49:
 247:Middlewares/Third_Party/LoRaWAN/Mac/LoRaMacConfirmQueue.c ****         if( element != NULL )
 640              		.loc 1 247 9 is_stmt 1 view .LVU153
 641              		.loc 1 247 11 is_stmt 0 view .LVU154
 642 001c 18B1     		cbz	r0, .L57
 248:Middlewares/Third_Party/LoRaWAN/Mac/LoRaMacConfirmQueue.c ****         {
 249:Middlewares/Third_Party/LoRaWAN/Mac/LoRaMacConfirmQueue.c ****             return element->Status;
 643              		.loc 1 249 13 is_stmt 1 view .LVU155
 644              		.loc 1 249 27 is_stmt 0 view .LVU156
 645 001e 4078     		ldrb	r0, [r0, #1]	@ zero_extendqisi2
 646              	.LVL50:
 647              		.loc 1 249 27 view .LVU157
 648 0020 00E0     		b	.L55
 649              	.LVL51:
 650              	.L56:
 250:Middlewares/Third_Party/LoRaWAN/Mac/LoRaMacConfirmQueue.c ****         }
 251:Middlewares/Third_Party/LoRaWAN/Mac/LoRaMacConfirmQueue.c ****     }
 252:Middlewares/Third_Party/LoRaWAN/Mac/LoRaMacConfirmQueue.c ****     return LORAMAC_EVENT_INFO_STATUS_ERROR;
 651              		.loc 1 252 12 view .LVU158
 652 0022 0120     		movs	r0, #1
 653              	.LVL52:
 654              	.L55:
 253:Middlewares/Third_Party/LoRaWAN/Mac/LoRaMacConfirmQueue.c **** }
 655              		.loc 1 253 1 view .LVU159
 656 0024 10BD     		pop	{r4, pc}
 657              	.LVL53:
 658              	.L57:
 252:Middlewares/Third_Party/LoRaWAN/Mac/LoRaMacConfirmQueue.c **** }
 659              		.loc 1 252 12 view .LVU160
 660 0026 0120     		movs	r0, #1
 661              	.LVL54:
 252:Middlewares/Third_Party/LoRaWAN/Mac/LoRaMacConfirmQueue.c **** }
 662              		.loc 1 252 12 view .LVU161
 663 0028 FCE7     		b	.L55
 664              	.L60:
ARM GAS  /tmp/cc1FTp6u.s 			page 17


 665 002a 00BF     		.align	2
 666              	.L59:
 667 002c 00000000 		.word	.LANCHOR0
 668              		.cfi_endproc
 669              	.LFE114:
 671              		.section	.text.LoRaMacConfirmQueueSetStatusCmn,"ax",%progbits
 672              		.align	1
 673              		.global	LoRaMacConfirmQueueSetStatusCmn
 674              		.syntax unified
 675              		.thumb
 676              		.thumb_func
 677              		.fpu softvfp
 679              	LoRaMacConfirmQueueSetStatusCmn:
 680              	.LVL55:
 681              	.LFB115:
 254:Middlewares/Third_Party/LoRaWAN/Mac/LoRaMacConfirmQueue.c **** 
 255:Middlewares/Third_Party/LoRaWAN/Mac/LoRaMacConfirmQueue.c **** void LoRaMacConfirmQueueSetStatusCmn( LoRaMacEventInfoStatus_t status )
 256:Middlewares/Third_Party/LoRaWAN/Mac/LoRaMacConfirmQueue.c **** {
 682              		.loc 1 256 1 is_stmt 1 view -0
 683              		.cfi_startproc
 684              		@ args = 0, pretend = 0, frame = 0
 685              		@ frame_needed = 0, uses_anonymous_args = 0
 686              		.loc 1 256 1 is_stmt 0 view .LVU163
 687 0000 38B5     		push	{r3, r4, r5, lr}
 688              	.LCFI7:
 689              		.cfi_def_cfa_offset 16
 690              		.cfi_offset 3, -16
 691              		.cfi_offset 4, -12
 692              		.cfi_offset 5, -8
 693              		.cfi_offset 14, -4
 694 0002 0546     		mov	r5, r0
 257:Middlewares/Third_Party/LoRaWAN/Mac/LoRaMacConfirmQueue.c ****     MlmeConfirmQueue_t* element = ConfirmQueueCtx.BufferStart;
 695              		.loc 1 257 5 is_stmt 1 view .LVU164
 696              		.loc 1 257 25 is_stmt 0 view .LVU165
 697 0004 0C4B     		ldr	r3, .L67
 698 0006 5C68     		ldr	r4, [r3, #4]
 699              	.LVL56:
 258:Middlewares/Third_Party/LoRaWAN/Mac/LoRaMacConfirmQueue.c **** 
 259:Middlewares/Third_Party/LoRaWAN/Mac/LoRaMacConfirmQueue.c ****     ConfirmQueueCtx.Nvm.CommonStatus = status;
 700              		.loc 1 259 5 is_stmt 1 view .LVU166
 701              		.loc 1 259 38 is_stmt 0 view .LVU167
 702 0008 83F82100 		strb	r0, [r3, #33]
 260:Middlewares/Third_Party/LoRaWAN/Mac/LoRaMacConfirmQueue.c **** 
 261:Middlewares/Third_Party/LoRaWAN/Mac/LoRaMacConfirmQueue.c ****     if( IsListEmpty( ConfirmQueueCtx.Nvm.MlmeConfirmQueueCnt ) == false )
 703              		.loc 1 261 5 is_stmt 1 view .LVU168
 704              		.loc 1 261 9 is_stmt 0 view .LVU169
 705 000c 93F82000 		ldrb	r0, [r3, #32]	@ zero_extendqisi2
 706              	.LVL57:
 707              		.loc 1 261 9 view .LVU170
 708 0010 FFF7FEFF 		bl	IsListEmpty
 709              	.LVL58:
 710              		.loc 1 261 7 view .LVU171
 711 0014 50B1     		cbz	r0, .L64
 712              	.L61:
 262:Middlewares/Third_Party/LoRaWAN/Mac/LoRaMacConfirmQueue.c ****     {
 263:Middlewares/Third_Party/LoRaWAN/Mac/LoRaMacConfirmQueue.c ****         do
 264:Middlewares/Third_Party/LoRaWAN/Mac/LoRaMacConfirmQueue.c ****         {
ARM GAS  /tmp/cc1FTp6u.s 			page 18


 265:Middlewares/Third_Party/LoRaWAN/Mac/LoRaMacConfirmQueue.c ****             element->Status = status;
 266:Middlewares/Third_Party/LoRaWAN/Mac/LoRaMacConfirmQueue.c ****             // Set the status if it is allowed to set it with a call to
 267:Middlewares/Third_Party/LoRaWAN/Mac/LoRaMacConfirmQueue.c ****             // LoRaMacConfirmQueueSetStatusCmn.
 268:Middlewares/Third_Party/LoRaWAN/Mac/LoRaMacConfirmQueue.c ****             if( element->RestrictCommonReadyToHandle == false )
 269:Middlewares/Third_Party/LoRaWAN/Mac/LoRaMacConfirmQueue.c ****             {
 270:Middlewares/Third_Party/LoRaWAN/Mac/LoRaMacConfirmQueue.c ****                 element->ReadyToHandle = true;
 271:Middlewares/Third_Party/LoRaWAN/Mac/LoRaMacConfirmQueue.c ****             }
 272:Middlewares/Third_Party/LoRaWAN/Mac/LoRaMacConfirmQueue.c ****             element = IncreaseBufferPointer( element );
 273:Middlewares/Third_Party/LoRaWAN/Mac/LoRaMacConfirmQueue.c ****         }while( element != ConfirmQueueCtx.BufferEnd );
 274:Middlewares/Third_Party/LoRaWAN/Mac/LoRaMacConfirmQueue.c ****     }
 275:Middlewares/Third_Party/LoRaWAN/Mac/LoRaMacConfirmQueue.c **** }
 713              		.loc 1 275 1 view .LVU172
 714 0016 38BD     		pop	{r3, r4, r5, pc}
 715              	.LVL59:
 716              	.L66:
 270:Middlewares/Third_Party/LoRaWAN/Mac/LoRaMacConfirmQueue.c ****             }
 717              		.loc 1 270 17 is_stmt 1 view .LVU173
 270:Middlewares/Third_Party/LoRaWAN/Mac/LoRaMacConfirmQueue.c ****             }
 718              		.loc 1 270 40 is_stmt 0 view .LVU174
 719 0018 0123     		movs	r3, #1
 720 001a A370     		strb	r3, [r4, #2]
 721              	.L63:
 272:Middlewares/Third_Party/LoRaWAN/Mac/LoRaMacConfirmQueue.c ****         }while( element != ConfirmQueueCtx.BufferEnd );
 722              		.loc 1 272 13 is_stmt 1 view .LVU175
 272:Middlewares/Third_Party/LoRaWAN/Mac/LoRaMacConfirmQueue.c ****         }while( element != ConfirmQueueCtx.BufferEnd );
 723              		.loc 1 272 23 is_stmt 0 view .LVU176
 724 001c 2046     		mov	r0, r4
 725 001e FFF7FEFF 		bl	IncreaseBufferPointer
 726              	.LVL60:
 727 0022 0446     		mov	r4, r0
 728              	.LVL61:
 273:Middlewares/Third_Party/LoRaWAN/Mac/LoRaMacConfirmQueue.c ****     }
 729              		.loc 1 273 15 is_stmt 1 view .LVU177
 273:Middlewares/Third_Party/LoRaWAN/Mac/LoRaMacConfirmQueue.c ****     }
 730              		.loc 1 273 43 is_stmt 0 view .LVU178
 731 0024 044B     		ldr	r3, .L67
 732 0026 9B68     		ldr	r3, [r3, #8]
 273:Middlewares/Third_Party/LoRaWAN/Mac/LoRaMacConfirmQueue.c ****     }
 733              		.loc 1 273 9 view .LVU179
 734 0028 8342     		cmp	r3, r0
 735 002a F4D0     		beq	.L61
 736              	.LVL62:
 737              	.L64:
 263:Middlewares/Third_Party/LoRaWAN/Mac/LoRaMacConfirmQueue.c ****         {
 738              		.loc 1 263 9 is_stmt 1 view .LVU180
 265:Middlewares/Third_Party/LoRaWAN/Mac/LoRaMacConfirmQueue.c ****             // Set the status if it is allowed to set it with a call to
 739              		.loc 1 265 13 view .LVU181
 265:Middlewares/Third_Party/LoRaWAN/Mac/LoRaMacConfirmQueue.c ****             // Set the status if it is allowed to set it with a call to
 740              		.loc 1 265 29 is_stmt 0 view .LVU182
 741 002c 6570     		strb	r5, [r4, #1]
 268:Middlewares/Third_Party/LoRaWAN/Mac/LoRaMacConfirmQueue.c ****             {
 742              		.loc 1 268 13 is_stmt 1 view .LVU183
 268:Middlewares/Third_Party/LoRaWAN/Mac/LoRaMacConfirmQueue.c ****             {
 743              		.loc 1 268 24 is_stmt 0 view .LVU184
 744 002e E378     		ldrb	r3, [r4, #3]	@ zero_extendqisi2
 268:Middlewares/Third_Party/LoRaWAN/Mac/LoRaMacConfirmQueue.c ****             {
 745              		.loc 1 268 15 view .LVU185
ARM GAS  /tmp/cc1FTp6u.s 			page 19


 746 0030 002B     		cmp	r3, #0
 747 0032 F3D1     		bne	.L63
 268:Middlewares/Third_Party/LoRaWAN/Mac/LoRaMacConfirmQueue.c ****             {
 748              		.loc 1 268 15 view .LVU186
 749 0034 F0E7     		b	.L66
 750              	.L68:
 751 0036 00BF     		.align	2
 752              	.L67:
 753 0038 00000000 		.word	.LANCHOR0
 754              		.cfi_endproc
 755              	.LFE115:
 757              		.section	.text.LoRaMacConfirmQueueGetStatusCmn,"ax",%progbits
 758              		.align	1
 759              		.global	LoRaMacConfirmQueueGetStatusCmn
 760              		.syntax unified
 761              		.thumb
 762              		.thumb_func
 763              		.fpu softvfp
 765              	LoRaMacConfirmQueueGetStatusCmn:
 766              	.LFB116:
 276:Middlewares/Third_Party/LoRaWAN/Mac/LoRaMacConfirmQueue.c **** 
 277:Middlewares/Third_Party/LoRaWAN/Mac/LoRaMacConfirmQueue.c **** LoRaMacEventInfoStatus_t LoRaMacConfirmQueueGetStatusCmn( void )
 278:Middlewares/Third_Party/LoRaWAN/Mac/LoRaMacConfirmQueue.c **** {
 767              		.loc 1 278 1 is_stmt 1 view -0
 768              		.cfi_startproc
 769              		@ args = 0, pretend = 0, frame = 0
 770              		@ frame_needed = 0, uses_anonymous_args = 0
 771              		@ link register save eliminated.
 279:Middlewares/Third_Party/LoRaWAN/Mac/LoRaMacConfirmQueue.c ****     return ConfirmQueueCtx.Nvm.CommonStatus;
 772              		.loc 1 279 5 view .LVU188
 280:Middlewares/Third_Party/LoRaWAN/Mac/LoRaMacConfirmQueue.c **** }
 773              		.loc 1 280 1 is_stmt 0 view .LVU189
 774 0000 014B     		ldr	r3, .L70
 775 0002 93F82100 		ldrb	r0, [r3, #33]	@ zero_extendqisi2
 776 0006 7047     		bx	lr
 777              	.L71:
 778              		.align	2
 779              	.L70:
 780 0008 00000000 		.word	.LANCHOR0
 781              		.cfi_endproc
 782              	.LFE116:
 784              		.section	.text.LoRaMacConfirmQueueIsCmdActive,"ax",%progbits
 785              		.align	1
 786              		.global	LoRaMacConfirmQueueIsCmdActive
 787              		.syntax unified
 788              		.thumb
 789              		.thumb_func
 790              		.fpu softvfp
 792              	LoRaMacConfirmQueueIsCmdActive:
 793              	.LVL63:
 794              	.LFB117:
 281:Middlewares/Third_Party/LoRaWAN/Mac/LoRaMacConfirmQueue.c **** 
 282:Middlewares/Third_Party/LoRaWAN/Mac/LoRaMacConfirmQueue.c **** bool LoRaMacConfirmQueueIsCmdActive( Mlme_t request )
 283:Middlewares/Third_Party/LoRaWAN/Mac/LoRaMacConfirmQueue.c **** {
 795              		.loc 1 283 1 is_stmt 1 view -0
 796              		.cfi_startproc
 797              		@ args = 0, pretend = 0, frame = 0
ARM GAS  /tmp/cc1FTp6u.s 			page 20


 798              		@ frame_needed = 0, uses_anonymous_args = 0
 799              		.loc 1 283 1 is_stmt 0 view .LVU191
 800 0000 08B5     		push	{r3, lr}
 801              	.LCFI8:
 802              		.cfi_def_cfa_offset 8
 803              		.cfi_offset 3, -8
 804              		.cfi_offset 14, -4
 284:Middlewares/Third_Party/LoRaWAN/Mac/LoRaMacConfirmQueue.c ****     if( GetElement( request, ConfirmQueueCtx.BufferStart, ConfirmQueueCtx.BufferEnd ) != NULL )
 805              		.loc 1 284 5 is_stmt 1 view .LVU192
 806              		.loc 1 284 9 is_stmt 0 view .LVU193
 807 0002 044B     		ldr	r3, .L76
 808 0004 9A68     		ldr	r2, [r3, #8]
 809 0006 5968     		ldr	r1, [r3, #4]
 810 0008 FFF7FEFF 		bl	GetElement
 811              	.LVL64:
 812              		.loc 1 284 7 view .LVU194
 813 000c 00B1     		cbz	r0, .L73
 285:Middlewares/Third_Party/LoRaWAN/Mac/LoRaMacConfirmQueue.c ****     {
 286:Middlewares/Third_Party/LoRaWAN/Mac/LoRaMacConfirmQueue.c ****         return true;
 814              		.loc 1 286 16 view .LVU195
 815 000e 0120     		movs	r0, #1
 816              	.L73:
 287:Middlewares/Third_Party/LoRaWAN/Mac/LoRaMacConfirmQueue.c ****     }
 288:Middlewares/Third_Party/LoRaWAN/Mac/LoRaMacConfirmQueue.c ****     return false;
 289:Middlewares/Third_Party/LoRaWAN/Mac/LoRaMacConfirmQueue.c **** }
 817              		.loc 1 289 1 view .LVU196
 818 0010 08BD     		pop	{r3, pc}
 819              	.L77:
 820 0012 00BF     		.align	2
 821              	.L76:
 822 0014 00000000 		.word	.LANCHOR0
 823              		.cfi_endproc
 824              	.LFE117:
 826              		.section	.text.LoRaMacConfirmQueueHandleCb,"ax",%progbits
 827              		.align	1
 828              		.global	LoRaMacConfirmQueueHandleCb
 829              		.syntax unified
 830              		.thumb
 831              		.thumb_func
 832              		.fpu softvfp
 834              	LoRaMacConfirmQueueHandleCb:
 835              	.LVL65:
 836              	.LFB118:
 290:Middlewares/Third_Party/LoRaWAN/Mac/LoRaMacConfirmQueue.c **** 
 291:Middlewares/Third_Party/LoRaWAN/Mac/LoRaMacConfirmQueue.c **** void LoRaMacConfirmQueueHandleCb( MlmeConfirm_t* mlmeConfirm )
 292:Middlewares/Third_Party/LoRaWAN/Mac/LoRaMacConfirmQueue.c **** {
 837              		.loc 1 292 1 is_stmt 1 view -0
 838              		.cfi_startproc
 839              		@ args = 0, pretend = 0, frame = 8
 840              		@ frame_needed = 0, uses_anonymous_args = 0
 841              		.loc 1 292 1 is_stmt 0 view .LVU198
 842 0000 F0B5     		push	{r4, r5, r6, r7, lr}
 843              	.LCFI9:
 844              		.cfi_def_cfa_offset 20
 845              		.cfi_offset 4, -20
 846              		.cfi_offset 5, -16
 847              		.cfi_offset 6, -12
ARM GAS  /tmp/cc1FTp6u.s 			page 21


 848              		.cfi_offset 7, -8
 849              		.cfi_offset 14, -4
 850 0002 83B0     		sub	sp, sp, #12
 851              	.LCFI10:
 852              		.cfi_def_cfa_offset 32
 853 0004 0646     		mov	r6, r0
 293:Middlewares/Third_Party/LoRaWAN/Mac/LoRaMacConfirmQueue.c ****     uint8_t nbElements = ConfirmQueueCtx.Nvm.MlmeConfirmQueueCnt;
 854              		.loc 1 293 5 is_stmt 1 view .LVU199
 855              		.loc 1 293 13 is_stmt 0 view .LVU200
 856 0006 164B     		ldr	r3, .L87
 857 0008 93F82070 		ldrb	r7, [r3, #32]	@ zero_extendqisi2
 858              	.LVL66:
 294:Middlewares/Third_Party/LoRaWAN/Mac/LoRaMacConfirmQueue.c ****     bool readyToHandle = false;
 859              		.loc 1 294 5 is_stmt 1 view .LVU201
 295:Middlewares/Third_Party/LoRaWAN/Mac/LoRaMacConfirmQueue.c ****     MlmeConfirmQueue_t mlmeConfirmToStore;
 860              		.loc 1 295 5 view .LVU202
 296:Middlewares/Third_Party/LoRaWAN/Mac/LoRaMacConfirmQueue.c **** 
 297:Middlewares/Third_Party/LoRaWAN/Mac/LoRaMacConfirmQueue.c ****     for( uint8_t i = 0; i < nbElements; i++ )
 861              		.loc 1 297 5 view .LVU203
 862              	.LBB4:
 863              		.loc 1 297 10 view .LVU204
 864              		.loc 1 297 18 is_stmt 0 view .LVU205
 865 000c 0024     		movs	r4, #0
 866              		.loc 1 297 5 view .LVU206
 867 000e 0DE0     		b	.L79
 868              	.LVL67:
 869              	.L80:
 298:Middlewares/Third_Party/LoRaWAN/Mac/LoRaMacConfirmQueue.c ****     {
 299:Middlewares/Third_Party/LoRaWAN/Mac/LoRaMacConfirmQueue.c ****         mlmeConfirm->MlmeRequest = ConfirmQueueCtx.BufferStart->Request;
 300:Middlewares/Third_Party/LoRaWAN/Mac/LoRaMacConfirmQueue.c ****         mlmeConfirm->Status = ConfirmQueueCtx.BufferStart->Status;
 301:Middlewares/Third_Party/LoRaWAN/Mac/LoRaMacConfirmQueue.c ****         readyToHandle = ConfirmQueueCtx.BufferStart->ReadyToHandle;
 302:Middlewares/Third_Party/LoRaWAN/Mac/LoRaMacConfirmQueue.c **** 
 303:Middlewares/Third_Party/LoRaWAN/Mac/LoRaMacConfirmQueue.c ****         if( readyToHandle == true )
 304:Middlewares/Third_Party/LoRaWAN/Mac/LoRaMacConfirmQueue.c ****         {
 305:Middlewares/Third_Party/LoRaWAN/Mac/LoRaMacConfirmQueue.c ****             ConfirmQueueCtx.Primitives->MacMlmeConfirm( mlmeConfirm );
 306:Middlewares/Third_Party/LoRaWAN/Mac/LoRaMacConfirmQueue.c ****         }
 307:Middlewares/Third_Party/LoRaWAN/Mac/LoRaMacConfirmQueue.c ****         else
 308:Middlewares/Third_Party/LoRaWAN/Mac/LoRaMacConfirmQueue.c ****         {
 309:Middlewares/Third_Party/LoRaWAN/Mac/LoRaMacConfirmQueue.c ****             // The request is not processed yet. Store the state.
 310:Middlewares/Third_Party/LoRaWAN/Mac/LoRaMacConfirmQueue.c ****             mlmeConfirmToStore.Request = ConfirmQueueCtx.BufferStart->Request;
 870              		.loc 1 310 13 is_stmt 1 view .LVU207
 871              		.loc 1 310 69 is_stmt 0 view .LVU208
 872 0010 1A78     		ldrb	r2, [r3]	@ zero_extendqisi2
 873              		.loc 1 310 40 view .LVU209
 874 0012 8DF80420 		strb	r2, [sp, #4]
 311:Middlewares/Third_Party/LoRaWAN/Mac/LoRaMacConfirmQueue.c ****             mlmeConfirmToStore.Status = ConfirmQueueCtx.BufferStart->Status;
 875              		.loc 1 311 13 is_stmt 1 view .LVU210
 876              		.loc 1 311 68 is_stmt 0 view .LVU211
 877 0016 5A78     		ldrb	r2, [r3, #1]	@ zero_extendqisi2
 878              		.loc 1 311 39 view .LVU212
 879 0018 8DF80520 		strb	r2, [sp, #5]
 312:Middlewares/Third_Party/LoRaWAN/Mac/LoRaMacConfirmQueue.c ****             mlmeConfirmToStore.RestrictCommonReadyToHandle = ConfirmQueueCtx.BufferStart->RestrictC
 880              		.loc 1 312 13 is_stmt 1 view .LVU213
 881              		.loc 1 312 89 is_stmt 0 view .LVU214
 882 001c DB78     		ldrb	r3, [r3, #3]	@ zero_extendqisi2
 883              		.loc 1 312 60 view .LVU215
 884 001e 8DF80730 		strb	r3, [sp, #7]
ARM GAS  /tmp/cc1FTp6u.s 			page 22


 885              	.L81:
 313:Middlewares/Third_Party/LoRaWAN/Mac/LoRaMacConfirmQueue.c ****         }
 314:Middlewares/Third_Party/LoRaWAN/Mac/LoRaMacConfirmQueue.c **** 
 315:Middlewares/Third_Party/LoRaWAN/Mac/LoRaMacConfirmQueue.c ****         // Increase the pointer afterwards to prevent overwrites
 316:Middlewares/Third_Party/LoRaWAN/Mac/LoRaMacConfirmQueue.c ****         LoRaMacConfirmQueueRemoveFirst( );
 886              		.loc 1 316 9 is_stmt 1 view .LVU216
 887 0022 FFF7FEFF 		bl	LoRaMacConfirmQueueRemoveFirst
 888              	.LVL68:
 317:Middlewares/Third_Party/LoRaWAN/Mac/LoRaMacConfirmQueue.c **** 
 318:Middlewares/Third_Party/LoRaWAN/Mac/LoRaMacConfirmQueue.c ****         if( readyToHandle == false )
 889              		.loc 1 318 9 view .LVU217
 890              		.loc 1 318 11 is_stmt 0 view .LVU218
 891 0026 A5B1     		cbz	r5, .L85
 892              	.L82:
 297:Middlewares/Third_Party/LoRaWAN/Mac/LoRaMacConfirmQueue.c ****     {
 893              		.loc 1 297 41 is_stmt 1 discriminator 2 view .LVU219
 297:Middlewares/Third_Party/LoRaWAN/Mac/LoRaMacConfirmQueue.c ****     {
 894              		.loc 1 297 42 is_stmt 0 discriminator 2 view .LVU220
 895 0028 0134     		adds	r4, r4, #1
 896              	.LVL69:
 297:Middlewares/Third_Party/LoRaWAN/Mac/LoRaMacConfirmQueue.c ****     {
 897              		.loc 1 297 42 discriminator 2 view .LVU221
 898 002a E4B2     		uxtb	r4, r4
 899              	.LVL70:
 900              	.L79:
 297:Middlewares/Third_Party/LoRaWAN/Mac/LoRaMacConfirmQueue.c ****     {
 901              		.loc 1 297 25 is_stmt 1 discriminator 1 view .LVU222
 297:Middlewares/Third_Party/LoRaWAN/Mac/LoRaMacConfirmQueue.c ****     {
 902              		.loc 1 297 5 is_stmt 0 discriminator 1 view .LVU223
 903 002c BC42     		cmp	r4, r7
 904 002e 14D2     		bcs	.L86
 299:Middlewares/Third_Party/LoRaWAN/Mac/LoRaMacConfirmQueue.c ****         mlmeConfirm->Status = ConfirmQueueCtx.BufferStart->Status;
 905              		.loc 1 299 9 is_stmt 1 view .LVU224
 299:Middlewares/Third_Party/LoRaWAN/Mac/LoRaMacConfirmQueue.c ****         mlmeConfirm->Status = ConfirmQueueCtx.BufferStart->Status;
 906              		.loc 1 299 51 is_stmt 0 view .LVU225
 907 0030 0B4B     		ldr	r3, .L87
 908 0032 5A68     		ldr	r2, [r3, #4]
 299:Middlewares/Third_Party/LoRaWAN/Mac/LoRaMacConfirmQueue.c ****         mlmeConfirm->Status = ConfirmQueueCtx.BufferStart->Status;
 909              		.loc 1 299 63 view .LVU226
 910 0034 1278     		ldrb	r2, [r2]	@ zero_extendqisi2
 299:Middlewares/Third_Party/LoRaWAN/Mac/LoRaMacConfirmQueue.c ****         mlmeConfirm->Status = ConfirmQueueCtx.BufferStart->Status;
 911              		.loc 1 299 34 view .LVU227
 912 0036 3270     		strb	r2, [r6]
 300:Middlewares/Third_Party/LoRaWAN/Mac/LoRaMacConfirmQueue.c ****         readyToHandle = ConfirmQueueCtx.BufferStart->ReadyToHandle;
 913              		.loc 1 300 9 is_stmt 1 view .LVU228
 300:Middlewares/Third_Party/LoRaWAN/Mac/LoRaMacConfirmQueue.c ****         readyToHandle = ConfirmQueueCtx.BufferStart->ReadyToHandle;
 914              		.loc 1 300 46 is_stmt 0 view .LVU229
 915 0038 5A68     		ldr	r2, [r3, #4]
 300:Middlewares/Third_Party/LoRaWAN/Mac/LoRaMacConfirmQueue.c ****         readyToHandle = ConfirmQueueCtx.BufferStart->ReadyToHandle;
 916              		.loc 1 300 58 view .LVU230
 917 003a 5278     		ldrb	r2, [r2, #1]	@ zero_extendqisi2
 300:Middlewares/Third_Party/LoRaWAN/Mac/LoRaMacConfirmQueue.c ****         readyToHandle = ConfirmQueueCtx.BufferStart->ReadyToHandle;
 918              		.loc 1 300 29 view .LVU231
 919 003c 7270     		strb	r2, [r6, #1]
 301:Middlewares/Third_Party/LoRaWAN/Mac/LoRaMacConfirmQueue.c **** 
 920              		.loc 1 301 9 is_stmt 1 view .LVU232
 301:Middlewares/Third_Party/LoRaWAN/Mac/LoRaMacConfirmQueue.c **** 
ARM GAS  /tmp/cc1FTp6u.s 			page 23


 921              		.loc 1 301 40 is_stmt 0 view .LVU233
 922 003e 5B68     		ldr	r3, [r3, #4]
 301:Middlewares/Third_Party/LoRaWAN/Mac/LoRaMacConfirmQueue.c **** 
 923              		.loc 1 301 23 view .LVU234
 924 0040 9D78     		ldrb	r5, [r3, #2]	@ zero_extendqisi2
 925              	.LVL71:
 303:Middlewares/Third_Party/LoRaWAN/Mac/LoRaMacConfirmQueue.c ****         {
 926              		.loc 1 303 9 is_stmt 1 view .LVU235
 303:Middlewares/Third_Party/LoRaWAN/Mac/LoRaMacConfirmQueue.c ****         {
 927              		.loc 1 303 11 is_stmt 0 view .LVU236
 928 0042 002D     		cmp	r5, #0
 929 0044 E4D0     		beq	.L80
 305:Middlewares/Third_Party/LoRaWAN/Mac/LoRaMacConfirmQueue.c ****         }
 930              		.loc 1 305 13 is_stmt 1 view .LVU237
 305:Middlewares/Third_Party/LoRaWAN/Mac/LoRaMacConfirmQueue.c ****         }
 931              		.loc 1 305 28 is_stmt 0 view .LVU238
 932 0046 064B     		ldr	r3, .L87
 933 0048 1B68     		ldr	r3, [r3]
 305:Middlewares/Third_Party/LoRaWAN/Mac/LoRaMacConfirmQueue.c ****         }
 934              		.loc 1 305 39 view .LVU239
 935 004a 9B68     		ldr	r3, [r3, #8]
 305:Middlewares/Third_Party/LoRaWAN/Mac/LoRaMacConfirmQueue.c ****         }
 936              		.loc 1 305 13 view .LVU240
 937 004c 3046     		mov	r0, r6
 938 004e 9847     		blx	r3
 939              	.LVL72:
 940 0050 E7E7     		b	.L81
 941              	.L85:
 319:Middlewares/Third_Party/LoRaWAN/Mac/LoRaMacConfirmQueue.c ****         {
 320:Middlewares/Third_Party/LoRaWAN/Mac/LoRaMacConfirmQueue.c ****             // Add a request which has not been finished again to the queue
 321:Middlewares/Third_Party/LoRaWAN/Mac/LoRaMacConfirmQueue.c ****             LoRaMacConfirmQueueAdd( &mlmeConfirmToStore );
 942              		.loc 1 321 13 is_stmt 1 view .LVU241
 943 0052 01A8     		add	r0, sp, #4
 944 0054 FFF7FEFF 		bl	LoRaMacConfirmQueueAdd
 945              	.LVL73:
 946 0058 E6E7     		b	.L82
 947              	.LVL74:
 948              	.L86:
 949              		.loc 1 321 13 is_stmt 0 view .LVU242
 950              	.LBE4:
 322:Middlewares/Third_Party/LoRaWAN/Mac/LoRaMacConfirmQueue.c ****         }
 323:Middlewares/Third_Party/LoRaWAN/Mac/LoRaMacConfirmQueue.c ****     }
 324:Middlewares/Third_Party/LoRaWAN/Mac/LoRaMacConfirmQueue.c **** }
 951              		.loc 1 324 1 view .LVU243
 952 005a 03B0     		add	sp, sp, #12
 953              	.LCFI11:
 954              		.cfi_def_cfa_offset 20
 955              		@ sp needed
 956 005c F0BD     		pop	{r4, r5, r6, r7, pc}
 957              	.LVL75:
 958              	.L88:
 959              		.loc 1 324 1 view .LVU244
 960 005e 00BF     		.align	2
 961              	.L87:
 962 0060 00000000 		.word	.LANCHOR0
 963              		.cfi_endproc
 964              	.LFE118:
ARM GAS  /tmp/cc1FTp6u.s 			page 24


 966              		.section	.text.LoRaMacConfirmQueueGetCnt,"ax",%progbits
 967              		.align	1
 968              		.global	LoRaMacConfirmQueueGetCnt
 969              		.syntax unified
 970              		.thumb
 971              		.thumb_func
 972              		.fpu softvfp
 974              	LoRaMacConfirmQueueGetCnt:
 975              	.LFB119:
 325:Middlewares/Third_Party/LoRaWAN/Mac/LoRaMacConfirmQueue.c **** 
 326:Middlewares/Third_Party/LoRaWAN/Mac/LoRaMacConfirmQueue.c **** uint8_t LoRaMacConfirmQueueGetCnt( void )
 327:Middlewares/Third_Party/LoRaWAN/Mac/LoRaMacConfirmQueue.c **** {
 976              		.loc 1 327 1 is_stmt 1 view -0
 977              		.cfi_startproc
 978              		@ args = 0, pretend = 0, frame = 0
 979              		@ frame_needed = 0, uses_anonymous_args = 0
 980              		@ link register save eliminated.
 328:Middlewares/Third_Party/LoRaWAN/Mac/LoRaMacConfirmQueue.c ****     return ConfirmQueueCtx.Nvm.MlmeConfirmQueueCnt;
 981              		.loc 1 328 5 view .LVU246
 329:Middlewares/Third_Party/LoRaWAN/Mac/LoRaMacConfirmQueue.c **** }
 982              		.loc 1 329 1 is_stmt 0 view .LVU247
 983 0000 014B     		ldr	r3, .L90
 984 0002 93F82000 		ldrb	r0, [r3, #32]	@ zero_extendqisi2
 985 0006 7047     		bx	lr
 986              	.L91:
 987              		.align	2
 988              	.L90:
 989 0008 00000000 		.word	.LANCHOR0
 990              		.cfi_endproc
 991              	.LFE119:
 993              		.section	.text.LoRaMacConfirmQueueIsFull,"ax",%progbits
 994              		.align	1
 995              		.global	LoRaMacConfirmQueueIsFull
 996              		.syntax unified
 997              		.thumb
 998              		.thumb_func
 999              		.fpu softvfp
 1001              	LoRaMacConfirmQueueIsFull:
 1002              	.LFB120:
 330:Middlewares/Third_Party/LoRaWAN/Mac/LoRaMacConfirmQueue.c **** 
 331:Middlewares/Third_Party/LoRaWAN/Mac/LoRaMacConfirmQueue.c **** bool LoRaMacConfirmQueueIsFull( void )
 332:Middlewares/Third_Party/LoRaWAN/Mac/LoRaMacConfirmQueue.c **** {
 1003              		.loc 1 332 1 is_stmt 1 view -0
 1004              		.cfi_startproc
 1005              		@ args = 0, pretend = 0, frame = 0
 1006              		@ frame_needed = 0, uses_anonymous_args = 0
 1007 0000 08B5     		push	{r3, lr}
 1008              	.LCFI12:
 1009              		.cfi_def_cfa_offset 8
 1010              		.cfi_offset 3, -8
 1011              		.cfi_offset 14, -4
 333:Middlewares/Third_Party/LoRaWAN/Mac/LoRaMacConfirmQueue.c ****     if( IsListFull( ConfirmQueueCtx.Nvm.MlmeConfirmQueueCnt ) == true )
 1012              		.loc 1 333 5 view .LVU249
 1013              		.loc 1 333 9 is_stmt 0 view .LVU250
 1014 0002 034B     		ldr	r3, .L94
 1015 0004 93F82000 		ldrb	r0, [r3, #32]	@ zero_extendqisi2
 1016 0008 FFF7FEFF 		bl	IsListFull
ARM GAS  /tmp/cc1FTp6u.s 			page 25


 1017              	.LVL76:
 334:Middlewares/Third_Party/LoRaWAN/Mac/LoRaMacConfirmQueue.c ****     {
 335:Middlewares/Third_Party/LoRaWAN/Mac/LoRaMacConfirmQueue.c ****         return true;
 336:Middlewares/Third_Party/LoRaWAN/Mac/LoRaMacConfirmQueue.c ****     }
 337:Middlewares/Third_Party/LoRaWAN/Mac/LoRaMacConfirmQueue.c ****     else
 338:Middlewares/Third_Party/LoRaWAN/Mac/LoRaMacConfirmQueue.c ****     {
 339:Middlewares/Third_Party/LoRaWAN/Mac/LoRaMacConfirmQueue.c ****         return false;
 340:Middlewares/Third_Party/LoRaWAN/Mac/LoRaMacConfirmQueue.c ****     }
 341:Middlewares/Third_Party/LoRaWAN/Mac/LoRaMacConfirmQueue.c **** }
 1018              		.loc 1 341 1 view .LVU251
 1019 000c 08BD     		pop	{r3, pc}
 1020              	.L95:
 1021 000e 00BF     		.align	2
 1022              	.L94:
 1023 0010 00000000 		.word	.LANCHOR0
 1024              		.cfi_endproc
 1025              	.LFE120:
 1027              		.section	.bss.ConfirmQueueCtx,"aw",%nobits
 1028              		.align	2
 1029              		.set	.LANCHOR0,. + 0
 1032              	ConfirmQueueCtx:
 1033 0000 00000000 		.space	36
 1033      00000000 
 1033      00000000 
 1033      00000000 
 1033      00000000 
 1034              		.text
 1035              	.Letext0:
 1036              		.file 2 "/home/eatkinso/Downloads/gcc-arm-none-eabi-10.3-2021.07/gcc-arm-none-eabi-10.3-2021.07/ar
 1037              		.file 3 "/home/eatkinso/Downloads/gcc-arm-none-eabi-10.3-2021.07/gcc-arm-none-eabi-10.3-2021.07/ar
 1038              		.file 4 "Utilities/timer/stm32_timer.h"
 1039              		.file 5 "Utilities/misc/stm32_systime.h"
 1040              		.file 6 "Middlewares/Third_Party/LoRaWAN/Mac/LoRaMac.h"
 1041              		.file 7 "Middlewares/Third_Party/LoRaWAN/Mac/LoRaMacConfirmQueue.h"
 1042              		.file 8 "Middlewares/Third_Party/LoRaWAN/Utilities/utilities.h"
ARM GAS  /tmp/cc1FTp6u.s 			page 26


DEFINED SYMBOLS
                            *ABS*:0000000000000000 LoRaMacConfirmQueue.c
     /tmp/cc1FTp6u.s:16     .text.IncreaseBufferPointer:0000000000000000 $t
     /tmp/cc1FTp6u.s:23     .text.IncreaseBufferPointer:0000000000000000 IncreaseBufferPointer
     /tmp/cc1FTp6u.s:53     .text.IncreaseBufferPointer:0000000000000010 $d
     /tmp/cc1FTp6u.s:59     .text.DecreaseBufferPointer:0000000000000000 $t
     /tmp/cc1FTp6u.s:65     .text.DecreaseBufferPointer:0000000000000000 DecreaseBufferPointer
     /tmp/cc1FTp6u.s:94     .text.DecreaseBufferPointer:0000000000000010 $d
     /tmp/cc1FTp6u.s:100    .text.IsListEmpty:0000000000000000 $t
     /tmp/cc1FTp6u.s:106    .text.IsListEmpty:0000000000000000 IsListEmpty
     /tmp/cc1FTp6u.s:133    .text.IsListFull:0000000000000000 $t
     /tmp/cc1FTp6u.s:139    .text.IsListFull:0000000000000000 IsListFull
     /tmp/cc1FTp6u.s:167    .text.GetElement:0000000000000000 $t
     /tmp/cc1FTp6u.s:173    .text.GetElement:0000000000000000 GetElement
     /tmp/cc1FTp6u.s:260    .text.GetElement:000000000000003c $d
     /tmp/cc1FTp6u.s:266    .text.LoRaMacConfirmQueueInit:0000000000000000 $t
     /tmp/cc1FTp6u.s:273    .text.LoRaMacConfirmQueueInit:0000000000000000 LoRaMacConfirmQueueInit
     /tmp/cc1FTp6u.s:317    .text.LoRaMacConfirmQueueInit:0000000000000024 $d
     /tmp/cc1FTp6u.s:322    .text.LoRaMacConfirmQueueAdd:0000000000000000 $t
     /tmp/cc1FTp6u.s:329    .text.LoRaMacConfirmQueueAdd:0000000000000000 LoRaMacConfirmQueueAdd
     /tmp/cc1FTp6u.s:410    .text.LoRaMacConfirmQueueAdd:0000000000000044 $d
     /tmp/cc1FTp6u.s:415    .text.LoRaMacConfirmQueueRemoveLast:0000000000000000 $t
     /tmp/cc1FTp6u.s:422    .text.LoRaMacConfirmQueueRemoveLast:0000000000000000 LoRaMacConfirmQueueRemoveLast
     /tmp/cc1FTp6u.s:469    .text.LoRaMacConfirmQueueRemoveLast:0000000000000028 $d
     /tmp/cc1FTp6u.s:474    .text.LoRaMacConfirmQueueRemoveFirst:0000000000000000 $t
     /tmp/cc1FTp6u.s:481    .text.LoRaMacConfirmQueueRemoveFirst:0000000000000000 LoRaMacConfirmQueueRemoveFirst
     /tmp/cc1FTp6u.s:528    .text.LoRaMacConfirmQueueRemoveFirst:0000000000000028 $d
     /tmp/cc1FTp6u.s:533    .text.LoRaMacConfirmQueueSetStatus:0000000000000000 $t
     /tmp/cc1FTp6u.s:540    .text.LoRaMacConfirmQueueSetStatus:0000000000000000 LoRaMacConfirmQueueSetStatus
     /tmp/cc1FTp6u.s:594    .text.LoRaMacConfirmQueueSetStatus:0000000000000028 $d
     /tmp/cc1FTp6u.s:599    .text.LoRaMacConfirmQueueGetStatus:0000000000000000 $t
     /tmp/cc1FTp6u.s:606    .text.LoRaMacConfirmQueueGetStatus:0000000000000000 LoRaMacConfirmQueueGetStatus
     /tmp/cc1FTp6u.s:667    .text.LoRaMacConfirmQueueGetStatus:000000000000002c $d
     /tmp/cc1FTp6u.s:672    .text.LoRaMacConfirmQueueSetStatusCmn:0000000000000000 $t
     /tmp/cc1FTp6u.s:679    .text.LoRaMacConfirmQueueSetStatusCmn:0000000000000000 LoRaMacConfirmQueueSetStatusCmn
     /tmp/cc1FTp6u.s:753    .text.LoRaMacConfirmQueueSetStatusCmn:0000000000000038 $d
     /tmp/cc1FTp6u.s:758    .text.LoRaMacConfirmQueueGetStatusCmn:0000000000000000 $t
     /tmp/cc1FTp6u.s:765    .text.LoRaMacConfirmQueueGetStatusCmn:0000000000000000 LoRaMacConfirmQueueGetStatusCmn
     /tmp/cc1FTp6u.s:780    .text.LoRaMacConfirmQueueGetStatusCmn:0000000000000008 $d
     /tmp/cc1FTp6u.s:785    .text.LoRaMacConfirmQueueIsCmdActive:0000000000000000 $t
     /tmp/cc1FTp6u.s:792    .text.LoRaMacConfirmQueueIsCmdActive:0000000000000000 LoRaMacConfirmQueueIsCmdActive
     /tmp/cc1FTp6u.s:822    .text.LoRaMacConfirmQueueIsCmdActive:0000000000000014 $d
     /tmp/cc1FTp6u.s:827    .text.LoRaMacConfirmQueueHandleCb:0000000000000000 $t
     /tmp/cc1FTp6u.s:834    .text.LoRaMacConfirmQueueHandleCb:0000000000000000 LoRaMacConfirmQueueHandleCb
     /tmp/cc1FTp6u.s:962    .text.LoRaMacConfirmQueueHandleCb:0000000000000060 $d
     /tmp/cc1FTp6u.s:967    .text.LoRaMacConfirmQueueGetCnt:0000000000000000 $t
     /tmp/cc1FTp6u.s:974    .text.LoRaMacConfirmQueueGetCnt:0000000000000000 LoRaMacConfirmQueueGetCnt
     /tmp/cc1FTp6u.s:989    .text.LoRaMacConfirmQueueGetCnt:0000000000000008 $d
     /tmp/cc1FTp6u.s:994    .text.LoRaMacConfirmQueueIsFull:0000000000000000 $t
     /tmp/cc1FTp6u.s:1001   .text.LoRaMacConfirmQueueIsFull:0000000000000000 LoRaMacConfirmQueueIsFull
     /tmp/cc1FTp6u.s:1023   .text.LoRaMacConfirmQueueIsFull:0000000000000010 $d
     /tmp/cc1FTp6u.s:1028   .bss.ConfirmQueueCtx:0000000000000000 $d
     /tmp/cc1FTp6u.s:1032   .bss.ConfirmQueueCtx:0000000000000000 ConfirmQueueCtx

UNDEFINED SYMBOLS
memset1
