ARM GAS  /tmp/ccpkG5KH.s 			page 1


   1              		.cpu cortex-m4
   2              		.eabi_attribute 20, 1
   3              		.eabi_attribute 21, 1
   4              		.eabi_attribute 23, 3
   5              		.eabi_attribute 24, 1
   6              		.eabi_attribute 25, 1
   7              		.eabi_attribute 26, 1
   8              		.eabi_attribute 30, 1
   9              		.eabi_attribute 34, 1
  10              		.eabi_attribute 18, 4
  11              		.file	"LoRaMacSerializer.c"
  12              		.text
  13              	.Ltext0:
  14              		.cfi_sections	.debug_frame
  15              		.section	.text.LoRaMacSerializerJoinRequest,"ax",%progbits
  16              		.align	1
  17              		.global	LoRaMacSerializerJoinRequest
  18              		.arch armv7e-m
  19              		.syntax unified
  20              		.thumb
  21              		.thumb_func
  22              		.fpu softvfp
  24              	LoRaMacSerializerJoinRequest:
  25              	.LVL0:
  26              	.LFB104:
  27              		.file 1 "Middlewares/Third_Party/LoRaWAN/Mac/LoRaMacSerializer.c"
   1:Middlewares/Third_Party/LoRaWAN/Mac/LoRaMacSerializer.c **** /*!
   2:Middlewares/Third_Party/LoRaWAN/Mac/LoRaMacSerializer.c ****  * \file      LoRaMacSerializer.c
   3:Middlewares/Third_Party/LoRaWAN/Mac/LoRaMacSerializer.c ****  *
   4:Middlewares/Third_Party/LoRaWAN/Mac/LoRaMacSerializer.c ****  * \brief     LoRa MAC layer message serializer functionality implementation
   5:Middlewares/Third_Party/LoRaWAN/Mac/LoRaMacSerializer.c ****  *
   6:Middlewares/Third_Party/LoRaWAN/Mac/LoRaMacSerializer.c ****  * \copyright Revised BSD License, see section \ref LICENSE.
   7:Middlewares/Third_Party/LoRaWAN/Mac/LoRaMacSerializer.c ****  *
   8:Middlewares/Third_Party/LoRaWAN/Mac/LoRaMacSerializer.c ****  * \code
   9:Middlewares/Third_Party/LoRaWAN/Mac/LoRaMacSerializer.c ****  *                ______                              _
  10:Middlewares/Third_Party/LoRaWAN/Mac/LoRaMacSerializer.c ****  *               / _____)             _              | |
  11:Middlewares/Third_Party/LoRaWAN/Mac/LoRaMacSerializer.c ****  *              ( (____  _____ ____ _| |_ _____  ____| |__
  12:Middlewares/Third_Party/LoRaWAN/Mac/LoRaMacSerializer.c ****  *               \____ \| ___ |    (_   _) ___ |/ ___)  _ \
  13:Middlewares/Third_Party/LoRaWAN/Mac/LoRaMacSerializer.c ****  *               _____) ) ____| | | || |_| ____( (___| | | |
  14:Middlewares/Third_Party/LoRaWAN/Mac/LoRaMacSerializer.c ****  *              (______/|_____)_|_|_| \__)_____)\____)_| |_|
  15:Middlewares/Third_Party/LoRaWAN/Mac/LoRaMacSerializer.c ****  *              (C)2013 Semtech
  16:Middlewares/Third_Party/LoRaWAN/Mac/LoRaMacSerializer.c ****  *
  17:Middlewares/Third_Party/LoRaWAN/Mac/LoRaMacSerializer.c ****  *               ___ _____ _   ___ _  _____ ___  ___  ___ ___
  18:Middlewares/Third_Party/LoRaWAN/Mac/LoRaMacSerializer.c ****  *              / __|_   _/_\ / __| |/ / __/ _ \| _ \/ __| __|
  19:Middlewares/Third_Party/LoRaWAN/Mac/LoRaMacSerializer.c ****  *              \__ \ | |/ _ \ (__| ' <| _| (_) |   / (__| _|
  20:Middlewares/Third_Party/LoRaWAN/Mac/LoRaMacSerializer.c ****  *              |___/ |_/_/ \_\___|_|\_\_| \___/|_|_\\___|___|
  21:Middlewares/Third_Party/LoRaWAN/Mac/LoRaMacSerializer.c ****  *              embedded.connectivity.solutions===============
  22:Middlewares/Third_Party/LoRaWAN/Mac/LoRaMacSerializer.c ****  *
  23:Middlewares/Third_Party/LoRaWAN/Mac/LoRaMacSerializer.c ****  * \endcode
  24:Middlewares/Third_Party/LoRaWAN/Mac/LoRaMacSerializer.c ****  *
  25:Middlewares/Third_Party/LoRaWAN/Mac/LoRaMacSerializer.c ****  * \author    Miguel Luis ( Semtech )
  26:Middlewares/Third_Party/LoRaWAN/Mac/LoRaMacSerializer.c ****  *
  27:Middlewares/Third_Party/LoRaWAN/Mac/LoRaMacSerializer.c ****  * \author    Gregory Cristian ( Semtech )
  28:Middlewares/Third_Party/LoRaWAN/Mac/LoRaMacSerializer.c ****  *
  29:Middlewares/Third_Party/LoRaWAN/Mac/LoRaMacSerializer.c ****  * \author    Daniel Jaeckle ( STACKFORCE )
  30:Middlewares/Third_Party/LoRaWAN/Mac/LoRaMacSerializer.c ****  *
  31:Middlewares/Third_Party/LoRaWAN/Mac/LoRaMacSerializer.c ****  * \author    Johannes Bruder ( STACKFORCE )
ARM GAS  /tmp/ccpkG5KH.s 			page 2


  32:Middlewares/Third_Party/LoRaWAN/Mac/LoRaMacSerializer.c ****  */
  33:Middlewares/Third_Party/LoRaWAN/Mac/LoRaMacSerializer.c **** #include "LoRaMacSerializer.h"
  34:Middlewares/Third_Party/LoRaWAN/Mac/LoRaMacSerializer.c **** #include "utilities.h"
  35:Middlewares/Third_Party/LoRaWAN/Mac/LoRaMacSerializer.c **** 
  36:Middlewares/Third_Party/LoRaWAN/Mac/LoRaMacSerializer.c **** LoRaMacSerializerStatus_t LoRaMacSerializerJoinRequest( LoRaMacMessageJoinRequest_t* macMsg )
  37:Middlewares/Third_Party/LoRaWAN/Mac/LoRaMacSerializer.c **** {
  28              		.loc 1 37 1 view -0
  29              		.cfi_startproc
  30              		@ args = 0, pretend = 0, frame = 0
  31              		@ frame_needed = 0, uses_anonymous_args = 0
  38:Middlewares/Third_Party/LoRaWAN/Mac/LoRaMacSerializer.c ****     if( ( macMsg == 0 ) || ( macMsg->Buffer == 0 ) )
  32              		.loc 1 38 5 view .LVU1
  33              		.loc 1 38 7 is_stmt 0 view .LVU2
  34 0000 70B3     		cbz	r0, .L3
  37:Middlewares/Third_Party/LoRaWAN/Mac/LoRaMacSerializer.c ****     if( ( macMsg == 0 ) || ( macMsg->Buffer == 0 ) )
  35              		.loc 1 37 1 discriminator 1 view .LVU3
  36 0002 10B5     		push	{r4, lr}
  37              	.LCFI0:
  38              		.cfi_def_cfa_offset 8
  39              		.cfi_offset 4, -8
  40              		.cfi_offset 14, -4
  41 0004 0446     		mov	r4, r0
  42              		.loc 1 38 36 discriminator 1 view .LVU4
  43 0006 0368     		ldr	r3, [r0]
  44              		.loc 1 38 25 discriminator 1 view .LVU5
  45 0008 63B3     		cbz	r3, .L4
  39:Middlewares/Third_Party/LoRaWAN/Mac/LoRaMacSerializer.c ****     {
  40:Middlewares/Third_Party/LoRaWAN/Mac/LoRaMacSerializer.c ****         return LORAMAC_SERIALIZER_ERROR_NPE;
  41:Middlewares/Third_Party/LoRaWAN/Mac/LoRaMacSerializer.c ****     }
  42:Middlewares/Third_Party/LoRaWAN/Mac/LoRaMacSerializer.c **** 
  43:Middlewares/Third_Party/LoRaWAN/Mac/LoRaMacSerializer.c ****     uint16_t bufItr = 0;
  46              		.loc 1 43 5 is_stmt 1 view .LVU6
  47              	.LVL1:
  44:Middlewares/Third_Party/LoRaWAN/Mac/LoRaMacSerializer.c **** 
  45:Middlewares/Third_Party/LoRaWAN/Mac/LoRaMacSerializer.c ****     // Check macMsg->BufSize
  46:Middlewares/Third_Party/LoRaWAN/Mac/LoRaMacSerializer.c ****     if( macMsg->BufSize < LORAMAC_JOIN_REQ_MSG_SIZE )
  48              		.loc 1 46 5 view .LVU7
  49              		.loc 1 46 15 is_stmt 0 view .LVU8
  50 000a 0279     		ldrb	r2, [r0, #4]	@ zero_extendqisi2
  51              		.loc 1 46 7 view .LVU9
  52 000c 162A     		cmp	r2, #22
  53 000e 2BD9     		bls	.L5
  47:Middlewares/Third_Party/LoRaWAN/Mac/LoRaMacSerializer.c ****     {
  48:Middlewares/Third_Party/LoRaWAN/Mac/LoRaMacSerializer.c ****         return LORAMAC_SERIALIZER_ERROR_BUF_SIZE;
  49:Middlewares/Third_Party/LoRaWAN/Mac/LoRaMacSerializer.c ****     }
  50:Middlewares/Third_Party/LoRaWAN/Mac/LoRaMacSerializer.c **** 
  51:Middlewares/Third_Party/LoRaWAN/Mac/LoRaMacSerializer.c ****     macMsg->Buffer[bufItr++] = macMsg->MHDR.Value;
  54              		.loc 1 51 5 is_stmt 1 view .LVU10
  55              	.LVL2:
  56              		.loc 1 51 44 is_stmt 0 view .LVU11
  57 0010 4279     		ldrb	r2, [r0, #5]	@ zero_extendqisi2
  58              		.loc 1 51 30 view .LVU12
  59 0012 1A70     		strb	r2, [r3]
  52:Middlewares/Third_Party/LoRaWAN/Mac/LoRaMacSerializer.c **** 
  53:Middlewares/Third_Party/LoRaWAN/Mac/LoRaMacSerializer.c ****     memcpyr( &macMsg->Buffer[bufItr], macMsg->JoinEUI, LORAMAC_JOIN_EUI_FIELD_SIZE );
  60              		.loc 1 53 5 is_stmt 1 view .LVU13
  61              		.loc 1 53 21 is_stmt 0 view .LVU14
ARM GAS  /tmp/ccpkG5KH.s 			page 3


  62 0014 0146     		mov	r1, r0
  63 0016 51F8060B 		ldr	r0, [r1], #6
  64              	.LVL3:
  65              		.loc 1 53 5 view .LVU15
  66 001a 0822     		movs	r2, #8
  67 001c 0130     		adds	r0, r0, #1
  68 001e FFF7FEFF 		bl	memcpyr
  69              	.LVL4:
  54:Middlewares/Third_Party/LoRaWAN/Mac/LoRaMacSerializer.c ****     bufItr += LORAMAC_JOIN_EUI_FIELD_SIZE;
  70              		.loc 1 54 5 is_stmt 1 view .LVU16
  55:Middlewares/Third_Party/LoRaWAN/Mac/LoRaMacSerializer.c **** 
  56:Middlewares/Third_Party/LoRaWAN/Mac/LoRaMacSerializer.c ****     memcpyr( &macMsg->Buffer[bufItr], macMsg->DevEUI, LORAMAC_DEV_EUI_FIELD_SIZE );
  71              		.loc 1 56 5 view .LVU17
  72              		.loc 1 56 21 is_stmt 0 view .LVU18
  73 0022 2146     		mov	r1, r4
  74 0024 51F80E0B 		ldr	r0, [r1], #14
  75              		.loc 1 56 5 view .LVU19
  76 0028 0822     		movs	r2, #8
  77 002a 0930     		adds	r0, r0, #9
  78 002c FFF7FEFF 		bl	memcpyr
  79              	.LVL5:
  57:Middlewares/Third_Party/LoRaWAN/Mac/LoRaMacSerializer.c ****     bufItr += LORAMAC_DEV_EUI_FIELD_SIZE;
  80              		.loc 1 57 5 is_stmt 1 view .LVU20
  58:Middlewares/Third_Party/LoRaWAN/Mac/LoRaMacSerializer.c **** 
  59:Middlewares/Third_Party/LoRaWAN/Mac/LoRaMacSerializer.c ****     macMsg->Buffer[bufItr++] = macMsg->DevNonce & 0xFF;
  81              		.loc 1 59 5 view .LVU21
  82              		.loc 1 59 38 is_stmt 0 view .LVU22
  83 0030 E28A     		ldrh	r2, [r4, #22]
  84              		.loc 1 59 11 view .LVU23
  85 0032 2368     		ldr	r3, [r4]
  86              	.LVL6:
  87              		.loc 1 59 30 view .LVU24
  88 0034 5A74     		strb	r2, [r3, #17]
  60:Middlewares/Third_Party/LoRaWAN/Mac/LoRaMacSerializer.c ****     macMsg->Buffer[bufItr++] = ( macMsg->DevNonce >> 8 ) & 0xFF;
  89              		.loc 1 60 5 is_stmt 1 view .LVU25
  90              		.loc 1 60 40 is_stmt 0 view .LVU26
  91 0036 E38A     		ldrh	r3, [r4, #22]
  92              		.loc 1 60 11 view .LVU27
  93 0038 2268     		ldr	r2, [r4]
  94              	.LVL7:
  95              		.loc 1 60 30 view .LVU28
  96 003a 1B0A     		lsrs	r3, r3, #8
  97 003c 9374     		strb	r3, [r2, #18]
  61:Middlewares/Third_Party/LoRaWAN/Mac/LoRaMacSerializer.c **** 
  62:Middlewares/Third_Party/LoRaWAN/Mac/LoRaMacSerializer.c ****     macMsg->Buffer[bufItr++] = macMsg->MIC & 0xFF;
  98              		.loc 1 62 5 is_stmt 1 view .LVU29
  99              		.loc 1 62 38 is_stmt 0 view .LVU30
 100 003e A269     		ldr	r2, [r4, #24]
 101              		.loc 1 62 11 view .LVU31
 102 0040 2368     		ldr	r3, [r4]
 103              	.LVL8:
 104              		.loc 1 62 30 view .LVU32
 105 0042 DA74     		strb	r2, [r3, #19]
  63:Middlewares/Third_Party/LoRaWAN/Mac/LoRaMacSerializer.c ****     macMsg->Buffer[bufItr++] = ( macMsg->MIC >> 8 ) & 0xFF;
 106              		.loc 1 63 5 is_stmt 1 view .LVU33
 107              		.loc 1 63 40 is_stmt 0 view .LVU34
 108 0044 A369     		ldr	r3, [r4, #24]
ARM GAS  /tmp/ccpkG5KH.s 			page 4


 109              		.loc 1 63 46 view .LVU35
 110 0046 1B0A     		lsrs	r3, r3, #8
 111              		.loc 1 63 11 view .LVU36
 112 0048 2268     		ldr	r2, [r4]
 113              	.LVL9:
 114              		.loc 1 63 30 view .LVU37
 115 004a 1375     		strb	r3, [r2, #20]
  64:Middlewares/Third_Party/LoRaWAN/Mac/LoRaMacSerializer.c ****     macMsg->Buffer[bufItr++] = ( macMsg->MIC >> 16 ) & 0xFF;
 116              		.loc 1 64 5 is_stmt 1 view .LVU38
 117              		.loc 1 64 46 is_stmt 0 view .LVU39
 118 004c 628B     		ldrh	r2, [r4, #26]
 119              		.loc 1 64 11 view .LVU40
 120 004e 2368     		ldr	r3, [r4]
 121              	.LVL10:
 122              		.loc 1 64 30 view .LVU41
 123 0050 5A75     		strb	r2, [r3, #21]
  65:Middlewares/Third_Party/LoRaWAN/Mac/LoRaMacSerializer.c ****     macMsg->Buffer[bufItr++] = ( macMsg->MIC >> 24 ) & 0xFF;
 124              		.loc 1 65 5 is_stmt 1 view .LVU42
 125              		.loc 1 65 46 is_stmt 0 view .LVU43
 126 0052 E27E     		ldrb	r2, [r4, #27]	@ zero_extendqisi2
 127              		.loc 1 65 11 view .LVU44
 128 0054 2368     		ldr	r3, [r4]
 129              	.LVL11:
 130              		.loc 1 65 30 view .LVU45
 131 0056 9A75     		strb	r2, [r3, #22]
  66:Middlewares/Third_Party/LoRaWAN/Mac/LoRaMacSerializer.c **** 
  67:Middlewares/Third_Party/LoRaWAN/Mac/LoRaMacSerializer.c ****     macMsg->BufSize = bufItr;
 132              		.loc 1 67 5 is_stmt 1 view .LVU46
 133              		.loc 1 67 21 is_stmt 0 view .LVU47
 134 0058 1723     		movs	r3, #23
 135 005a 2371     		strb	r3, [r4, #4]
  68:Middlewares/Third_Party/LoRaWAN/Mac/LoRaMacSerializer.c **** 
  69:Middlewares/Third_Party/LoRaWAN/Mac/LoRaMacSerializer.c ****     return LORAMAC_SERIALIZER_SUCCESS;
 136              		.loc 1 69 5 is_stmt 1 view .LVU48
 137              		.loc 1 69 12 is_stmt 0 view .LVU49
 138 005c 0020     		movs	r0, #0
 139              	.LVL12:
 140              	.L2:
  70:Middlewares/Third_Party/LoRaWAN/Mac/LoRaMacSerializer.c **** }
 141              		.loc 1 70 1 view .LVU50
 142 005e 10BD     		pop	{r4, pc}
 143              	.LVL13:
 144              	.L3:
 145              	.LCFI1:
 146              		.cfi_def_cfa_offset 0
 147              		.cfi_restore 4
 148              		.cfi_restore 14
  40:Middlewares/Third_Party/LoRaWAN/Mac/LoRaMacSerializer.c ****     }
 149              		.loc 1 40 16 view .LVU51
 150 0060 0120     		movs	r0, #1
 151              	.LVL14:
 152              		.loc 1 70 1 view .LVU52
 153 0062 7047     		bx	lr
 154              	.LVL15:
 155              	.L4:
 156              	.LCFI2:
 157              		.cfi_def_cfa_offset 8
ARM GAS  /tmp/ccpkG5KH.s 			page 5


 158              		.cfi_offset 4, -8
 159              		.cfi_offset 14, -4
  40:Middlewares/Third_Party/LoRaWAN/Mac/LoRaMacSerializer.c ****     }
 160              		.loc 1 40 16 view .LVU53
 161 0064 0120     		movs	r0, #1
 162              	.LVL16:
  40:Middlewares/Third_Party/LoRaWAN/Mac/LoRaMacSerializer.c ****     }
 163              		.loc 1 40 16 view .LVU54
 164 0066 FAE7     		b	.L2
 165              	.LVL17:
 166              	.L5:
  48:Middlewares/Third_Party/LoRaWAN/Mac/LoRaMacSerializer.c ****     }
 167              		.loc 1 48 16 view .LVU55
 168 0068 0220     		movs	r0, #2
 169              	.LVL18:
  48:Middlewares/Third_Party/LoRaWAN/Mac/LoRaMacSerializer.c ****     }
 170              		.loc 1 48 16 view .LVU56
 171 006a F8E7     		b	.L2
 172              		.cfi_endproc
 173              	.LFE104:
 175              		.section	.text.LoRaMacSerializerReJoinType1,"ax",%progbits
 176              		.align	1
 177              		.global	LoRaMacSerializerReJoinType1
 178              		.syntax unified
 179              		.thumb
 180              		.thumb_func
 181              		.fpu softvfp
 183              	LoRaMacSerializerReJoinType1:
 184              	.LVL19:
 185              	.LFB105:
  71:Middlewares/Third_Party/LoRaWAN/Mac/LoRaMacSerializer.c **** 
  72:Middlewares/Third_Party/LoRaWAN/Mac/LoRaMacSerializer.c **** LoRaMacSerializerStatus_t LoRaMacSerializerReJoinType1( LoRaMacMessageReJoinType1_t* macMsg )
  73:Middlewares/Third_Party/LoRaWAN/Mac/LoRaMacSerializer.c **** {
 186              		.loc 1 73 1 is_stmt 1 view -0
 187              		.cfi_startproc
 188              		@ args = 0, pretend = 0, frame = 0
 189              		@ frame_needed = 0, uses_anonymous_args = 0
  74:Middlewares/Third_Party/LoRaWAN/Mac/LoRaMacSerializer.c ****     if( ( macMsg == 0 ) || ( macMsg->Buffer == 0 ) )
 190              		.loc 1 74 5 view .LVU58
 191              		.loc 1 74 7 is_stmt 0 view .LVU59
 192 0000 10B3     		cbz	r0, .L12
  73:Middlewares/Third_Party/LoRaWAN/Mac/LoRaMacSerializer.c ****     if( ( macMsg == 0 ) || ( macMsg->Buffer == 0 ) )
 193              		.loc 1 73 1 discriminator 1 view .LVU60
 194 0002 10B5     		push	{r4, lr}
 195              	.LCFI3:
 196              		.cfi_def_cfa_offset 8
 197              		.cfi_offset 4, -8
 198              		.cfi_offset 14, -4
 199 0004 0446     		mov	r4, r0
 200              		.loc 1 74 36 discriminator 1 view .LVU61
 201 0006 0368     		ldr	r3, [r0]
 202              		.loc 1 74 25 discriminator 1 view .LVU62
 203 0008 03B3     		cbz	r3, .L13
  75:Middlewares/Third_Party/LoRaWAN/Mac/LoRaMacSerializer.c ****     {
  76:Middlewares/Third_Party/LoRaWAN/Mac/LoRaMacSerializer.c ****         return LORAMAC_SERIALIZER_ERROR_NPE;
  77:Middlewares/Third_Party/LoRaWAN/Mac/LoRaMacSerializer.c ****     }
  78:Middlewares/Third_Party/LoRaWAN/Mac/LoRaMacSerializer.c **** 
ARM GAS  /tmp/ccpkG5KH.s 			page 6


  79:Middlewares/Third_Party/LoRaWAN/Mac/LoRaMacSerializer.c ****     uint16_t bufItr = 0;
 204              		.loc 1 79 5 is_stmt 1 view .LVU63
 205              	.LVL20:
  80:Middlewares/Third_Party/LoRaWAN/Mac/LoRaMacSerializer.c **** 
  81:Middlewares/Third_Party/LoRaWAN/Mac/LoRaMacSerializer.c ****     // Check macMsg->BufSize
  82:Middlewares/Third_Party/LoRaWAN/Mac/LoRaMacSerializer.c ****     if( macMsg->BufSize < LORAMAC_RE_JOIN_1_MSG_SIZE )
 206              		.loc 1 82 5 view .LVU64
 207              		.loc 1 82 15 is_stmt 0 view .LVU65
 208 000a 0279     		ldrb	r2, [r0, #4]	@ zero_extendqisi2
 209              		.loc 1 82 7 view .LVU66
 210 000c 172A     		cmp	r2, #23
 211 000e 1FD9     		bls	.L14
  83:Middlewares/Third_Party/LoRaWAN/Mac/LoRaMacSerializer.c ****     {
  84:Middlewares/Third_Party/LoRaWAN/Mac/LoRaMacSerializer.c ****         return LORAMAC_SERIALIZER_ERROR_BUF_SIZE;
  85:Middlewares/Third_Party/LoRaWAN/Mac/LoRaMacSerializer.c ****     }
  86:Middlewares/Third_Party/LoRaWAN/Mac/LoRaMacSerializer.c **** 
  87:Middlewares/Third_Party/LoRaWAN/Mac/LoRaMacSerializer.c ****     macMsg->Buffer[bufItr++] = macMsg->MHDR.Value;
 212              		.loc 1 87 5 is_stmt 1 view .LVU67
 213              	.LVL21:
 214              		.loc 1 87 44 is_stmt 0 view .LVU68
 215 0010 4279     		ldrb	r2, [r0, #5]	@ zero_extendqisi2
 216              		.loc 1 87 30 view .LVU69
 217 0012 1A70     		strb	r2, [r3]
  88:Middlewares/Third_Party/LoRaWAN/Mac/LoRaMacSerializer.c **** 
  89:Middlewares/Third_Party/LoRaWAN/Mac/LoRaMacSerializer.c ****     macMsg->Buffer[bufItr++] = macMsg->ReJoinType;
 218              		.loc 1 89 5 is_stmt 1 view .LVU70
 219              		.loc 1 89 11 is_stmt 0 view .LVU71
 220 0014 0368     		ldr	r3, [r0]
 221              	.LVL22:
 222              		.loc 1 89 38 view .LVU72
 223 0016 8279     		ldrb	r2, [r0, #6]	@ zero_extendqisi2
 224              		.loc 1 89 30 view .LVU73
 225 0018 5A70     		strb	r2, [r3, #1]
  90:Middlewares/Third_Party/LoRaWAN/Mac/LoRaMacSerializer.c **** 
  91:Middlewares/Third_Party/LoRaWAN/Mac/LoRaMacSerializer.c ****     memcpyr( &macMsg->Buffer[bufItr], macMsg->JoinEUI, LORAMAC_JOIN_EUI_FIELD_SIZE );
 226              		.loc 1 91 5 is_stmt 1 view .LVU74
 227              		.loc 1 91 21 is_stmt 0 view .LVU75
 228 001a 0146     		mov	r1, r0
 229 001c 51F8070B 		ldr	r0, [r1], #7
 230              	.LVL23:
 231              		.loc 1 91 5 view .LVU76
 232 0020 0822     		movs	r2, #8
 233 0022 0230     		adds	r0, r0, #2
 234 0024 FFF7FEFF 		bl	memcpyr
 235              	.LVL24:
  92:Middlewares/Third_Party/LoRaWAN/Mac/LoRaMacSerializer.c ****     bufItr += LORAMAC_JOIN_EUI_FIELD_SIZE;
 236              		.loc 1 92 5 is_stmt 1 view .LVU77
  93:Middlewares/Third_Party/LoRaWAN/Mac/LoRaMacSerializer.c **** 
  94:Middlewares/Third_Party/LoRaWAN/Mac/LoRaMacSerializer.c ****     memcpyr( &macMsg->Buffer[bufItr], macMsg->DevEUI, LORAMAC_DEV_EUI_FIELD_SIZE );
 237              		.loc 1 94 5 view .LVU78
 238              		.loc 1 94 21 is_stmt 0 view .LVU79
 239 0028 2146     		mov	r1, r4
 240 002a 51F80F0B 		ldr	r0, [r1], #15
 241              		.loc 1 94 5 view .LVU80
 242 002e 0822     		movs	r2, #8
 243 0030 0A30     		adds	r0, r0, #10
 244 0032 FFF7FEFF 		bl	memcpyr
ARM GAS  /tmp/ccpkG5KH.s 			page 7


 245              	.LVL25:
  95:Middlewares/Third_Party/LoRaWAN/Mac/LoRaMacSerializer.c ****     bufItr += LORAMAC_DEV_EUI_FIELD_SIZE;
 246              		.loc 1 95 5 is_stmt 1 view .LVU81
  96:Middlewares/Third_Party/LoRaWAN/Mac/LoRaMacSerializer.c **** 
  97:Middlewares/Third_Party/LoRaWAN/Mac/LoRaMacSerializer.c ****     macMsg->Buffer[bufItr++] = macMsg->RJcount1 & 0xFF;
 247              		.loc 1 97 5 view .LVU82
 248              		.loc 1 97 38 is_stmt 0 view .LVU83
 249 0036 228B     		ldrh	r2, [r4, #24]
 250              		.loc 1 97 11 view .LVU84
 251 0038 2368     		ldr	r3, [r4]
 252              	.LVL26:
 253              		.loc 1 97 30 view .LVU85
 254 003a 9A74     		strb	r2, [r3, #18]
  98:Middlewares/Third_Party/LoRaWAN/Mac/LoRaMacSerializer.c ****     macMsg->Buffer[bufItr++] = ( macMsg->RJcount1 >> 8 ) & 0xFF;
 255              		.loc 1 98 5 is_stmt 1 view .LVU86
 256              		.loc 1 98 40 is_stmt 0 view .LVU87
 257 003c 238B     		ldrh	r3, [r4, #24]
 258              		.loc 1 98 11 view .LVU88
 259 003e 2268     		ldr	r2, [r4]
 260              	.LVL27:
 261              		.loc 1 98 30 view .LVU89
 262 0040 1B0A     		lsrs	r3, r3, #8
 263 0042 D374     		strb	r3, [r2, #19]
  99:Middlewares/Third_Party/LoRaWAN/Mac/LoRaMacSerializer.c **** 
 100:Middlewares/Third_Party/LoRaWAN/Mac/LoRaMacSerializer.c ****     return LORAMAC_SERIALIZER_SUCCESS;
 264              		.loc 1 100 5 is_stmt 1 view .LVU90
 265              		.loc 1 100 12 is_stmt 0 view .LVU91
 266 0044 0020     		movs	r0, #0
 267              	.LVL28:
 268              	.L11:
 101:Middlewares/Third_Party/LoRaWAN/Mac/LoRaMacSerializer.c **** }
 269              		.loc 1 101 1 view .LVU92
 270 0046 10BD     		pop	{r4, pc}
 271              	.LVL29:
 272              	.L12:
 273              	.LCFI4:
 274              		.cfi_def_cfa_offset 0
 275              		.cfi_restore 4
 276              		.cfi_restore 14
  76:Middlewares/Third_Party/LoRaWAN/Mac/LoRaMacSerializer.c ****     }
 277              		.loc 1 76 16 view .LVU93
 278 0048 0120     		movs	r0, #1
 279              	.LVL30:
 280              		.loc 1 101 1 view .LVU94
 281 004a 7047     		bx	lr
 282              	.LVL31:
 283              	.L13:
 284              	.LCFI5:
 285              		.cfi_def_cfa_offset 8
 286              		.cfi_offset 4, -8
 287              		.cfi_offset 14, -4
  76:Middlewares/Third_Party/LoRaWAN/Mac/LoRaMacSerializer.c ****     }
 288              		.loc 1 76 16 view .LVU95
 289 004c 0120     		movs	r0, #1
 290              	.LVL32:
  76:Middlewares/Third_Party/LoRaWAN/Mac/LoRaMacSerializer.c ****     }
 291              		.loc 1 76 16 view .LVU96
ARM GAS  /tmp/ccpkG5KH.s 			page 8


 292 004e FAE7     		b	.L11
 293              	.LVL33:
 294              	.L14:
  84:Middlewares/Third_Party/LoRaWAN/Mac/LoRaMacSerializer.c ****     }
 295              		.loc 1 84 16 view .LVU97
 296 0050 0220     		movs	r0, #2
 297              	.LVL34:
  84:Middlewares/Third_Party/LoRaWAN/Mac/LoRaMacSerializer.c ****     }
 298              		.loc 1 84 16 view .LVU98
 299 0052 F8E7     		b	.L11
 300              		.cfi_endproc
 301              	.LFE105:
 303              		.section	.text.LoRaMacSerializerReJoinType0or2,"ax",%progbits
 304              		.align	1
 305              		.global	LoRaMacSerializerReJoinType0or2
 306              		.syntax unified
 307              		.thumb
 308              		.thumb_func
 309              		.fpu softvfp
 311              	LoRaMacSerializerReJoinType0or2:
 312              	.LVL35:
 313              	.LFB106:
 102:Middlewares/Third_Party/LoRaWAN/Mac/LoRaMacSerializer.c **** 
 103:Middlewares/Third_Party/LoRaWAN/Mac/LoRaMacSerializer.c **** LoRaMacSerializerStatus_t LoRaMacSerializerReJoinType0or2( LoRaMacMessageReJoinType0or2_t* macMsg )
 104:Middlewares/Third_Party/LoRaWAN/Mac/LoRaMacSerializer.c **** {
 314              		.loc 1 104 1 is_stmt 1 view -0
 315              		.cfi_startproc
 316              		@ args = 0, pretend = 0, frame = 0
 317              		@ frame_needed = 0, uses_anonymous_args = 0
 105:Middlewares/Third_Party/LoRaWAN/Mac/LoRaMacSerializer.c ****     if( ( macMsg == 0 ) || ( macMsg->Buffer == 0 ) )
 318              		.loc 1 105 5 view .LVU100
 319              		.loc 1 105 7 is_stmt 0 view .LVU101
 320 0000 10B3     		cbz	r0, .L21
 104:Middlewares/Third_Party/LoRaWAN/Mac/LoRaMacSerializer.c ****     if( ( macMsg == 0 ) || ( macMsg->Buffer == 0 ) )
 321              		.loc 1 104 1 discriminator 1 view .LVU102
 322 0002 10B5     		push	{r4, lr}
 323              	.LCFI6:
 324              		.cfi_def_cfa_offset 8
 325              		.cfi_offset 4, -8
 326              		.cfi_offset 14, -4
 327 0004 0446     		mov	r4, r0
 328              		.loc 1 105 36 discriminator 1 view .LVU103
 329 0006 0368     		ldr	r3, [r0]
 330              		.loc 1 105 25 discriminator 1 view .LVU104
 331 0008 03B3     		cbz	r3, .L22
 106:Middlewares/Third_Party/LoRaWAN/Mac/LoRaMacSerializer.c ****     {
 107:Middlewares/Third_Party/LoRaWAN/Mac/LoRaMacSerializer.c ****         return LORAMAC_SERIALIZER_ERROR_NPE;
 108:Middlewares/Third_Party/LoRaWAN/Mac/LoRaMacSerializer.c ****     }
 109:Middlewares/Third_Party/LoRaWAN/Mac/LoRaMacSerializer.c **** 
 110:Middlewares/Third_Party/LoRaWAN/Mac/LoRaMacSerializer.c ****     uint16_t bufItr = 0;
 332              		.loc 1 110 5 is_stmt 1 view .LVU105
 333              	.LVL36:
 111:Middlewares/Third_Party/LoRaWAN/Mac/LoRaMacSerializer.c **** 
 112:Middlewares/Third_Party/LoRaWAN/Mac/LoRaMacSerializer.c ****     // Check macMsg->BufSize
 113:Middlewares/Third_Party/LoRaWAN/Mac/LoRaMacSerializer.c ****     if( macMsg->BufSize < LORAMAC_RE_JOIN_0_2_MSG_SIZE )
 334              		.loc 1 113 5 view .LVU106
 335              		.loc 1 113 15 is_stmt 0 view .LVU107
ARM GAS  /tmp/ccpkG5KH.s 			page 9


 336 000a 0279     		ldrb	r2, [r0, #4]	@ zero_extendqisi2
 337              		.loc 1 113 7 view .LVU108
 338 000c 122A     		cmp	r2, #18
 339 000e 1FD9     		bls	.L23
 114:Middlewares/Third_Party/LoRaWAN/Mac/LoRaMacSerializer.c ****     {
 115:Middlewares/Third_Party/LoRaWAN/Mac/LoRaMacSerializer.c ****         return LORAMAC_SERIALIZER_ERROR_BUF_SIZE;
 116:Middlewares/Third_Party/LoRaWAN/Mac/LoRaMacSerializer.c ****     }
 117:Middlewares/Third_Party/LoRaWAN/Mac/LoRaMacSerializer.c **** 
 118:Middlewares/Third_Party/LoRaWAN/Mac/LoRaMacSerializer.c ****     macMsg->Buffer[bufItr++] = macMsg->MHDR.Value;
 340              		.loc 1 118 5 is_stmt 1 view .LVU109
 341              	.LVL37:
 342              		.loc 1 118 44 is_stmt 0 view .LVU110
 343 0010 4279     		ldrb	r2, [r0, #5]	@ zero_extendqisi2
 344              		.loc 1 118 30 view .LVU111
 345 0012 1A70     		strb	r2, [r3]
 119:Middlewares/Third_Party/LoRaWAN/Mac/LoRaMacSerializer.c **** 
 120:Middlewares/Third_Party/LoRaWAN/Mac/LoRaMacSerializer.c ****     macMsg->Buffer[bufItr++] = macMsg->ReJoinType;
 346              		.loc 1 120 5 is_stmt 1 view .LVU112
 347              		.loc 1 120 11 is_stmt 0 view .LVU113
 348 0014 0368     		ldr	r3, [r0]
 349              	.LVL38:
 350              		.loc 1 120 38 view .LVU114
 351 0016 8279     		ldrb	r2, [r0, #6]	@ zero_extendqisi2
 352              		.loc 1 120 30 view .LVU115
 353 0018 5A70     		strb	r2, [r3, #1]
 121:Middlewares/Third_Party/LoRaWAN/Mac/LoRaMacSerializer.c **** 
 122:Middlewares/Third_Party/LoRaWAN/Mac/LoRaMacSerializer.c ****     memcpy1( &macMsg->Buffer[bufItr], macMsg->NetID, LORAMAC_NET_ID_FIELD_SIZE );
 354              		.loc 1 122 5 is_stmt 1 view .LVU116
 355              		.loc 1 122 21 is_stmt 0 view .LVU117
 356 001a 0146     		mov	r1, r0
 357 001c 51F8070B 		ldr	r0, [r1], #7
 358              	.LVL39:
 359              		.loc 1 122 5 view .LVU118
 360 0020 0322     		movs	r2, #3
 361 0022 0230     		adds	r0, r0, #2
 362 0024 FFF7FEFF 		bl	memcpy1
 363              	.LVL40:
 123:Middlewares/Third_Party/LoRaWAN/Mac/LoRaMacSerializer.c ****     bufItr += LORAMAC_NET_ID_FIELD_SIZE;
 364              		.loc 1 123 5 is_stmt 1 view .LVU119
 124:Middlewares/Third_Party/LoRaWAN/Mac/LoRaMacSerializer.c **** 
 125:Middlewares/Third_Party/LoRaWAN/Mac/LoRaMacSerializer.c ****     memcpyr( &macMsg->Buffer[bufItr], macMsg->DevEUI, LORAMAC_DEV_EUI_FIELD_SIZE );
 365              		.loc 1 125 5 view .LVU120
 366              		.loc 1 125 21 is_stmt 0 view .LVU121
 367 0028 2146     		mov	r1, r4
 368 002a 51F80A0B 		ldr	r0, [r1], #10
 369              		.loc 1 125 5 view .LVU122
 370 002e 0822     		movs	r2, #8
 371 0030 0530     		adds	r0, r0, #5
 372 0032 FFF7FEFF 		bl	memcpyr
 373              	.LVL41:
 126:Middlewares/Third_Party/LoRaWAN/Mac/LoRaMacSerializer.c ****     bufItr += LORAMAC_DEV_EUI_FIELD_SIZE;
 374              		.loc 1 126 5 is_stmt 1 view .LVU123
 127:Middlewares/Third_Party/LoRaWAN/Mac/LoRaMacSerializer.c **** 
 128:Middlewares/Third_Party/LoRaWAN/Mac/LoRaMacSerializer.c ****     macMsg->Buffer[bufItr++] = macMsg->RJcount0 & 0xFF;
 375              		.loc 1 128 5 view .LVU124
 376              		.loc 1 128 38 is_stmt 0 view .LVU125
 377 0036 628A     		ldrh	r2, [r4, #18]
ARM GAS  /tmp/ccpkG5KH.s 			page 10


 378              		.loc 1 128 11 view .LVU126
 379 0038 2368     		ldr	r3, [r4]
 380              	.LVL42:
 381              		.loc 1 128 30 view .LVU127
 382 003a 5A73     		strb	r2, [r3, #13]
 129:Middlewares/Third_Party/LoRaWAN/Mac/LoRaMacSerializer.c ****     macMsg->Buffer[bufItr++] = ( macMsg->RJcount0 >> 8 ) & 0xFF;
 383              		.loc 1 129 5 is_stmt 1 view .LVU128
 384              		.loc 1 129 40 is_stmt 0 view .LVU129
 385 003c 638A     		ldrh	r3, [r4, #18]
 386              		.loc 1 129 11 view .LVU130
 387 003e 2268     		ldr	r2, [r4]
 388              	.LVL43:
 389              		.loc 1 129 30 view .LVU131
 390 0040 1B0A     		lsrs	r3, r3, #8
 391 0042 9373     		strb	r3, [r2, #14]
 130:Middlewares/Third_Party/LoRaWAN/Mac/LoRaMacSerializer.c **** 
 131:Middlewares/Third_Party/LoRaWAN/Mac/LoRaMacSerializer.c ****     return LORAMAC_SERIALIZER_SUCCESS;
 392              		.loc 1 131 5 is_stmt 1 view .LVU132
 393              		.loc 1 131 12 is_stmt 0 view .LVU133
 394 0044 0020     		movs	r0, #0
 395              	.LVL44:
 396              	.L20:
 132:Middlewares/Third_Party/LoRaWAN/Mac/LoRaMacSerializer.c **** }
 397              		.loc 1 132 1 view .LVU134
 398 0046 10BD     		pop	{r4, pc}
 399              	.LVL45:
 400              	.L21:
 401              	.LCFI7:
 402              		.cfi_def_cfa_offset 0
 403              		.cfi_restore 4
 404              		.cfi_restore 14
 107:Middlewares/Third_Party/LoRaWAN/Mac/LoRaMacSerializer.c ****     }
 405              		.loc 1 107 16 view .LVU135
 406 0048 0120     		movs	r0, #1
 407              	.LVL46:
 408              		.loc 1 132 1 view .LVU136
 409 004a 7047     		bx	lr
 410              	.LVL47:
 411              	.L22:
 412              	.LCFI8:
 413              		.cfi_def_cfa_offset 8
 414              		.cfi_offset 4, -8
 415              		.cfi_offset 14, -4
 107:Middlewares/Third_Party/LoRaWAN/Mac/LoRaMacSerializer.c ****     }
 416              		.loc 1 107 16 view .LVU137
 417 004c 0120     		movs	r0, #1
 418              	.LVL48:
 107:Middlewares/Third_Party/LoRaWAN/Mac/LoRaMacSerializer.c ****     }
 419              		.loc 1 107 16 view .LVU138
 420 004e FAE7     		b	.L20
 421              	.LVL49:
 422              	.L23:
 115:Middlewares/Third_Party/LoRaWAN/Mac/LoRaMacSerializer.c ****     }
 423              		.loc 1 115 16 view .LVU139
 424 0050 0220     		movs	r0, #2
 425              	.LVL50:
 115:Middlewares/Third_Party/LoRaWAN/Mac/LoRaMacSerializer.c ****     }
ARM GAS  /tmp/ccpkG5KH.s 			page 11


 426              		.loc 1 115 16 view .LVU140
 427 0052 F8E7     		b	.L20
 428              		.cfi_endproc
 429              	.LFE106:
 431              		.section	.text.LoRaMacSerializerData,"ax",%progbits
 432              		.align	1
 433              		.global	LoRaMacSerializerData
 434              		.syntax unified
 435              		.thumb
 436              		.thumb_func
 437              		.fpu softvfp
 439              	LoRaMacSerializerData:
 440              	.LVL51:
 441              	.LFB107:
 133:Middlewares/Third_Party/LoRaWAN/Mac/LoRaMacSerializer.c **** 
 134:Middlewares/Third_Party/LoRaWAN/Mac/LoRaMacSerializer.c **** LoRaMacSerializerStatus_t LoRaMacSerializerData( LoRaMacMessageData_t* macMsg )
 135:Middlewares/Third_Party/LoRaWAN/Mac/LoRaMacSerializer.c **** {
 442              		.loc 1 135 1 is_stmt 1 view -0
 443              		.cfi_startproc
 444              		@ args = 0, pretend = 0, frame = 0
 445              		@ frame_needed = 0, uses_anonymous_args = 0
 136:Middlewares/Third_Party/LoRaWAN/Mac/LoRaMacSerializer.c ****     if( ( macMsg == 0 ) || ( macMsg->Buffer == 0 ) )
 446              		.loc 1 136 5 view .LVU142
 447              		.loc 1 136 7 is_stmt 0 view .LVU143
 448 0000 0028     		cmp	r0, #0
 449 0002 66D0     		beq	.L32
 135:Middlewares/Third_Party/LoRaWAN/Mac/LoRaMacSerializer.c ****     if( ( macMsg == 0 ) || ( macMsg->Buffer == 0 ) )
 450              		.loc 1 135 1 discriminator 1 view .LVU144
 451 0004 38B5     		push	{r3, r4, r5, lr}
 452              	.LCFI9:
 453              		.cfi_def_cfa_offset 16
 454              		.cfi_offset 3, -16
 455              		.cfi_offset 4, -12
 456              		.cfi_offset 5, -8
 457              		.cfi_offset 14, -4
 458 0006 0446     		mov	r4, r0
 459              		.loc 1 136 36 discriminator 1 view .LVU145
 460 0008 0168     		ldr	r1, [r0]
 461              		.loc 1 136 25 discriminator 1 view .LVU146
 462 000a 0029     		cmp	r1, #0
 463 000c 63D0     		beq	.L33
 137:Middlewares/Third_Party/LoRaWAN/Mac/LoRaMacSerializer.c ****     {
 138:Middlewares/Third_Party/LoRaWAN/Mac/LoRaMacSerializer.c ****         return LORAMAC_SERIALIZER_ERROR_NPE;
 139:Middlewares/Third_Party/LoRaWAN/Mac/LoRaMacSerializer.c ****     }
 140:Middlewares/Third_Party/LoRaWAN/Mac/LoRaMacSerializer.c **** 
 141:Middlewares/Third_Party/LoRaWAN/Mac/LoRaMacSerializer.c ****     uint16_t bufItr = 0;
 464              		.loc 1 141 5 is_stmt 1 view .LVU147
 465              	.LVL52:
 142:Middlewares/Third_Party/LoRaWAN/Mac/LoRaMacSerializer.c **** 
 143:Middlewares/Third_Party/LoRaWAN/Mac/LoRaMacSerializer.c ****     // Check macMsg->BufSize
 144:Middlewares/Third_Party/LoRaWAN/Mac/LoRaMacSerializer.c ****     uint16_t computedBufSize =   LORAMAC_MHDR_FIELD_SIZE
 466              		.loc 1 144 5 view .LVU148
 145:Middlewares/Third_Party/LoRaWAN/Mac/LoRaMacSerializer.c ****                                + LORAMAC_FHDR_DEV_ADDR_FIELD_SIZE
 146:Middlewares/Third_Party/LoRaWAN/Mac/LoRaMacSerializer.c ****                                + LORAMAC_FHDR_F_CTRL_FIELD_SIZE
 147:Middlewares/Third_Party/LoRaWAN/Mac/LoRaMacSerializer.c ****                                + LORAMAC_FHDR_F_CNT_FIELD_SIZE;
 148:Middlewares/Third_Party/LoRaWAN/Mac/LoRaMacSerializer.c **** 
 149:Middlewares/Third_Party/LoRaWAN/Mac/LoRaMacSerializer.c ****     computedBufSize += macMsg->FHDR.FCtrl.Bits.FOptsLen;
ARM GAS  /tmp/ccpkG5KH.s 			page 12


 467              		.loc 1 149 5 view .LVU149
 468              		.loc 1 149 47 is_stmt 0 view .LVU150
 469 000e 027B     		ldrb	r2, [r0, #12]	@ zero_extendqisi2
 470 0010 02F00F02 		and	r2, r2, #15
 471              		.loc 1 149 21 view .LVU151
 472 0014 02F10800 		add	r0, r2, #8
 473              	.LVL53:
 150:Middlewares/Third_Party/LoRaWAN/Mac/LoRaMacSerializer.c **** 
 151:Middlewares/Third_Party/LoRaWAN/Mac/LoRaMacSerializer.c ****     if( macMsg->FRMPayloadSize > 0 )
 474              		.loc 1 151 5 is_stmt 1 view .LVU152
 475              		.loc 1 151 15 is_stmt 0 view .LVU153
 476 0018 94F82830 		ldrb	r3, [r4, #40]	@ zero_extendqisi2
 477              		.loc 1 151 7 view .LVU154
 478 001c 0BB1     		cbz	r3, .L30
 152:Middlewares/Third_Party/LoRaWAN/Mac/LoRaMacSerializer.c ****     {
 153:Middlewares/Third_Party/LoRaWAN/Mac/LoRaMacSerializer.c ****         computedBufSize += LORAMAC_F_PORT_FIELD_SIZE;
 479              		.loc 1 153 9 is_stmt 1 view .LVU155
 480              		.loc 1 153 25 is_stmt 0 view .LVU156
 481 001e 02F10900 		add	r0, r2, #9
 482              	.LVL54:
 483              	.L30:
 154:Middlewares/Third_Party/LoRaWAN/Mac/LoRaMacSerializer.c ****     }
 155:Middlewares/Third_Party/LoRaWAN/Mac/LoRaMacSerializer.c **** 
 156:Middlewares/Third_Party/LoRaWAN/Mac/LoRaMacSerializer.c ****     computedBufSize += macMsg->FRMPayloadSize;
 484              		.loc 1 156 5 is_stmt 1 view .LVU157
 485              		.loc 1 156 21 is_stmt 0 view .LVU158
 486 0022 0344     		add	r3, r3, r0
 487              	.LVL55:
 157:Middlewares/Third_Party/LoRaWAN/Mac/LoRaMacSerializer.c ****     computedBufSize += LORAMAC_MIC_FIELD_SIZE;
 488              		.loc 1 157 5 is_stmt 1 view .LVU159
 489              		.loc 1 157 21 is_stmt 0 view .LVU160
 490 0024 0433     		adds	r3, r3, #4
 491              	.LVL56:
 492              		.loc 1 157 21 view .LVU161
 493 0026 9BB2     		uxth	r3, r3
 494              	.LVL57:
 158:Middlewares/Third_Party/LoRaWAN/Mac/LoRaMacSerializer.c **** 
 159:Middlewares/Third_Party/LoRaWAN/Mac/LoRaMacSerializer.c ****     if( macMsg->BufSize < computedBufSize )
 495              		.loc 1 159 5 is_stmt 1 view .LVU162
 496              		.loc 1 159 15 is_stmt 0 view .LVU163
 497 0028 2279     		ldrb	r2, [r4, #4]	@ zero_extendqisi2
 498              		.loc 1 159 7 view .LVU164
 499 002a 9A42     		cmp	r2, r3
 500 002c 55D3     		bcc	.L34
 160:Middlewares/Third_Party/LoRaWAN/Mac/LoRaMacSerializer.c ****     {
 161:Middlewares/Third_Party/LoRaWAN/Mac/LoRaMacSerializer.c ****         return LORAMAC_SERIALIZER_ERROR_BUF_SIZE;
 162:Middlewares/Third_Party/LoRaWAN/Mac/LoRaMacSerializer.c ****     }
 163:Middlewares/Third_Party/LoRaWAN/Mac/LoRaMacSerializer.c **** 
 164:Middlewares/Third_Party/LoRaWAN/Mac/LoRaMacSerializer.c ****     macMsg->Buffer[bufItr++] = macMsg->MHDR.Value;
 501              		.loc 1 164 5 is_stmt 1 view .LVU165
 502              	.LVL58:
 503              		.loc 1 164 44 is_stmt 0 view .LVU166
 504 002e 6379     		ldrb	r3, [r4, #5]	@ zero_extendqisi2
 505              	.LVL59:
 506              		.loc 1 164 30 view .LVU167
 507 0030 0B70     		strb	r3, [r1]
 508              	.LVL60:
ARM GAS  /tmp/ccpkG5KH.s 			page 13


 165:Middlewares/Third_Party/LoRaWAN/Mac/LoRaMacSerializer.c **** 
 166:Middlewares/Third_Party/LoRaWAN/Mac/LoRaMacSerializer.c ****     macMsg->Buffer[bufItr++] = ( macMsg->FHDR.DevAddr ) & 0xFF;
 509              		.loc 1 166 5 is_stmt 1 view .LVU168
 510              		.loc 1 166 46 is_stmt 0 view .LVU169
 511 0032 A268     		ldr	r2, [r4, #8]
 512              		.loc 1 166 11 view .LVU170
 513 0034 2368     		ldr	r3, [r4]
 514              	.LVL61:
 515              		.loc 1 166 30 view .LVU171
 516 0036 5A70     		strb	r2, [r3, #1]
 167:Middlewares/Third_Party/LoRaWAN/Mac/LoRaMacSerializer.c ****     macMsg->Buffer[bufItr++] = ( macMsg->FHDR.DevAddr >> 8 ) & 0xFF;
 517              		.loc 1 167 5 is_stmt 1 view .LVU172
 518              		.loc 1 167 46 is_stmt 0 view .LVU173
 519 0038 A368     		ldr	r3, [r4, #8]
 520              		.loc 1 167 55 view .LVU174
 521 003a 1B0A     		lsrs	r3, r3, #8
 522              		.loc 1 167 11 view .LVU175
 523 003c 2268     		ldr	r2, [r4]
 524              	.LVL62:
 525              		.loc 1 167 30 view .LVU176
 526 003e 9370     		strb	r3, [r2, #2]
 168:Middlewares/Third_Party/LoRaWAN/Mac/LoRaMacSerializer.c ****     macMsg->Buffer[bufItr++] = ( macMsg->FHDR.DevAddr >> 16 ) & 0xFF;
 527              		.loc 1 168 5 is_stmt 1 view .LVU177
 528              		.loc 1 168 55 is_stmt 0 view .LVU178
 529 0040 6289     		ldrh	r2, [r4, #10]
 530              		.loc 1 168 11 view .LVU179
 531 0042 2368     		ldr	r3, [r4]
 532              	.LVL63:
 533              		.loc 1 168 30 view .LVU180
 534 0044 DA70     		strb	r2, [r3, #3]
 169:Middlewares/Third_Party/LoRaWAN/Mac/LoRaMacSerializer.c ****     macMsg->Buffer[bufItr++] = ( macMsg->FHDR.DevAddr >> 24 ) & 0xFF;
 535              		.loc 1 169 5 is_stmt 1 view .LVU181
 536              		.loc 1 169 55 is_stmt 0 view .LVU182
 537 0046 E27A     		ldrb	r2, [r4, #11]	@ zero_extendqisi2
 538              		.loc 1 169 11 view .LVU183
 539 0048 2368     		ldr	r3, [r4]
 540              	.LVL64:
 541              		.loc 1 169 30 view .LVU184
 542 004a 1A71     		strb	r2, [r3, #4]
 170:Middlewares/Third_Party/LoRaWAN/Mac/LoRaMacSerializer.c **** 
 171:Middlewares/Third_Party/LoRaWAN/Mac/LoRaMacSerializer.c ****     macMsg->Buffer[bufItr++] = macMsg->FHDR.FCtrl.Value;
 543              		.loc 1 171 5 is_stmt 1 view .LVU185
 544              		.loc 1 171 11 is_stmt 0 view .LVU186
 545 004c 2368     		ldr	r3, [r4]
 546              	.LVL65:
 547              		.loc 1 171 50 view .LVU187
 548 004e 227B     		ldrb	r2, [r4, #12]	@ zero_extendqisi2
 549              		.loc 1 171 30 view .LVU188
 550 0050 5A71     		strb	r2, [r3, #5]
 172:Middlewares/Third_Party/LoRaWAN/Mac/LoRaMacSerializer.c **** 
 173:Middlewares/Third_Party/LoRaWAN/Mac/LoRaMacSerializer.c ****     macMsg->Buffer[bufItr++] = macMsg->FHDR.FCnt & 0xFF;
 551              		.loc 1 173 5 is_stmt 1 view .LVU189
 552              		.loc 1 173 44 is_stmt 0 view .LVU190
 553 0052 E289     		ldrh	r2, [r4, #14]
 554              		.loc 1 173 11 view .LVU191
 555 0054 2368     		ldr	r3, [r4]
 556              	.LVL66:
ARM GAS  /tmp/ccpkG5KH.s 			page 14


 557              		.loc 1 173 30 view .LVU192
 558 0056 9A71     		strb	r2, [r3, #6]
 174:Middlewares/Third_Party/LoRaWAN/Mac/LoRaMacSerializer.c ****     macMsg->Buffer[bufItr++] = ( macMsg->FHDR.FCnt >> 8 ) & 0xFF;
 559              		.loc 1 174 5 is_stmt 1 view .LVU193
 560              		.loc 1 174 46 is_stmt 0 view .LVU194
 561 0058 E389     		ldrh	r3, [r4, #14]
 562              		.loc 1 174 11 view .LVU195
 563 005a 2268     		ldr	r2, [r4]
 564              	.LVL67:
 565              		.loc 1 174 30 view .LVU196
 566 005c 1B0A     		lsrs	r3, r3, #8
 567 005e D371     		strb	r3, [r2, #7]
 175:Middlewares/Third_Party/LoRaWAN/Mac/LoRaMacSerializer.c **** 
 176:Middlewares/Third_Party/LoRaWAN/Mac/LoRaMacSerializer.c ****     memcpy1( &macMsg->Buffer[bufItr], macMsg->FHDR.FOpts, macMsg->FHDR.FCtrl.Bits.FOptsLen );
 568              		.loc 1 176 5 is_stmt 1 view .LVU197
 569              		.loc 1 176 21 is_stmt 0 view .LVU198
 570 0060 2146     		mov	r1, r4
 571 0062 51F8100B 		ldr	r0, [r1], #16
 572              		.loc 1 176 82 view .LVU199
 573 0066 227B     		ldrb	r2, [r4, #12]	@ zero_extendqisi2
 574              		.loc 1 176 5 view .LVU200
 575 0068 02F00F02 		and	r2, r2, #15
 576 006c 0830     		adds	r0, r0, #8
 577 006e FFF7FEFF 		bl	memcpy1
 578              	.LVL68:
 177:Middlewares/Third_Party/LoRaWAN/Mac/LoRaMacSerializer.c ****     bufItr = bufItr + macMsg->FHDR.FCtrl.Bits.FOptsLen;
 579              		.loc 1 177 5 is_stmt 1 view .LVU201
 580              		.loc 1 177 46 is_stmt 0 view .LVU202
 581 0072 237B     		ldrb	r3, [r4, #12]	@ zero_extendqisi2
 582 0074 03F00F03 		and	r3, r3, #15
 583              		.loc 1 177 12 view .LVU203
 584 0078 03F10805 		add	r5, r3, #8
 585              	.LVL69:
 178:Middlewares/Third_Party/LoRaWAN/Mac/LoRaMacSerializer.c **** 
 179:Middlewares/Third_Party/LoRaWAN/Mac/LoRaMacSerializer.c ****     if( macMsg->FRMPayloadSize > 0 )
 586              		.loc 1 179 5 is_stmt 1 view .LVU204
 587              		.loc 1 179 15 is_stmt 0 view .LVU205
 588 007c 94F82820 		ldrb	r2, [r4, #40]	@ zero_extendqisi2
 589              		.loc 1 179 7 view .LVU206
 590 0080 2AB1     		cbz	r2, .L31
 180:Middlewares/Third_Party/LoRaWAN/Mac/LoRaMacSerializer.c ****     {
 181:Middlewares/Third_Party/LoRaWAN/Mac/LoRaMacSerializer.c ****         macMsg->Buffer[bufItr++] = macMsg->FPort;
 591              		.loc 1 181 9 is_stmt 1 view .LVU207
 592              		.loc 1 181 15 is_stmt 0 view .LVU208
 593 0082 2268     		ldr	r2, [r4]
 594              	.LVL70:
 595              		.loc 1 181 42 view .LVU209
 596 0084 94F82010 		ldrb	r1, [r4, #32]	@ zero_extendqisi2
 597              		.loc 1 181 34 view .LVU210
 598 0088 5155     		strb	r1, [r2, r5]
 599              		.loc 1 181 30 view .LVU211
 600 008a 03F10905 		add	r5, r3, #9
 601              	.LVL71:
 602              	.L31:
 182:Middlewares/Third_Party/LoRaWAN/Mac/LoRaMacSerializer.c ****     }
 183:Middlewares/Third_Party/LoRaWAN/Mac/LoRaMacSerializer.c **** 
 184:Middlewares/Third_Party/LoRaWAN/Mac/LoRaMacSerializer.c ****     memcpy1( &macMsg->Buffer[bufItr], macMsg->FRMPayload, macMsg->FRMPayloadSize );
ARM GAS  /tmp/ccpkG5KH.s 			page 15


 603              		.loc 1 184 5 is_stmt 1 view .LVU212
 604              		.loc 1 184 21 is_stmt 0 view .LVU213
 605 008e 2068     		ldr	r0, [r4]
 606              		.loc 1 184 5 view .LVU214
 607 0090 94F82820 		ldrb	r2, [r4, #40]	@ zero_extendqisi2
 608 0094 616A     		ldr	r1, [r4, #36]
 609 0096 2844     		add	r0, r0, r5
 610 0098 FFF7FEFF 		bl	memcpy1
 611              	.LVL72:
 185:Middlewares/Third_Party/LoRaWAN/Mac/LoRaMacSerializer.c ****     bufItr = bufItr + macMsg->FRMPayloadSize;
 612              		.loc 1 185 5 is_stmt 1 view .LVU215
 613              		.loc 1 185 29 is_stmt 0 view .LVU216
 614 009c 94F82830 		ldrb	r3, [r4, #40]	@ zero_extendqisi2
 615              		.loc 1 185 12 view .LVU217
 616 00a0 2B44     		add	r3, r3, r5
 617              	.LVL73:
 186:Middlewares/Third_Party/LoRaWAN/Mac/LoRaMacSerializer.c **** 
 187:Middlewares/Third_Party/LoRaWAN/Mac/LoRaMacSerializer.c ****     macMsg->Buffer[bufItr++] = macMsg->MIC & 0xFF;
 618              		.loc 1 187 5 is_stmt 1 view .LVU218
 619              		.loc 1 187 38 is_stmt 0 view .LVU219
 620 00a2 E06A     		ldr	r0, [r4, #44]
 621              		.loc 1 187 11 view .LVU220
 622 00a4 2168     		ldr	r1, [r4]
 623              		.loc 1 187 26 view .LVU221
 624 00a6 5A1C     		adds	r2, r3, #1
 625 00a8 92B2     		uxth	r2, r2
 626              	.LVL74:
 627              		.loc 1 187 30 view .LVU222
 628 00aa C854     		strb	r0, [r1, r3]
 188:Middlewares/Third_Party/LoRaWAN/Mac/LoRaMacSerializer.c ****     macMsg->Buffer[bufItr++] = ( macMsg->MIC >> 8 ) & 0xFF;
 629              		.loc 1 188 5 is_stmt 1 view .LVU223
 630              		.loc 1 188 40 is_stmt 0 view .LVU224
 631 00ac E16A     		ldr	r1, [r4, #44]
 632              		.loc 1 188 46 view .LVU225
 633 00ae 080A     		lsrs	r0, r1, #8
 634              		.loc 1 188 11 view .LVU226
 635 00b0 2568     		ldr	r5, [r4]
 636              		.loc 1 188 26 view .LVU227
 637 00b2 991C     		adds	r1, r3, #2
 638 00b4 89B2     		uxth	r1, r1
 639              	.LVL75:
 640              		.loc 1 188 30 view .LVU228
 641 00b6 A854     		strb	r0, [r5, r2]
 189:Middlewares/Third_Party/LoRaWAN/Mac/LoRaMacSerializer.c ****     macMsg->Buffer[bufItr++] = ( macMsg->MIC >> 16 ) & 0xFF;
 642              		.loc 1 189 5 is_stmt 1 view .LVU229
 643              		.loc 1 189 46 is_stmt 0 view .LVU230
 644 00b8 E58D     		ldrh	r5, [r4, #46]
 645              		.loc 1 189 11 view .LVU231
 646 00ba 2068     		ldr	r0, [r4]
 647              		.loc 1 189 26 view .LVU232
 648 00bc DA1C     		adds	r2, r3, #3
 649 00be 92B2     		uxth	r2, r2
 650              	.LVL76:
 651              		.loc 1 189 30 view .LVU233
 652 00c0 4554     		strb	r5, [r0, r1]
 190:Middlewares/Third_Party/LoRaWAN/Mac/LoRaMacSerializer.c ****     macMsg->Buffer[bufItr++] = ( macMsg->MIC >> 24 ) & 0xFF;
 653              		.loc 1 190 5 is_stmt 1 view .LVU234
ARM GAS  /tmp/ccpkG5KH.s 			page 16


 654              		.loc 1 190 46 is_stmt 0 view .LVU235
 655 00c2 94F82F00 		ldrb	r0, [r4, #47]	@ zero_extendqisi2
 656              		.loc 1 190 11 view .LVU236
 657 00c6 2168     		ldr	r1, [r4]
 658              		.loc 1 190 26 view .LVU237
 659 00c8 0433     		adds	r3, r3, #4
 660              	.LVL77:
 661              		.loc 1 190 30 view .LVU238
 662 00ca 8854     		strb	r0, [r1, r2]
 191:Middlewares/Third_Party/LoRaWAN/Mac/LoRaMacSerializer.c **** 
 192:Middlewares/Third_Party/LoRaWAN/Mac/LoRaMacSerializer.c ****     macMsg->BufSize = bufItr;
 663              		.loc 1 192 5 is_stmt 1 view .LVU239
 664              		.loc 1 192 21 is_stmt 0 view .LVU240
 665 00cc 2371     		strb	r3, [r4, #4]
 193:Middlewares/Third_Party/LoRaWAN/Mac/LoRaMacSerializer.c **** 
 194:Middlewares/Third_Party/LoRaWAN/Mac/LoRaMacSerializer.c ****     return LORAMAC_SERIALIZER_SUCCESS;
 666              		.loc 1 194 5 is_stmt 1 view .LVU241
 667              		.loc 1 194 12 is_stmt 0 view .LVU242
 668 00ce 0020     		movs	r0, #0
 669              	.LVL78:
 670              	.L29:
 195:Middlewares/Third_Party/LoRaWAN/Mac/LoRaMacSerializer.c **** }
 671              		.loc 1 195 1 view .LVU243
 672 00d0 38BD     		pop	{r3, r4, r5, pc}
 673              	.LVL79:
 674              	.L32:
 675              	.LCFI10:
 676              		.cfi_def_cfa_offset 0
 677              		.cfi_restore 3
 678              		.cfi_restore 4
 679              		.cfi_restore 5
 680              		.cfi_restore 14
 138:Middlewares/Third_Party/LoRaWAN/Mac/LoRaMacSerializer.c ****     }
 681              		.loc 1 138 16 view .LVU244
 682 00d2 0120     		movs	r0, #1
 683              	.LVL80:
 684              		.loc 1 195 1 view .LVU245
 685 00d4 7047     		bx	lr
 686              	.LVL81:
 687              	.L33:
 688              	.LCFI11:
 689              		.cfi_def_cfa_offset 16
 690              		.cfi_offset 3, -16
 691              		.cfi_offset 4, -12
 692              		.cfi_offset 5, -8
 693              		.cfi_offset 14, -4
 138:Middlewares/Third_Party/LoRaWAN/Mac/LoRaMacSerializer.c ****     }
 694              		.loc 1 138 16 view .LVU246
 695 00d6 0120     		movs	r0, #1
 696              	.LVL82:
 138:Middlewares/Third_Party/LoRaWAN/Mac/LoRaMacSerializer.c ****     }
 697              		.loc 1 138 16 view .LVU247
 698 00d8 FAE7     		b	.L29
 699              	.LVL83:
 700              	.L34:
 161:Middlewares/Third_Party/LoRaWAN/Mac/LoRaMacSerializer.c ****     }
 701              		.loc 1 161 16 view .LVU248
ARM GAS  /tmp/ccpkG5KH.s 			page 17


 702 00da 0220     		movs	r0, #2
 703 00dc F8E7     		b	.L29
 704              		.cfi_endproc
 705              	.LFE107:
 707              		.text
 708              	.Letext0:
 709              		.file 2 "/home/eatkinso/Downloads/gcc-arm-none-eabi-10.3-2021.07/gcc-arm-none-eabi-10.3-2021.07/ar
 710              		.file 3 "/home/eatkinso/Downloads/gcc-arm-none-eabi-10.3-2021.07/gcc-arm-none-eabi-10.3-2021.07/ar
 711              		.file 4 "Middlewares/Third_Party/LoRaWAN/Mac/LoRaMacHeaderTypes.h"
 712              		.file 5 "Middlewares/Third_Party/LoRaWAN/Mac/LoRaMacMessageTypes.h"
 713              		.file 6 "Middlewares/Third_Party/LoRaWAN/Mac/LoRaMacSerializer.h"
 714              		.file 7 "Middlewares/Third_Party/LoRaWAN/Utilities/utilities.h"
ARM GAS  /tmp/ccpkG5KH.s 			page 18


DEFINED SYMBOLS
                            *ABS*:0000000000000000 LoRaMacSerializer.c
     /tmp/ccpkG5KH.s:16     .text.LoRaMacSerializerJoinRequest:0000000000000000 $t
     /tmp/ccpkG5KH.s:24     .text.LoRaMacSerializerJoinRequest:0000000000000000 LoRaMacSerializerJoinRequest
     /tmp/ccpkG5KH.s:176    .text.LoRaMacSerializerReJoinType1:0000000000000000 $t
     /tmp/ccpkG5KH.s:183    .text.LoRaMacSerializerReJoinType1:0000000000000000 LoRaMacSerializerReJoinType1
     /tmp/ccpkG5KH.s:304    .text.LoRaMacSerializerReJoinType0or2:0000000000000000 $t
     /tmp/ccpkG5KH.s:311    .text.LoRaMacSerializerReJoinType0or2:0000000000000000 LoRaMacSerializerReJoinType0or2
     /tmp/ccpkG5KH.s:432    .text.LoRaMacSerializerData:0000000000000000 $t
     /tmp/ccpkG5KH.s:439    .text.LoRaMacSerializerData:0000000000000000 LoRaMacSerializerData

UNDEFINED SYMBOLS
memcpyr
memcpy1
