\BOOKMARK [1][-]{section.1}{\376\377\000I\000n\000t\000r\000o\000d\000u\000c\000t\000i\000o\000n}{}% 1
\BOOKMARK [2][-]{subsection.1.1}{\376\377\000P\000r\000o\000b\000l\000e\000m}{section.1}% 2
\BOOKMARK [2][-]{subsection.1.2}{\376\377\000S\000o\000l\000u\000t\000i\000o\000n\000\040\000O\000v\000e\000r\000v\000i\000e\000w}{section.1}% 3
\BOOKMARK [2][-]{subsection.1.3}{\376\377\000H\000i\000g\000h\000-\000L\000e\000v\000e\000l\000\040\000R\000e\000q\000u\000i\000r\000e\000m\000e\000n\000t\000s}{section.1}% 4
\BOOKMARK [1][-]{section.2}{\376\377\000D\000e\000s\000i\000g\000n}{}% 5
\BOOKMARK [2][-]{subsection.2.1}{\376\377\000C\000o\000n\000c\000e\000p\000t\000u\000a\000l\000\040\000V\000i\000s\000u\000a\000l\000\040\000A\000i\000d}{section.2}% 6
\BOOKMARK [2][-]{subsection.2.2}{\376\377\000O\000v\000e\000r\000a\000l\000l\000\040\000S\000y\000s\000t\000e\000m\000\040\000B\000l\000o\000c\000k\000\040\000D\000i\000a\000g\000r\000a\000m}{section.2}% 7
\BOOKMARK [2][-]{subsection.2.3}{\376\377\000P\000h\000y\000s\000i\000c\000a\000l\000\040\000D\000e\000s\000i\000g\000n}{section.2}% 8
\BOOKMARK [2][-]{subsection.2.4}{\376\377\000S\000u\000b\000s\000y\000s\000t\000e\000m\000\040\000D\000e\000s\000i\000g\000n\000s}{section.2}% 9
\BOOKMARK [3][-]{subsubsection.2.4.1}{\376\377\000O\000n\000-\000B\000i\000k\000e\000\040\000C\000o\000n\000t\000r\000o\000l\000\040\000S\000y\000s\000t\000e\000m}{subsection.2.4}% 10
\BOOKMARK [3][-]{subsubsection.2.4.2}{\376\377\000L\000o\000R\000a\000\040\000S\000u\000b\000s\000y\000s\000t\000e\000m}{subsection.2.4}% 11
\BOOKMARK [3][-]{subsubsection.2.4.3}{\376\377\000G\000P\000S\000\040\000M\000o\000d\000u\000l\000e}{subsection.2.4}% 12
\BOOKMARK [3][-]{subsubsection.2.4.4}{\376\377\000R\000F\000I\000D\000\040\000S\000u\000b\000s\000y\000s\000t\000e\000m}{subsection.2.4}% 13
\BOOKMARK [3][-]{subsubsection.2.4.5}{\376\377\000P\000o\000w\000e\000r\000\040\000S\000u\000b\000s\000y\000s\000t\000e\000m}{subsection.2.4}% 14
\BOOKMARK [3][-]{subsubsection.2.4.6}{\376\377\000A\000l\000a\000r\000m\000\040\000S\000u\000b\000s\000y\000s\000t\000e\000m}{subsection.2.4}% 15
\BOOKMARK [3][-]{subsubsection.2.4.7}{\376\377\000B\000a\000s\000e\000\040\000S\000t\000a\000t\000i\000o\000n\000\040\000S\000u\000b\000s\000y\000s\000t\000e\000m}{subsection.2.4}% 16
\BOOKMARK [2][-]{subsection.2.5}{\376\377\000T\000o\000l\000e\000r\000a\000n\000c\000e\000\040\000A\000n\000a\000l\000y\000s\000i\000s}{section.2}% 17
\BOOKMARK [1][-]{section.3}{\376\377\000C\000o\000s\000t\000\040\000a\000n\000d\000\040\000S\000c\000h\000e\000d\000u\000l\000e}{}% 18
\BOOKMARK [2][-]{subsection.3.1}{\376\377\000C\000o\000s\000t\000\040\000A\000n\000a\000l\000y\000s\000i\000s}{section.3}% 19
\BOOKMARK [3][-]{subsubsection.3.1.1}{\376\377\000M\000a\000t\000e\000r\000i\000a\000l\000s}{subsection.3.1}% 20
\BOOKMARK [3][-]{subsubsection.3.1.2}{\376\377\000L\000a\000b\000o\000r}{subsection.3.1}% 21
\BOOKMARK [1][-]{section.4}{\376\377\000E\000t\000h\000i\000c\000s\000\040\000a\000n\000d\000\040\000S\000a\000f\000e\000t\000y}{}% 22
\BOOKMARK [2][-]{subsection.4.1}{\376\377\000C\000a\000l\000e\000n\000d\000a\000r}{section.4}% 23
\BOOKMARK [1][-]{section.5}{\376\377\000A\000p\000p\000e\000n\000d\000i\000x\000\040\000A\000:\000\040\000D\000e\000r\000i\000v\000a\000t\000i\000o\000n\000\040\000o\000f\000\040\000P\000o\000w\000e\000r\000\040\000B\000u\000d\000g\000e\000t\000\040\000C\000a\000l\000c\000u\000l\000a\000t\000i\000o\000n\000\040\000S\000h\000o\000r\000t\000c\000u\000t}{}% 24
