ARM GAS  /tmp/ccxVT2ko.s 			page 1


   1              		.cpu cortex-m4
   2              		.eabi_attribute 20, 1
   3              		.eabi_attribute 21, 1
   4              		.eabi_attribute 23, 3
   5              		.eabi_attribute 24, 1
   6              		.eabi_attribute 25, 1
   7              		.eabi_attribute 26, 1
   8              		.eabi_attribute 30, 1
   9              		.eabi_attribute 34, 1
  10              		.eabi_attribute 18, 4
  11              		.file	"app_subghz_phy.c"
  12              		.text
  13              	.Ltext0:
  14              		.cfi_sections	.debug_frame
  15              		.section	.text.MX_SubGHz_Phy_Init,"ax",%progbits
  16              		.align	1
  17              		.global	MX_SubGHz_Phy_Init
  18              		.arch armv7e-m
  19              		.syntax unified
  20              		.thumb
  21              		.thumb_func
  22              		.fpu softvfp
  24              	MX_SubGHz_Phy_Init:
  25              	.LFB0:
  26              		.file 1 "SubGHz_Phy/App/app_subghz_phy.c"
   1:SubGHz_Phy/App/app_subghz_phy.c **** /* USER CODE BEGIN Header */
   2:SubGHz_Phy/App/app_subghz_phy.c **** /**
   3:SubGHz_Phy/App/app_subghz_phy.c ****   ******************************************************************************
   4:SubGHz_Phy/App/app_subghz_phy.c ****   * @file    app_subghz_phy.c
   5:SubGHz_Phy/App/app_subghz_phy.c ****   * @author  MCD Application Team
   6:SubGHz_Phy/App/app_subghz_phy.c ****   * @brief   Application of the SubGHz_Phy Middleware
   7:SubGHz_Phy/App/app_subghz_phy.c ****   ******************************************************************************
   8:SubGHz_Phy/App/app_subghz_phy.c ****   * @attention
   9:SubGHz_Phy/App/app_subghz_phy.c ****   *
  10:SubGHz_Phy/App/app_subghz_phy.c ****   * Copyright (c) 2022 STMicroelectronics.
  11:SubGHz_Phy/App/app_subghz_phy.c ****   * All rights reserved.
  12:SubGHz_Phy/App/app_subghz_phy.c ****   *
  13:SubGHz_Phy/App/app_subghz_phy.c ****   * This software is licensed under terms that can be found in the LICENSE file
  14:SubGHz_Phy/App/app_subghz_phy.c ****   * in the root directory of this software component.
  15:SubGHz_Phy/App/app_subghz_phy.c ****   * If no LICENSE file comes with this software, it is provided AS-IS.
  16:SubGHz_Phy/App/app_subghz_phy.c ****   *
  17:SubGHz_Phy/App/app_subghz_phy.c ****   ******************************************************************************
  18:SubGHz_Phy/App/app_subghz_phy.c ****   */
  19:SubGHz_Phy/App/app_subghz_phy.c **** /* USER CODE END Header */
  20:SubGHz_Phy/App/app_subghz_phy.c **** 
  21:SubGHz_Phy/App/app_subghz_phy.c **** /* Includes ------------------------------------------------------------------*/
  22:SubGHz_Phy/App/app_subghz_phy.c **** #include "app_subghz_phy.h"
  23:SubGHz_Phy/App/app_subghz_phy.c **** #include "subghz_phy_app.h"
  24:SubGHz_Phy/App/app_subghz_phy.c **** #include "sys_app.h"
  25:SubGHz_Phy/App/app_subghz_phy.c **** #include "stm32_seq.h"
  26:SubGHz_Phy/App/app_subghz_phy.c **** 
  27:SubGHz_Phy/App/app_subghz_phy.c **** /* USER CODE BEGIN Includes */
  28:SubGHz_Phy/App/app_subghz_phy.c **** 
  29:SubGHz_Phy/App/app_subghz_phy.c **** /* USER CODE END Includes */
  30:SubGHz_Phy/App/app_subghz_phy.c **** 
  31:SubGHz_Phy/App/app_subghz_phy.c **** /* External variables ---------------------------------------------------------*/
  32:SubGHz_Phy/App/app_subghz_phy.c **** /* USER CODE BEGIN EV */
ARM GAS  /tmp/ccxVT2ko.s 			page 2


  33:SubGHz_Phy/App/app_subghz_phy.c **** 
  34:SubGHz_Phy/App/app_subghz_phy.c **** /* USER CODE END EV */
  35:SubGHz_Phy/App/app_subghz_phy.c **** 
  36:SubGHz_Phy/App/app_subghz_phy.c **** /* Private typedef -----------------------------------------------------------*/
  37:SubGHz_Phy/App/app_subghz_phy.c **** /* USER CODE BEGIN PTD */
  38:SubGHz_Phy/App/app_subghz_phy.c **** 
  39:SubGHz_Phy/App/app_subghz_phy.c **** /* USER CODE END PTD */
  40:SubGHz_Phy/App/app_subghz_phy.c **** 
  41:SubGHz_Phy/App/app_subghz_phy.c **** /* Private define ------------------------------------------------------------*/
  42:SubGHz_Phy/App/app_subghz_phy.c **** /* USER CODE BEGIN PD */
  43:SubGHz_Phy/App/app_subghz_phy.c **** 
  44:SubGHz_Phy/App/app_subghz_phy.c **** /* USER CODE END PD */
  45:SubGHz_Phy/App/app_subghz_phy.c **** 
  46:SubGHz_Phy/App/app_subghz_phy.c **** /* Private macro -------------------------------------------------------------*/
  47:SubGHz_Phy/App/app_subghz_phy.c **** /* USER CODE BEGIN PM */
  48:SubGHz_Phy/App/app_subghz_phy.c **** 
  49:SubGHz_Phy/App/app_subghz_phy.c **** /* USER CODE END PM */
  50:SubGHz_Phy/App/app_subghz_phy.c **** 
  51:SubGHz_Phy/App/app_subghz_phy.c **** /* Private variables ---------------------------------------------------------*/
  52:SubGHz_Phy/App/app_subghz_phy.c **** /* USER CODE BEGIN PV */
  53:SubGHz_Phy/App/app_subghz_phy.c **** 
  54:SubGHz_Phy/App/app_subghz_phy.c **** /* USER CODE END PV */
  55:SubGHz_Phy/App/app_subghz_phy.c **** 
  56:SubGHz_Phy/App/app_subghz_phy.c **** /* Private function prototypes -----------------------------------------------*/
  57:SubGHz_Phy/App/app_subghz_phy.c **** /* USER CODE BEGIN PFP */
  58:SubGHz_Phy/App/app_subghz_phy.c **** 
  59:SubGHz_Phy/App/app_subghz_phy.c **** /* USER CODE END PFP */
  60:SubGHz_Phy/App/app_subghz_phy.c **** 
  61:SubGHz_Phy/App/app_subghz_phy.c **** /* Exported functions --------------------------------------------------------*/
  62:SubGHz_Phy/App/app_subghz_phy.c **** 
  63:SubGHz_Phy/App/app_subghz_phy.c **** void MX_SubGHz_Phy_Init(void)
  64:SubGHz_Phy/App/app_subghz_phy.c **** {
  27              		.loc 1 64 1 view -0
  28              		.cfi_startproc
  29              		@ args = 0, pretend = 0, frame = 0
  30              		@ frame_needed = 0, uses_anonymous_args = 0
  31 0000 08B5     		push	{r3, lr}
  32              	.LCFI0:
  33              		.cfi_def_cfa_offset 8
  34              		.cfi_offset 3, -8
  35              		.cfi_offset 14, -4
  65:SubGHz_Phy/App/app_subghz_phy.c ****   /* USER CODE BEGIN MX_SubGHz_Phy_Init_1 */
  66:SubGHz_Phy/App/app_subghz_phy.c **** 
  67:SubGHz_Phy/App/app_subghz_phy.c ****   /* USER CODE END MX_SubGHz_Phy_Init_1 */
  68:SubGHz_Phy/App/app_subghz_phy.c ****   SystemApp_Init();
  36              		.loc 1 68 3 view .LVU1
  37 0002 FFF7FEFF 		bl	SystemApp_Init
  38              	.LVL0:
  69:SubGHz_Phy/App/app_subghz_phy.c ****   /* USER CODE BEGIN MX_SubGHz_Phy_Init_1_1 */
  70:SubGHz_Phy/App/app_subghz_phy.c **** 
  71:SubGHz_Phy/App/app_subghz_phy.c ****   /* USER CODE END MX_SubGHz_Phy_Init_1_1 */
  72:SubGHz_Phy/App/app_subghz_phy.c ****   SubghzApp_Init();
  39              		.loc 1 72 3 view .LVU2
  40 0006 FFF7FEFF 		bl	SubghzApp_Init
  41              	.LVL1:
  73:SubGHz_Phy/App/app_subghz_phy.c ****   /* USER CODE BEGIN MX_SubGHz_Phy_Init_2 */
  74:SubGHz_Phy/App/app_subghz_phy.c **** 
ARM GAS  /tmp/ccxVT2ko.s 			page 3


  75:SubGHz_Phy/App/app_subghz_phy.c ****   /* USER CODE END MX_SubGHz_Phy_Init_2 */
  76:SubGHz_Phy/App/app_subghz_phy.c **** }
  42              		.loc 1 76 1 is_stmt 0 view .LVU3
  43 000a 08BD     		pop	{r3, pc}
  44              		.cfi_endproc
  45              	.LFE0:
  47              		.section	.text.MX_SubGHz_Phy_Process,"ax",%progbits
  48              		.align	1
  49              		.global	MX_SubGHz_Phy_Process
  50              		.syntax unified
  51              		.thumb
  52              		.thumb_func
  53              		.fpu softvfp
  55              	MX_SubGHz_Phy_Process:
  56              	.LFB1:
  77:SubGHz_Phy/App/app_subghz_phy.c **** 
  78:SubGHz_Phy/App/app_subghz_phy.c **** void MX_SubGHz_Phy_Process(void)
  79:SubGHz_Phy/App/app_subghz_phy.c **** {
  57              		.loc 1 79 1 is_stmt 1 view -0
  58              		.cfi_startproc
  59              		@ args = 0, pretend = 0, frame = 0
  60              		@ frame_needed = 0, uses_anonymous_args = 0
  61              		@ link register save eliminated.
  80:SubGHz_Phy/App/app_subghz_phy.c ****   /* USER CODE BEGIN MX_SubGHz_Phy_Process_1 */
  81:SubGHz_Phy/App/app_subghz_phy.c **** 
  82:SubGHz_Phy/App/app_subghz_phy.c ****   /* USER CODE END MX_SubGHz_Phy_Process_1 */
  83:SubGHz_Phy/App/app_subghz_phy.c **** }
  62              		.loc 1 83 1 view .LVU5
  63 0000 7047     		bx	lr
  64              		.cfi_endproc
  65              	.LFE1:
  67              		.text
  68              	.Letext0:
  69              		.file 2 "Core/Inc/sys_app.h"
  70              		.file 3 "SubGHz_Phy/App/subghz_phy_app.h"
ARM GAS  /tmp/ccxVT2ko.s 			page 4


DEFINED SYMBOLS
                            *ABS*:0000000000000000 app_subghz_phy.c
     /tmp/ccxVT2ko.s:16     .text.MX_SubGHz_Phy_Init:0000000000000000 $t
     /tmp/ccxVT2ko.s:24     .text.MX_SubGHz_Phy_Init:0000000000000000 MX_SubGHz_Phy_Init
     /tmp/ccxVT2ko.s:48     .text.MX_SubGHz_Phy_Process:0000000000000000 $t
     /tmp/ccxVT2ko.s:55     .text.MX_SubGHz_Phy_Process:0000000000000000 MX_SubGHz_Phy_Process

UNDEFINED SYMBOLS
SystemApp_Init
SubghzApp_Init
